[ 2016-11-21T10:01:48+08:00 ] 127.0.0.1 /
INFO: [ app_init ] --START--
INFO: Run Behavior\BuildLiteBehavior [ RunTime:0.000009s ]
INFO: [ app_init ] --END-- [ RunTime:0.000215s ]
INFO: [ app_begin ] --START--
INFO: Run Behavior\ReadHtmlCacheBehavior [ RunTime:0.000211s ]
INFO: [ app_begin ] --END-- [ RunTime:0.000229s ]
NOTIC: [8] Undefined index: time /Users/tanchangwei/www/Phebe/Application/Home/Controller/BaseController.class.php 第 66 行.
NOTIC: [2] file_put_contents(./access_token.txt): failed to open stream: Permission denied /Users/tanchangwei/www/Phebe/Application/Home/Controller/BaseController.class.php 第 79 行.
NOTIC: [2] Missing argument 2 for httpRequired(), called in /Users/tanchangwei/www/Phebe/Application/Home/Controller/BaseController.class.php on line 50 and defined /Users/tanchangwei/www/Phebe/Application/Common/Common/function.php 第 393 行.
NOTIC: [8] Undefined variable: param /Users/tanchangwei/www/Phebe/Application/Common/Common/function.php 第 402 行.
SQL: SHOW COLUMNS FROM `edu_advert` [ RunTime:0.0152s ]
SQL: SELECT * FROM `edu_advert` WHERE `type` = 1 AND `status` = 1 ORDER BY sort ASC,id DESC LIMIT 0,20   [ RunTime:0.0043s ]
SQL: SELECT * FROM `edu_advert` WHERE `type` = 2 AND `status` = 1 ORDER BY sort ASC,id DESC LIMIT 0,20   [ RunTime:0.0006s ]
INFO: [ view_parse ] --START--
INFO: [ template_filter ] --START--
INFO: Run Behavior\ContentReplaceBehavior [ RunTime:0.000052s ]
INFO: [ template_filter ] --END-- [ RunTime:0.000112s ]
INFO: Run Behavior\ParseTemplateBehavior [ RunTime:0.025099s ]
INFO: [ view_parse ] --END-- [ RunTime:0.025144s ]
INFO: [ view_filter ] --START--
INFO: Run Behavior\WriteHtmlCacheBehavior [ RunTime:0.000142s ]
INFO: [ view_filter ] --END-- [ RunTime:0.000168s ]
INFO: [ app_end ] --START--
INFO: Run Behavior\ShowPageTraceBehavior [ RunTime:0.000442s ]
INFO: [ app_end ] --END-- [ RunTime:0.000471s ]

[ 2016-11-21T10:01:53+08:00 ] 127.0.0.1 /favicon.ico
INFO: [ app_init ] --START--
INFO: Run Behavior\BuildLiteBehavior [ RunTime:0.000009s ]
INFO: [ app_init ] --END-- [ RunTime:0.000228s ]

[ 2016-11-21T10:04:21+08:00 ] 127.0.0.1 /
INFO: [ app_init ] --START--
INFO: Run Behavior\BuildLiteBehavior [ RunTime:0.000010s ]
INFO: [ app_init ] --END-- [ RunTime:0.000217s ]
INFO: [ app_begin ] --START--
INFO: Run Behavior\ReadHtmlCacheBehavior [ RunTime:0.000200s ]
INFO: [ app_begin ] --END-- [ RunTime:0.000219s ]
INFO: [ app_end ] --START--
INFO: Run Behavior\ShowPageTraceBehavior [ RunTime:0.000237s ]
INFO: [ app_end ] --END-- [ RunTime:0.000267s ]

[ 2016-11-21T10:08:40+08:00 ] 127.0.0.1 /
INFO: [ app_init ] --START--
INFO: Run Behavior\BuildLiteBehavior [ RunTime:0.000009s ]
INFO: [ app_init ] --END-- [ RunTime:0.000198s ]
INFO: [ app_begin ] --START--
INFO: Run Behavior\ReadHtmlCacheBehavior [ RunTime:0.000182s ]
INFO: [ app_begin ] --END-- [ RunTime:0.000198s ]
INFO: [ app_end ] --START--
INFO: Run Behavior\ShowPageTraceBehavior [ RunTime:0.000232s ]
INFO: [ app_end ] --END-- [ RunTime:0.000255s ]

[ 2016-11-21T10:08:41+08:00 ] 127.0.0.1 /
INFO: [ app_init ] --START--
INFO: Run Behavior\BuildLiteBehavior [ RunTime:0.000007s ]
INFO: [ app_init ] --END-- [ RunTime:0.000154s ]
INFO: [ app_begin ] --START--
INFO: Run Behavior\ReadHtmlCacheBehavior [ RunTime:0.000208s ]
INFO: [ app_begin ] --END-- [ RunTime:0.000231s ]
INFO: [ app_end ] --START--
INFO: Run Behavior\ShowPageTraceBehavior [ RunTime:0.000232s ]
INFO: [ app_end ] --END-- [ RunTime:0.000257s ]

[ 2016-11-21T10:21:24+08:00 ] 127.0.0.1 /
INFO: [ app_init ] --START--
INFO: Run Behavior\BuildLiteBehavior [ RunTime:0.000008s ]
INFO: [ app_init ] --END-- [ RunTime:0.000232s ]
INFO: [ app_begin ] --START--
INFO: Run Behavior\ReadHtmlCacheBehavior [ RunTime:0.000331s ]
INFO: [ app_begin ] --END-- [ RunTime:0.000369s ]
INFO: [ app_end ] --START--
INFO: Run Behavior\ShowPageTraceBehavior [ RunTime:0.000377s ]
INFO: [ app_end ] --END-- [ RunTime:0.000419s ]

[ 2016-11-21T10:21:29+08:00 ] 127.0.0.1 /
INFO: [ app_init ] --START--
INFO: Run Behavior\BuildLiteBehavior [ RunTime:0.000005s ]
INFO: [ app_init ] --END-- [ RunTime:0.000143s ]
INFO: [ app_begin ] --START--
INFO: Run Behavior\ReadHtmlCacheBehavior [ RunTime:0.000180s ]
INFO: [ app_begin ] --END-- [ RunTime:0.000198s ]
INFO: [ app_end ] --START--
INFO: Run Behavior\ShowPageTraceBehavior [ RunTime:0.000197s ]
INFO: [ app_end ] --END-- [ RunTime:0.000215s ]

[ 2016-11-21T10:58:06+08:00 ] 127.0.0.1 /
INFO: [ app_init ] --START--
INFO: Run Behavior\BuildLiteBehavior [ RunTime:0.000007s ]
INFO: [ app_init ] --END-- [ RunTime:0.000165s ]
INFO: [ app_begin ] --START--
INFO: Run Behavior\ReadHtmlCacheBehavior [ RunTime:0.001419s ]
INFO: [ app_begin ] --END-- [ RunTime:0.001468s ]
NOTIC: [8] Undefined index: time /Users/tanchangwei/www/Phebe/Application/Home/Controller/BaseController.class.php 第 66 行.
NOTIC: [2] file_put_contents(./access_token.txt): failed to open stream: Permission denied /Users/tanchangwei/www/Phebe/Application/Home/Controller/BaseController.class.php 第 79 行.
NOTIC: [2] Missing argument 2 for httpRequired(), called in /Users/tanchangwei/www/Phebe/Application/Home/Controller/BaseController.class.php on line 50 and defined /Users/tanchangwei/www/Phebe/Application/Common/Common/function.php 第 393 行.
NOTIC: [8] Undefined variable: param /Users/tanchangwei/www/Phebe/Application/Common/Common/function.php 第 402 行.
INFO: [ app_end ] --START--
INFO: Run Behavior\ShowPageTraceBehavior [ RunTime:0.000348s ]
INFO: [ app_end ] --END-- [ RunTime:0.000386s ]

[ 2016-11-21T11:02:39+08:00 ] 10.7.24.2 /
INFO: [ app_init ] --START--
INFO: Run Behavior\BuildLiteBehavior [ RunTime:0.000005s ]
INFO: [ app_init ] --END-- [ RunTime:0.000157s ]
INFO: [ app_begin ] --START--
INFO: Run Behavior\ReadHtmlCacheBehavior [ RunTime:0.000195s ]
INFO: [ app_begin ] --END-- [ RunTime:0.000214s ]
NOTIC: [8] Undefined index: time /Users/tanchangwei/www/Phebe/Application/Home/Controller/BaseController.class.php 第 66 行.
NOTIC: [2] file_put_contents(./access_token.txt): failed to open stream: Permission denied /Users/tanchangwei/www/Phebe/Application/Home/Controller/BaseController.class.php 第 79 行.
NOTIC: [2] Missing argument 2 for httpRequired(), called in /Users/tanchangwei/www/Phebe/Application/Home/Controller/BaseController.class.php on line 50 and defined /Users/tanchangwei/www/Phebe/Application/Common/Common/function.php 第 393 行.
NOTIC: [8] Undefined variable: param /Users/tanchangwei/www/Phebe/Application/Common/Common/function.php 第 402 行.
INFO: [ app_end ] --START--
INFO: Run Behavior\ShowPageTraceBehavior [ RunTime:0.000385s ]
INFO: [ app_end ] --END-- [ RunTime:0.000420s ]

[ 2016-11-21T11:03:45+08:00 ] 10.7.24.2 /
INFO: [ app_init ] --START--
INFO: Run Behavior\BuildLiteBehavior [ RunTime:0.000006s ]
INFO: [ app_init ] --END-- [ RunTime:0.000148s ]
INFO: [ app_begin ] --START--
INFO: Run Behavior\ReadHtmlCacheBehavior [ RunTime:0.000186s ]
INFO: [ app_begin ] --END-- [ RunTime:0.000203s ]
NOTIC: [8] Undefined index: time /Users/tanchangwei/www/Phebe/Application/Home/Controller/BaseController.class.php 第 66 行.
NOTIC: [2] file_put_contents(./access_token.txt): failed to open stream: Permission denied /Users/tanchangwei/www/Phebe/Application/Home/Controller/BaseController.class.php 第 79 行.
NOTIC: [2] Missing argument 2 for httpRequired(), called in /Users/tanchangwei/www/Phebe/Application/Home/Controller/BaseController.class.php on line 50 and defined /Users/tanchangwei/www/Phebe/Application/Common/Common/function.php 第 393 行.
NOTIC: [8] Undefined variable: param /Users/tanchangwei/www/Phebe/Application/Common/Common/function.php 第 402 行.
INFO: [ app_end ] --START--
INFO: Run Behavior\ShowPageTraceBehavior [ RunTime:0.000610s ]
INFO: [ app_end ] --END-- [ RunTime:0.000660s ]

[ 2016-11-21T11:03:45+08:00 ] 10.7.24.2 /favicon.ico
INFO: [ app_init ] --START--
INFO: Run Behavior\BuildLiteBehavior [ RunTime:0.000005s ]
INFO: [ app_init ] --END-- [ RunTime:0.000153s ]

[ 2016-11-21T11:03:51+08:00 ] 10.7.24.2 /
INFO: [ app_init ] --START--
INFO: Run Behavior\BuildLiteBehavior [ RunTime:0.000006s ]
INFO: [ app_init ] --END-- [ RunTime:0.000175s ]
INFO: [ app_begin ] --START--
INFO: Run Behavior\ReadHtmlCacheBehavior [ RunTime:0.000215s ]
INFO: [ app_begin ] --END-- [ RunTime:0.000238s ]
INFO: [ app_end ] --START--
INFO: Run Behavior\ShowPageTraceBehavior [ RunTime:0.000215s ]
INFO: [ app_end ] --END-- [ RunTime:0.000234s ]

[ 2016-11-21T11:04:25+08:00 ] 10.7.24.2 /
INFO: [ app_init ] --START--
INFO: Run Behavior\BuildLiteBehavior [ RunTime:0.000009s ]
INFO: [ app_init ] --END-- [ RunTime:0.000283s ]
INFO: [ app_begin ] --START--
INFO: Run Behavior\ReadHtmlCacheBehavior [ RunTime:0.000206s ]
INFO: [ app_begin ] --END-- [ RunTime:0.000227s ]
INFO: [ app_end ] --START--
INFO: Run Behavior\ShowPageTraceBehavior [ RunTime:0.000210s ]
INFO: [ app_end ] --END-- [ RunTime:0.000228s ]

[ 2016-11-21T13:48:20+08:00 ] 127.0.0.1 /favicon.ico
INFO: [ app_init ] --START--
INFO: Run Behavior\BuildLiteBehavior [ RunTime:0.000009s ]
INFO: [ app_init ] --END-- [ RunTime:0.000212s ]

[ 2016-11-21T13:48:20+08:00 ] 127.0.0.1 /
INFO: [ app_init ] --START--
INFO: Run Behavior\BuildLiteBehavior [ RunTime:0.000006s ]
INFO: [ app_init ] --END-- [ RunTime:0.000198s ]
INFO: [ app_begin ] --START--
INFO: Run Behavior\ReadHtmlCacheBehavior [ RunTime:0.000686s ]
INFO: [ app_begin ] --END-- [ RunTime:0.000750s ]
NOTIC: [8] Undefined index: time /Users/tanchangwei/www/Phebe/Application/Home/Controller/BaseController.class.php 第 66 行.
NOTIC: [2] file_put_contents(./access_token.txt): failed to open stream: Permission denied /Users/tanchangwei/www/Phebe/Application/Home/Controller/BaseController.class.php 第 79 行.
NOTIC: [2] Missing argument 2 for httpRequired(), called in /Users/tanchangwei/www/Phebe/Application/Home/Controller/BaseController.class.php on line 50 and defined /Users/tanchangwei/www/Phebe/Application/Common/Common/function.php 第 393 行.
NOTIC: [8] Undefined variable: param /Users/tanchangwei/www/Phebe/Application/Common/Common/function.php 第 402 行.
INFO: [ app_end ] --START--
INFO: Run Behavior\ShowPageTraceBehavior [ RunTime:0.000503s ]
INFO: [ app_end ] --END-- [ RunTime:0.000554s ]

[ 2016-11-21T13:48:20+08:00 ] 127.0.0.1 /
INFO: [ app_init ] --START--
INFO: Run Behavior\BuildLiteBehavior [ RunTime:0.000011s ]
INFO: [ app_init ] --END-- [ RunTime:0.000196s ]
INFO: [ app_begin ] --START--
INFO: Run Behavior\ReadHtmlCacheBehavior [ RunTime:0.000212s ]
INFO: [ app_begin ] --END-- [ RunTime:0.000235s ]
INFO: [ app_end ] --START--
INFO: Run Behavior\ShowPageTraceBehavior [ RunTime:0.000292s ]
INFO: [ app_end ] --END-- [ RunTime:0.000324s ]

[ 2016-11-21T13:48:20+08:00 ] 127.0.0.1 /favicon.ico
INFO: [ app_init ] --START--
INFO: Run Behavior\BuildLiteBehavior [ RunTime:0.000005s ]
INFO: [ app_init ] --END-- [ RunTime:0.000170s ]

[ 2016-11-21T14:01:21+08:00 ] 10.7.24.2 /
INFO: [ app_init ] --START--
INFO: Run Behavior\BuildLiteBehavior [ RunTime:0.000006s ]
INFO: [ app_init ] --END-- [ RunTime:0.000155s ]
INFO: [ app_begin ] --START--
INFO: Run Behavior\ReadHtmlCacheBehavior [ RunTime:0.000195s ]
INFO: [ app_begin ] --END-- [ RunTime:0.000213s ]
NOTIC: [8] Undefined index: time /Users/tanchangwei/www/Phebe/Application/Home/Controller/BaseController.class.php 第 66 行.
NOTIC: [2] file_put_contents(./access_token.txt): failed to open stream: Permission denied /Users/tanchangwei/www/Phebe/Application/Home/Controller/BaseController.class.php 第 79 行.
NOTIC: [2] Missing argument 2 for httpRequired(), called in /Users/tanchangwei/www/Phebe/Application/Home/Controller/BaseController.class.php on line 50 and defined /Users/tanchangwei/www/Phebe/Application/Common/Common/function.php 第 393 行.
NOTIC: [8] Undefined variable: param /Users/tanchangwei/www/Phebe/Application/Common/Common/function.php 第 402 行.
INFO: [ app_end ] --START--
INFO: Run Behavior\ShowPageTraceBehavior [ RunTime:0.000480s ]
INFO: [ app_end ] --END-- [ RunTime:0.000539s ]

[ 2016-11-21T14:54:53+08:00 ] 10.7.24.2 /favicon.ico
INFO: [ app_init ] --START--
INFO: Run Behavior\BuildLiteBehavior [ RunTime:0.000006s ]
INFO: [ app_init ] --END-- [ RunTime:0.000154s ]

[ 2016-11-21T14:56:23+08:00 ] 10.7.24.2 /favicon.ico
INFO: [ app_init ] --START--
INFO: Run Behavior\BuildLiteBehavior [ RunTime:0.000006s ]
INFO: [ app_init ] --END-- [ RunTime:0.000145s ]

[ 2016-11-21T16:53:17+08:00 ] 10.7.24.2 /favicon.ico
INFO: [ app_init ] --START--
INFO: Run Behavior\BuildLiteBehavior [ RunTime:0.000005s ]
INFO: [ app_init ] --END-- [ RunTime:0.000163s ]

[ 2016-11-21T17:41:23+08:00 ] 127.0.0.1 /
INFO: [ app_init ] --START--
INFO: Run Behavior\BuildLiteBehavior [ RunTime:0.000008s ]
INFO: [ app_init ] --END-- [ RunTime:0.000394s ]
INFO: [ app_begin ] --START--
INFO: Run Behavior\ReadHtmlCacheBehavior [ RunTime:0.000455s ]
INFO: [ app_begin ] --END-- [ RunTime:0.000491s ]
NOTIC: [8] Undefined index: time /Users/tanchangwei/www/Phebe/Application/Home/Controller/BaseController.class.php 第 66 行.
NOTIC: [2] file_put_contents(./access_token.txt): failed to open stream: Permission denied /Users/tanchangwei/www/Phebe/Application/Home/Controller/BaseController.class.php 第 79 行.
NOTIC: [2] Missing argument 2 for httpRequired(), called in /Users/tanchangwei/www/Phebe/Application/Home/Controller/BaseController.class.php on line 50 and defined /Users/tanchangwei/www/Phebe/Application/Common/Common/function.php 第 393 行.
NOTIC: [8] Undefined variable: param /Users/tanchangwei/www/Phebe/Application/Common/Common/function.php 第 402 行.
INFO: [ app_end ] --START--
INFO: Run Behavior\ShowPageTraceBehavior [ RunTime:0.001646s ]
INFO: [ app_end ] --END-- [ RunTime:0.001702s ]

[ 2016-11-21T17:43:14+08:00 ] 127.0.0.1 /Static/data/uploads/qrcode/obvQHwlF3Sh1CE0VclnLZO6pC0w0_qrcode.jpg
INFO: [ app_init ] --START--
INFO: Run Behavior\BuildLiteBehavior [ RunTime:0.000008s ]
INFO: [ app_init ] --END-- [ RunTime:0.000190s ]

[ 2016-11-21T17:43:14+08:00 ] 127.0.0.1 /Static/data/uploads/qrcode/obvQHwlF3Sh1CE0VclnLZO6pC0w0_qrcode.jpg
INFO: [ app_init ] --START--
INFO: Run Behavior\BuildLiteBehavior [ RunTime:0.000008s ]
INFO: [ app_init ] --END-- [ RunTime:0.000262s ]

[ 2016-11-21T18:04:28+08:00 ] 127.0.0.1 /
INFO: [ app_init ] --START--
INFO: Run Behavior\BuildLiteBehavior [ RunTime:0.000007s ]
INFO: [ app_init ] --END-- [ RunTime:0.000200s ]
INFO: [ app_begin ] --START--
INFO: Run Behavior\ReadHtmlCacheBehavior [ RunTime:0.000203s ]
INFO: [ app_begin ] --END-- [ RunTime:0.000242s ]
INFO: [ app_end ] --START--
INFO: Run Behavior\ShowPageTraceBehavior [ RunTime:0.000199s ]
INFO: [ app_end ] --END-- [ RunTime:0.000217s ]

[ 2016-11-21T18:19:06+08:00 ] 127.0.0.1 /Static/data/uploads/qrcode/obvQHwlF3Sh1CE0VclnLZO6pC0w0_qrcode.jpg
INFO: [ app_init ] --START--
INFO: Run Behavior\BuildLiteBehavior [ RunTime:0.000011s ]
INFO: [ app_init ] --END-- [ RunTime:0.000358s ]

[ 2016-11-21T18:19:08+08:00 ] 127.0.0.1 /Static/data/uploads/qrcode/obvQHwlF3Sh1CE0VclnLZO6pC0w0_qrcode.jpg
INFO: [ app_init ] --START--
INFO: Run Behavior\BuildLiteBehavior [ RunTime:0.000013s ]
INFO: [ app_init ] --END-- [ RunTime:0.000863s ]

[ 2016-11-21T18:21:08+08:00 ] 127.0.0.1 /Static/data/uploads/qrcode/obvQHwlF3Sh1CE0VclnLZO6pC0w0_qrcode.jpg
INFO: [ app_init ] --START--
INFO: Run Behavior\BuildLiteBehavior [ RunTime:0.000007s ]
INFO: [ app_init ] --END-- [ RunTime:0.000189s ]

[ 2016-11-21T18:21:08+08:00 ] 127.0.0.1 /Static/data/uploads/qrcode/obvQHwlF3Sh1CE0VclnLZO6pC0w0_qrcode.jpg
INFO: [ app_init ] --START--
INFO: Run Behavior\BuildLiteBehavior [ RunTime:0.000012s ]
INFO: [ app_init ] --END-- [ RunTime:0.000922s ]

[ 2016-11-21T18:24:26+08:00 ] 127.0.0.1 /Static/data/uploads/qrcode/obvQHwlF3Sh1CE0VclnLZO6pC0w0_qrcode.jpg
INFO: [ app_init ] --START--
INFO: Run Behavior\BuildLiteBehavior [ RunTime:0.000016s ]
INFO: [ app_init ] --END-- [ RunTime:0.000566s ]

