[ 2016-11-23T11:37:40+08:00 ] 127.0.0.1 /api/index/send_sms
INFO: [ app_init ] --START--
INFO: Run Behavior\BuildLiteBehavior [ RunTime:0.000007s ]
INFO: [ app_init ] --END-- [ RunTime:0.000172s ]
INFO: [ app_begin ] --START--
INFO: Run Behavior\ReadHtmlCacheBehavior [ RunTime:0.000205s ]
INFO: [ app_begin ] --END-- [ RunTime:0.000230s ]
SQL: SHOW COLUMNS FROM `p_users` [ RunTime:0.0010s ]
SQL: SELECT * FROM `p_users` WHERE `name` = 'tcw' LIMIT 1   [ RunTime:0.0002s ]

[ 2016-11-23T11:37:46+08:00 ] 127.0.0.1 /api/index/send_sms
INFO: [ app_init ] --START--
INFO: Run Behavior\BuildLiteBehavior [ RunTime:0.000012s ]
INFO: [ app_init ] --END-- [ RunTime:0.001647s ]
INFO: [ app_begin ] --START--
INFO: Run Behavior\ReadHtmlCacheBehavior [ RunTime:0.000330s ]
INFO: [ app_begin ] --END-- [ RunTime:0.000374s ]
SQL: SHOW COLUMNS FROM `p_users` [ RunTime:0.0041s ]
SQL: SELECT * FROM `p_users` WHERE `name` = 'tcw' LIMIT 1   [ RunTime:0.0002s ]

[ 2016-11-23T11:38:00+08:00 ] 127.0.0.1 /api/index/send_sms
INFO: [ app_init ] --START--
INFO: Run Behavior\BuildLiteBehavior [ RunTime:0.000012s ]
INFO: [ app_init ] --END-- [ RunTime:0.000321s ]
INFO: [ app_begin ] --START--
INFO: Run Behavior\ReadHtmlCacheBehavior [ RunTime:0.001356s ]
INFO: [ app_begin ] --END-- [ RunTime:0.001463s ]
SQL: SHOW COLUMNS FROM `p_users` [ RunTime:0.0043s ]
SQL: SELECT * FROM `p_users` WHERE `name` = 'tcw' LIMIT 1   [ RunTime:0.0005s ]

[ 2016-11-23T11:38:00+08:00 ] 127.0.0.1 /api/index/send_sms
INFO: [ app_init ] --START--
INFO: Run Behavior\BuildLiteBehavior [ RunTime:0.000014s ]
INFO: [ app_init ] --END-- [ RunTime:0.000372s ]
INFO: [ app_begin ] --START--
INFO: Run Behavior\ReadHtmlCacheBehavior [ RunTime:0.000561s ]
INFO: [ app_begin ] --END-- [ RunTime:0.000626s ]
SQL: SHOW COLUMNS FROM `p_users` [ RunTime:0.0025s ]
SQL: SELECT * FROM `p_users` WHERE `name` = 'tcw' LIMIT 1   [ RunTime:0.0003s ]

[ 2016-11-23T11:38:01+08:00 ] 127.0.0.1 /api/index/send_sms
INFO: [ app_init ] --START--
INFO: Run Behavior\BuildLiteBehavior [ RunTime:0.000009s ]
INFO: [ app_init ] --END-- [ RunTime:0.000262s ]
INFO: [ app_begin ] --START--
INFO: Run Behavior\ReadHtmlCacheBehavior [ RunTime:0.000369s ]
INFO: [ app_begin ] --END-- [ RunTime:0.000404s ]
SQL: SHOW COLUMNS FROM `p_users` [ RunTime:0.0030s ]
SQL: SELECT * FROM `p_users` WHERE `name` = 'tcw' LIMIT 1   [ RunTime:0.0003s ]

[ 2016-11-23T11:38:01+08:00 ] 127.0.0.1 /api/index/send_sms
INFO: [ app_init ] --START--
INFO: Run Behavior\BuildLiteBehavior [ RunTime:0.000017s ]
INFO: [ app_init ] --END-- [ RunTime:0.002236s ]
INFO: [ app_begin ] --START--
INFO: Run Behavior\ReadHtmlCacheBehavior [ RunTime:0.000222s ]
INFO: [ app_begin ] --END-- [ RunTime:0.000254s ]
SQL: SHOW COLUMNS FROM `p_users` [ RunTime:0.0038s ]
SQL: SELECT * FROM `p_users` WHERE `name` = 'tcw' LIMIT 1   [ RunTime:0.0002s ]

[ 2016-11-23T11:38:01+08:00 ] 127.0.0.1 /api/index/send_sms
INFO: [ app_init ] --START--
INFO: Run Behavior\BuildLiteBehavior [ RunTime:0.000006s ]
INFO: [ app_init ] --END-- [ RunTime:0.000165s ]
INFO: [ app_begin ] --START--
INFO: Run Behavior\ReadHtmlCacheBehavior [ RunTime:0.000269s ]
INFO: [ app_begin ] --END-- [ RunTime:0.000297s ]
SQL: SHOW COLUMNS FROM `p_users` [ RunTime:0.0049s ]
SQL: SELECT * FROM `p_users` WHERE `name` = 'tcw' LIMIT 1   [ RunTime:0.0006s ]

[ 2016-11-23T11:38:02+08:00 ] 127.0.0.1 /api/index/send_sms
INFO: [ app_init ] --START--
INFO: Run Behavior\BuildLiteBehavior [ RunTime:0.000009s ]
INFO: [ app_init ] --END-- [ RunTime:0.000425s ]
INFO: [ app_begin ] --START--
INFO: Run Behavior\ReadHtmlCacheBehavior [ RunTime:0.001006s ]
INFO: [ app_begin ] --END-- [ RunTime:0.001057s ]
SQL: SHOW COLUMNS FROM `p_users` [ RunTime:0.0019s ]
SQL: SELECT * FROM `p_users` WHERE `name` = 'tcw' LIMIT 1   [ RunTime:0.0002s ]

[ 2016-11-23T11:38:02+08:00 ] 127.0.0.1 /api/index/send_sms
INFO: [ app_init ] --START--
INFO: Run Behavior\BuildLiteBehavior [ RunTime:0.000007s ]
INFO: [ app_init ] --END-- [ RunTime:0.000248s ]
INFO: [ app_begin ] --START--
INFO: Run Behavior\ReadHtmlCacheBehavior [ RunTime:0.000272s ]
INFO: [ app_begin ] --END-- [ RunTime:0.000309s ]
SQL: SHOW COLUMNS FROM `p_users` [ RunTime:0.0030s ]
SQL: SELECT * FROM `p_users` WHERE `name` = 'tcw' LIMIT 1   [ RunTime:0.0004s ]

[ 2016-11-23T11:38:02+08:00 ] 127.0.0.1 /api/index/send_sms
INFO: [ app_init ] --START--
INFO: Run Behavior\BuildLiteBehavior [ RunTime:0.000042s ]
INFO: [ app_init ] --END-- [ RunTime:0.000218s ]
INFO: [ app_begin ] --START--
INFO: Run Behavior\ReadHtmlCacheBehavior [ RunTime:0.000583s ]
INFO: [ app_begin ] --END-- [ RunTime:0.000657s ]
SQL: SHOW COLUMNS FROM `p_users` [ RunTime:0.0017s ]
SQL: SELECT * FROM `p_users` WHERE `name` = 'tcw' LIMIT 1   [ RunTime:0.0002s ]

[ 2016-11-23T11:38:02+08:00 ] 127.0.0.1 /api/index/send_sms
INFO: [ app_init ] --START--
INFO: Run Behavior\BuildLiteBehavior [ RunTime:0.000009s ]
INFO: [ app_init ] --END-- [ RunTime:0.000247s ]
INFO: [ app_begin ] --START--
INFO: Run Behavior\ReadHtmlCacheBehavior [ RunTime:0.000221s ]
INFO: [ app_begin ] --END-- [ RunTime:0.000251s ]
SQL: SHOW COLUMNS FROM `p_users` [ RunTime:0.0055s ]
SQL: SELECT * FROM `p_users` WHERE `name` = 'tcw' LIMIT 1   [ RunTime:0.0004s ]

[ 2016-11-23T11:38:03+08:00 ] 127.0.0.1 /api/index/send_sms
INFO: [ app_init ] --START--
INFO: Run Behavior\BuildLiteBehavior [ RunTime:0.000013s ]
INFO: [ app_init ] --END-- [ RunTime:0.000312s ]
INFO: [ app_begin ] --START--
INFO: Run Behavior\ReadHtmlCacheBehavior [ RunTime:0.000465s ]
INFO: [ app_begin ] --END-- [ RunTime:0.000524s ]
SQL: SHOW COLUMNS FROM `p_users` [ RunTime:0.0027s ]
SQL: SELECT * FROM `p_users` WHERE `name` = 'tcw' LIMIT 1   [ RunTime:0.0002s ]

[ 2016-11-23T11:38:03+08:00 ] 127.0.0.1 /api/index/send_sms
INFO: [ app_init ] --START--
INFO: Run Behavior\BuildLiteBehavior [ RunTime:0.000020s ]
INFO: [ app_init ] --END-- [ RunTime:0.000403s ]
INFO: [ app_begin ] --START--
INFO: Run Behavior\ReadHtmlCacheBehavior [ RunTime:0.000299s ]
INFO: [ app_begin ] --END-- [ RunTime:0.000337s ]
SQL: SHOW COLUMNS FROM `p_users` [ RunTime:0.0056s ]
SQL: SELECT * FROM `p_users` WHERE `name` = 'tcw' LIMIT 1   [ RunTime:0.0009s ]

[ 2016-11-23T11:38:04+08:00 ] 127.0.0.1 /api/index/send_sms
INFO: [ app_init ] --START--
INFO: Run Behavior\BuildLiteBehavior [ RunTime:0.000008s ]
INFO: [ app_init ] --END-- [ RunTime:0.000160s ]
INFO: [ app_begin ] --START--
INFO: Run Behavior\ReadHtmlCacheBehavior [ RunTime:0.000184s ]
INFO: [ app_begin ] --END-- [ RunTime:0.000203s ]
SQL: SHOW COLUMNS FROM `p_users` [ RunTime:0.0024s ]
SQL: SELECT * FROM `p_users` WHERE `name` = 'tcw' LIMIT 1   [ RunTime:0.0002s ]

[ 2016-11-23T11:38:04+08:00 ] 127.0.0.1 /api/index/send_sms
INFO: [ app_init ] --START--
INFO: Run Behavior\BuildLiteBehavior [ RunTime:0.000006s ]
INFO: [ app_init ] --END-- [ RunTime:0.000174s ]
INFO: [ app_begin ] --START--
INFO: Run Behavior\ReadHtmlCacheBehavior [ RunTime:0.000196s ]
INFO: [ app_begin ] --END-- [ RunTime:0.000218s ]
SQL: SHOW COLUMNS FROM `p_users` [ RunTime:0.0023s ]
SQL: SELECT * FROM `p_users` WHERE `name` = 'tcw' LIMIT 1   [ RunTime:0.0003s ]

[ 2016-11-23T11:38:04+08:00 ] 127.0.0.1 /api/index/send_sms
INFO: [ app_init ] --START--
INFO: Run Behavior\BuildLiteBehavior [ RunTime:0.000009s ]
INFO: [ app_init ] --END-- [ RunTime:0.000199s ]
INFO: [ app_begin ] --START--
INFO: Run Behavior\ReadHtmlCacheBehavior [ RunTime:0.000271s ]
INFO: [ app_begin ] --END-- [ RunTime:0.000340s ]
SQL: SHOW COLUMNS FROM `p_users` [ RunTime:0.0032s ]
SQL: SELECT * FROM `p_users` WHERE `name` = 'tcw' LIMIT 1   [ RunTime:0.0002s ]

[ 2016-11-23T11:38:04+08:00 ] 127.0.0.1 /api/index/send_sms
INFO: [ app_init ] --START--
INFO: Run Behavior\BuildLiteBehavior [ RunTime:0.000011s ]
INFO: [ app_init ] --END-- [ RunTime:0.000375s ]
INFO: [ app_begin ] --START--
INFO: Run Behavior\ReadHtmlCacheBehavior [ RunTime:0.000310s ]
INFO: [ app_begin ] --END-- [ RunTime:0.000346s ]
SQL: SHOW COLUMNS FROM `p_users` [ RunTime:0.0032s ]
SQL: SELECT * FROM `p_users` WHERE `name` = 'tcw' LIMIT 1   [ RunTime:0.0002s ]

[ 2016-11-23T11:38:04+08:00 ] 127.0.0.1 /api/index/send_sms
INFO: [ app_init ] --START--
INFO: Run Behavior\BuildLiteBehavior [ RunTime:0.000024s ]
INFO: [ app_init ] --END-- [ RunTime:0.000326s ]
INFO: [ app_begin ] --START--
INFO: Run Behavior\ReadHtmlCacheBehavior [ RunTime:0.000363s ]
INFO: [ app_begin ] --END-- [ RunTime:0.000412s ]
SQL: SHOW COLUMNS FROM `p_users` [ RunTime:0.0036s ]
SQL: SELECT * FROM `p_users` WHERE `name` = 'tcw' LIMIT 1   [ RunTime:0.0002s ]

[ 2016-11-23T11:38:20+08:00 ] 127.0.0.1 /api/index/send_sms
INFO: [ app_init ] --START--
INFO: Run Behavior\BuildLiteBehavior [ RunTime:0.000017s ]
INFO: [ app_init ] --END-- [ RunTime:0.000384s ]
INFO: [ app_begin ] --START--
INFO: Run Behavior\ReadHtmlCacheBehavior [ RunTime:0.000305s ]
INFO: [ app_begin ] --END-- [ RunTime:0.000343s ]
SQL: SHOW COLUMNS FROM `p_users` [ RunTime:0.0023s ]
SQL: SELECT * FROM `p_users` WHERE `name` = 'tcw' LIMIT 1   [ RunTime:0.0002s ]

[ 2016-11-23T11:38:36+08:00 ] 127.0.0.1 /api/index/send_sms
INFO: [ app_init ] --START--
INFO: Run Behavior\BuildLiteBehavior [ RunTime:0.000008s ]
INFO: [ app_init ] --END-- [ RunTime:0.000218s ]
INFO: [ app_begin ] --START--
INFO: Run Behavior\ReadHtmlCacheBehavior [ RunTime:0.000224s ]
INFO: [ app_begin ] --END-- [ RunTime:0.000255s ]

[ 2016-11-23T11:38:38+08:00 ] 127.0.0.1 /api/index/send_sms
INFO: [ app_init ] --START--
INFO: Run Behavior\BuildLiteBehavior [ RunTime:0.000006s ]
INFO: [ app_init ] --END-- [ RunTime:0.000167s ]
INFO: [ app_begin ] --START--
INFO: Run Behavior\ReadHtmlCacheBehavior [ RunTime:0.000377s ]
INFO: [ app_begin ] --END-- [ RunTime:0.000425s ]

[ 2016-11-23T11:38:38+08:00 ] 127.0.0.1 /api/index/send_sms
INFO: [ app_init ] --START--
INFO: Run Behavior\BuildLiteBehavior [ RunTime:0.000006s ]
INFO: [ app_init ] --END-- [ RunTime:0.000175s ]
INFO: [ app_begin ] --START--
INFO: Run Behavior\ReadHtmlCacheBehavior [ RunTime:0.000391s ]
INFO: [ app_begin ] --END-- [ RunTime:0.000435s ]

[ 2016-11-23T11:38:58+08:00 ] 127.0.0.1 /Api/index/
INFO: [ app_init ] --START--
INFO: Run Behavior\BuildLiteBehavior [ RunTime:0.000006s ]
INFO: [ app_init ] --END-- [ RunTime:0.000167s ]
INFO: [ app_begin ] --START--
INFO: Run Behavior\ReadHtmlCacheBehavior [ RunTime:0.000235s ]
INFO: [ app_begin ] --END-- [ RunTime:0.000262s ]
INFO: [ app_end ] --START--
INFO: Run Behavior\ShowPageTraceBehavior [ RunTime:0.000761s ]
INFO: [ app_end ] --END-- [ RunTime:0.001011s ]

[ 2016-11-23T11:39:09+08:00 ] 127.0.0.1 /Api/index/
INFO: [ app_init ] --START--
INFO: Run Behavior\BuildLiteBehavior [ RunTime:0.000006s ]
INFO: [ app_init ] --END-- [ RunTime:0.000159s ]
INFO: [ app_begin ] --START--
INFO: Run Behavior\ReadHtmlCacheBehavior [ RunTime:0.000205s ]
INFO: [ app_begin ] --END-- [ RunTime:0.000227s ]
INFO: [ app_end ] --START--
INFO: Run Behavior\ShowPageTraceBehavior [ RunTime:0.000259s ]
INFO: [ app_end ] --END-- [ RunTime:0.000287s ]

[ 2016-11-23T11:39:10+08:00 ] 127.0.0.1 /Api/index/
INFO: [ app_init ] --START--
INFO: Run Behavior\BuildLiteBehavior [ RunTime:0.000012s ]
INFO: [ app_init ] --END-- [ RunTime:0.000317s ]
INFO: [ app_begin ] --START--
INFO: Run Behavior\ReadHtmlCacheBehavior [ RunTime:0.000838s ]
INFO: [ app_begin ] --END-- [ RunTime:0.000891s ]
INFO: [ app_end ] --START--
INFO: Run Behavior\ShowPageTraceBehavior [ RunTime:0.000420s ]
INFO: [ app_end ] --END-- [ RunTime:0.000465s ]

[ 2016-11-23T11:39:10+08:00 ] 127.0.0.1 /Api/index/
INFO: [ app_init ] --START--
INFO: Run Behavior\BuildLiteBehavior [ RunTime:0.000008s ]
INFO: [ app_init ] --END-- [ RunTime:0.000289s ]
INFO: [ app_begin ] --START--
INFO: Run Behavior\ReadHtmlCacheBehavior [ RunTime:0.000202s ]
INFO: [ app_begin ] --END-- [ RunTime:0.000226s ]
INFO: [ app_end ] --START--
INFO: Run Behavior\ShowPageTraceBehavior [ RunTime:0.000222s ]
INFO: [ app_end ] --END-- [ RunTime:0.000247s ]

[ 2016-11-23T11:39:10+08:00 ] 127.0.0.1 /Api/index/
INFO: [ app_init ] --START--
INFO: Run Behavior\BuildLiteBehavior [ RunTime:0.000012s ]
INFO: [ app_init ] --END-- [ RunTime:0.000304s ]
INFO: [ app_begin ] --START--
INFO: Run Behavior\ReadHtmlCacheBehavior [ RunTime:0.000657s ]
INFO: [ app_begin ] --END-- [ RunTime:0.000748s ]
INFO: [ app_end ] --START--
INFO: Run Behavior\ShowPageTraceBehavior [ RunTime:0.000816s ]
INFO: [ app_end ] --END-- [ RunTime:0.000924s ]

[ 2016-11-23T11:39:11+08:00 ] 127.0.0.1 /Api/index/
INFO: [ app_init ] --START--
INFO: Run Behavior\BuildLiteBehavior [ RunTime:0.000008s ]
INFO: [ app_init ] --END-- [ RunTime:0.000179s ]
INFO: [ app_begin ] --START--
INFO: Run Behavior\ReadHtmlCacheBehavior [ RunTime:0.000231s ]
INFO: [ app_begin ] --END-- [ RunTime:0.000259s ]
INFO: [ app_end ] --START--
INFO: Run Behavior\ShowPageTraceBehavior [ RunTime:0.000414s ]
INFO: [ app_end ] --END-- [ RunTime:0.000453s ]

[ 2016-11-23T11:39:11+08:00 ] 127.0.0.1 /Api/index/
INFO: [ app_init ] --START--
INFO: Run Behavior\BuildLiteBehavior [ RunTime:0.000006s ]
INFO: [ app_init ] --END-- [ RunTime:0.000178s ]
INFO: [ app_begin ] --START--
INFO: Run Behavior\ReadHtmlCacheBehavior [ RunTime:0.000206s ]
INFO: [ app_begin ] --END-- [ RunTime:0.000231s ]
INFO: [ app_end ] --START--
INFO: Run Behavior\ShowPageTraceBehavior [ RunTime:0.000393s ]
INFO: [ app_end ] --END-- [ RunTime:0.000464s ]

[ 2016-11-23T11:39:19+08:00 ] 127.0.0.1 /Api/index/
INFO: [ app_init ] --START--
INFO: Run Behavior\BuildLiteBehavior [ RunTime:0.000013s ]
INFO: [ app_init ] --END-- [ RunTime:0.001283s ]
INFO: [ app_begin ] --START--
INFO: Run Behavior\ReadHtmlCacheBehavior [ RunTime:0.000873s ]
INFO: [ app_begin ] --END-- [ RunTime:0.000922s ]
INFO: [ app_end ] --START--
INFO: Run Behavior\ShowPageTraceBehavior [ RunTime:0.000274s ]
INFO: [ app_end ] --END-- [ RunTime:0.000308s ]

[ 2016-11-23T11:39:25+08:00 ] 127.0.0.1 /Api/index/
INFO: [ app_init ] --START--
INFO: Run Behavior\BuildLiteBehavior [ RunTime:0.000005s ]
INFO: [ app_init ] --END-- [ RunTime:0.000149s ]
INFO: [ app_begin ] --START--
INFO: Run Behavior\ReadHtmlCacheBehavior [ RunTime:0.000327s ]
INFO: [ app_begin ] --END-- [ RunTime:0.000373s ]
INFO: [ app_end ] --START--
INFO: Run Behavior\ShowPageTraceBehavior [ RunTime:0.000364s ]
INFO: [ app_end ] --END-- [ RunTime:0.000398s ]

[ 2016-11-23T11:39:44+08:00 ] 127.0.0.1 /Api/index/
INFO: [ app_init ] --START--
INFO: Run Behavior\BuildLiteBehavior [ RunTime:0.000006s ]
INFO: [ app_init ] --END-- [ RunTime:0.000150s ]
INFO: [ app_begin ] --START--
INFO: Run Behavior\ReadHtmlCacheBehavior [ RunTime:0.000184s ]
INFO: [ app_begin ] --END-- [ RunTime:0.000203s ]
INFO: [ app_end ] --START--
INFO: Run Behavior\ShowPageTraceBehavior [ RunTime:0.000417s ]
INFO: [ app_end ] --END-- [ RunTime:0.000451s ]

[ 2016-11-23T11:39:45+08:00 ] 127.0.0.1 /Api/index/
INFO: [ app_init ] --START--
INFO: Run Behavior\BuildLiteBehavior [ RunTime:0.000012s ]
INFO: [ app_init ] --END-- [ RunTime:0.000294s ]
INFO: [ app_begin ] --START--
INFO: Run Behavior\ReadHtmlCacheBehavior [ RunTime:0.000427s ]
INFO: [ app_begin ] --END-- [ RunTime:0.000470s ]
INFO: [ app_end ] --START--
INFO: Run Behavior\ShowPageTraceBehavior [ RunTime:0.000484s ]
INFO: [ app_end ] --END-- [ RunTime:0.000526s ]

[ 2016-11-23T11:39:45+08:00 ] 127.0.0.1 /Api/index/
INFO: [ app_init ] --START--
INFO: Run Behavior\BuildLiteBehavior [ RunTime:0.000007s ]
INFO: [ app_init ] --END-- [ RunTime:0.000167s ]
INFO: [ app_begin ] --START--
INFO: Run Behavior\ReadHtmlCacheBehavior [ RunTime:0.000194s ]
INFO: [ app_begin ] --END-- [ RunTime:0.000215s ]
INFO: [ app_end ] --START--
INFO: Run Behavior\ShowPageTraceBehavior [ RunTime:0.000314s ]
INFO: [ app_end ] --END-- [ RunTime:0.000349s ]

[ 2016-11-23T11:39:45+08:00 ] 127.0.0.1 /Api/index/
INFO: [ app_init ] --START--
INFO: Run Behavior\BuildLiteBehavior [ RunTime:0.000011s ]
INFO: [ app_init ] --END-- [ RunTime:0.000245s ]
INFO: [ app_begin ] --START--
INFO: Run Behavior\ReadHtmlCacheBehavior [ RunTime:0.000389s ]
INFO: [ app_begin ] --END-- [ RunTime:0.000440s ]
INFO: [ app_end ] --START--
INFO: Run Behavior\ShowPageTraceBehavior [ RunTime:0.000768s ]
INFO: [ app_end ] --END-- [ RunTime:0.000818s ]

[ 2016-11-23T11:39:50+08:00 ] 127.0.0.1 /Api/index/
INFO: [ app_init ] --START--
INFO: Run Behavior\BuildLiteBehavior [ RunTime:0.000005s ]
INFO: [ app_init ] --END-- [ RunTime:0.000153s ]
INFO: [ app_begin ] --START--
INFO: Run Behavior\ReadHtmlCacheBehavior [ RunTime:0.000196s ]
INFO: [ app_begin ] --END-- [ RunTime:0.000216s ]
INFO: [ app_end ] --START--
INFO: Run Behavior\ShowPageTraceBehavior [ RunTime:0.000239s ]
INFO: [ app_end ] --END-- [ RunTime:0.000267s ]

[ 2016-11-23T11:39:52+08:00 ] 127.0.0.1 /Api/index/
INFO: [ app_init ] --START--
INFO: Run Behavior\BuildLiteBehavior [ RunTime:0.000005s ]
INFO: [ app_init ] --END-- [ RunTime:0.000135s ]
INFO: [ app_begin ] --START--
INFO: Run Behavior\ReadHtmlCacheBehavior [ RunTime:0.000172s ]
INFO: [ app_begin ] --END-- [ RunTime:0.000190s ]
INFO: [ app_end ] --START--
INFO: Run Behavior\ShowPageTraceBehavior [ RunTime:0.000196s ]
INFO: [ app_end ] --END-- [ RunTime:0.000218s ]

[ 2016-11-23T11:39:59+08:00 ] 127.0.0.1 /api/index/send_sms
INFO: [ app_init ] --START--
INFO: Run Behavior\BuildLiteBehavior [ RunTime:0.000011s ]
INFO: [ app_init ] --END-- [ RunTime:0.000329s ]
INFO: [ app_begin ] --START--
INFO: Run Behavior\ReadHtmlCacheBehavior [ RunTime:0.000558s ]
INFO: [ app_begin ] --END-- [ RunTime:0.000613s ]

[ 2016-11-23T11:40:19+08:00 ] 127.0.0.1 /api/index/send_sms
INFO: [ app_init ] --START--
INFO: Run Behavior\BuildLiteBehavior [ RunTime:0.000034s ]
INFO: [ app_init ] --END-- [ RunTime:0.000305s ]
INFO: [ app_begin ] --START--
INFO: Run Behavior\ReadHtmlCacheBehavior [ RunTime:0.000777s ]
INFO: [ app_begin ] --END-- [ RunTime:0.000828s ]
SQL: SHOW COLUMNS FROM `p_users` [ RunTime:0.0043s ]
SQL: SELECT * FROM `p_users` WHERE `name` = 'tcw' LIMIT 1   [ RunTime:0.0017s ]

[ 2016-11-23T11:41:31+08:00 ] 127.0.0.1 /api/index/send_sms
INFO: [ app_init ] --START--
INFO: Run Behavior\BuildLiteBehavior [ RunTime:0.000009s ]
INFO: [ app_init ] --END-- [ RunTime:0.000262s ]
INFO: [ app_begin ] --START--
INFO: Run Behavior\ReadHtmlCacheBehavior [ RunTime:0.000693s ]
INFO: [ app_begin ] --END-- [ RunTime:0.000746s ]
SQL: SHOW COLUMNS FROM `p_users` [ RunTime:0.0033s ]
SQL: SELECT * FROM `p_users` WHERE `name` = 'tcw' LIMIT 1   [ RunTime:0.0002s ]
SQL: SHOW COLUMNS FROM `p_agency_users` [ RunTime:0.0010s ]
SQL: SELECT * FROM `p_agency_users` WHERE `user_id` = 5 AND `mobile` = '15669023132' LIMIT 1   [ RunTime:0.0002s ]

[ 2016-11-23T11:42:54+08:00 ] 127.0.0.1 /api/index/send_sms
INFO: [ app_init ] --START--
INFO: Run Behavior\BuildLiteBehavior [ RunTime:0.000009s ]
INFO: [ app_init ] --END-- [ RunTime:0.000329s ]
INFO: [ app_begin ] --START--
INFO: Run Behavior\ReadHtmlCacheBehavior [ RunTime:0.000582s ]
INFO: [ app_begin ] --END-- [ RunTime:0.000643s ]
SQL: SHOW COLUMNS FROM `p_users` [ RunTime:0.0056s ]
SQL: SELECT * FROM `p_users` WHERE `name` = 'tcw' LIMIT 1   [ RunTime:0.0003s ]
SQL: SHOW COLUMNS FROM `p_agency_users` [ RunTime:0.0012s ]
SQL: SELECT * FROM `p_agency_users` WHERE `user_id` = 5 AND `mobile` = '15669023132' LIMIT 1   [ RunTime:0.0004s ]
SQL: SHOW COLUMNS FROM `p_sms_log` [ RunTime:0.0017s ]
SQL: SELECT * FROM `p_sms_log` WHERE `user_id` = 5 AND `mobile` = '15669023132' AND `type` = 0 LIMIT 1   [ RunTime:0.0005s ]
NOTIC: [8] Undefined property: ResultSet::$result /Users/tanchangwei/www/Phebe/Application/Common/Common/function.php 第 448 行.
NOTIC: [8] Trying to get property of non-object /Users/tanchangwei/www/Phebe/Application/Common/Common/function.php 第 448 行.
NOTIC: [8] Undefined variable: errorMsg /Users/tanchangwei/www/Phebe/Application/Api/Controller/IndexController.class.php 第 77 行.

[ 2016-11-23T11:44:16+08:00 ] 127.0.0.1 /api/index/send_sms
INFO: [ app_init ] --START--
INFO: Run Behavior\BuildLiteBehavior [ RunTime:0.000009s ]
INFO: [ app_init ] --END-- [ RunTime:0.000287s ]
INFO: [ app_begin ] --START--
INFO: Run Behavior\ReadHtmlCacheBehavior [ RunTime:0.000344s ]
INFO: [ app_begin ] --END-- [ RunTime:0.000387s ]
SQL: SHOW COLUMNS FROM `p_users` [ RunTime:0.0051s ]
SQL: SELECT * FROM `p_users` WHERE `name` = 'tcw' LIMIT 1   [ RunTime:0.0004s ]
SQL: SHOW COLUMNS FROM `p_agency_users` [ RunTime:0.0044s ]
SQL: SELECT * FROM `p_agency_users` WHERE `user_id` = 5 AND `mobile` = '15669023132' LIMIT 1   [ RunTime:0.0004s ]
SQL: SHOW COLUMNS FROM `p_sms_log` [ RunTime:0.0015s ]
SQL: SELECT * FROM `p_sms_log` WHERE `user_id` = 5 AND `mobile` = '15669023132' AND `type` = 0 LIMIT 1   [ RunTime:0.0002s ]
NOTIC: [8] Undefined property: ResultSet::$result /Users/tanchangwei/www/Phebe/Application/Common/Common/function.php 第 448 行.
NOTIC: [8] Trying to get property of non-object /Users/tanchangwei/www/Phebe/Application/Common/Common/function.php 第 448 行.

[ 2016-11-23T11:44:24+08:00 ] 127.0.0.1 /api/index/send_sms
INFO: [ app_init ] --START--
INFO: Run Behavior\BuildLiteBehavior [ RunTime:0.000034s ]
INFO: [ app_init ] --END-- [ RunTime:0.000634s ]
INFO: [ app_begin ] --START--
INFO: Run Behavior\ReadHtmlCacheBehavior [ RunTime:0.000360s ]
INFO: [ app_begin ] --END-- [ RunTime:0.000409s ]
SQL: SHOW COLUMNS FROM `p_users` [ RunTime:0.0040s ]
SQL: SELECT * FROM `p_users` WHERE `name` = 'tcw' LIMIT 1   [ RunTime:0.0005s ]
SQL: SHOW COLUMNS FROM `p_agency_users` [ RunTime:0.0046s ]
SQL: SELECT * FROM `p_agency_users` WHERE `user_id` = 5 AND `mobile` = '15669023132' LIMIT 1   [ RunTime:0.0003s ]
SQL: SHOW COLUMNS FROM `p_sms_log` [ RunTime:0.0014s ]
SQL: SELECT * FROM `p_sms_log` WHERE `user_id` = 5 AND `mobile` = '15669023132' AND `type` = 0 LIMIT 1   [ RunTime:0.0003s ]
NOTIC: [8] Undefined property: ResultSet::$result /Users/tanchangwei/www/Phebe/Application/Common/Common/function.php 第 448 行.
NOTIC: [8] Trying to get property of non-object /Users/tanchangwei/www/Phebe/Application/Common/Common/function.php 第 448 行.

[ 2016-11-23T11:44:48+08:00 ] 127.0.0.1 /api/index/send_sms
INFO: [ app_init ] --START--
INFO: Run Behavior\BuildLiteBehavior [ RunTime:0.000019s ]
INFO: [ app_init ] --END-- [ RunTime:0.002043s ]
INFO: [ app_begin ] --START--
INFO: Run Behavior\ReadHtmlCacheBehavior [ RunTime:0.000206s ]
INFO: [ app_begin ] --END-- [ RunTime:0.000232s ]
SQL: SHOW COLUMNS FROM `p_users` [ RunTime:0.0023s ]
SQL: SELECT * FROM `p_users` WHERE `name` = 'tcw' LIMIT 1   [ RunTime:0.0002s ]
SQL: SHOW COLUMNS FROM `p_agency_users` [ RunTime:0.0011s ]
SQL: SELECT * FROM `p_agency_users` WHERE `user_id` = 5 AND `mobile` = '15669023132' LIMIT 1   [ RunTime:0.0003s ]
SQL: SHOW COLUMNS FROM `p_sms_log` [ RunTime:0.0033s ]
SQL: SELECT * FROM `p_sms_log` WHERE `user_id` = 5 AND `mobile` = '15669023132' AND `type` = 0 LIMIT 1   [ RunTime:0.0003s ]
NOTIC: [8] Undefined property: ResultSet::$result /Users/tanchangwei/www/Phebe/Application/Common/Common/function.php 第 448 行.
NOTIC: [8] Trying to get property of non-object /Users/tanchangwei/www/Phebe/Application/Common/Common/function.php 第 448 行.

[ 2016-11-23T11:44:50+08:00 ] 127.0.0.1 /api/index/send_sms
INFO: [ app_init ] --START--
INFO: Run Behavior\BuildLiteBehavior [ RunTime:0.000011s ]
INFO: [ app_init ] --END-- [ RunTime:0.000232s ]
INFO: [ app_begin ] --START--
INFO: Run Behavior\ReadHtmlCacheBehavior [ RunTime:0.000298s ]
INFO: [ app_begin ] --END-- [ RunTime:0.000339s ]
SQL: SHOW COLUMNS FROM `p_users` [ RunTime:0.0034s ]
SQL: SELECT * FROM `p_users` WHERE `name` = 'tcw' LIMIT 1   [ RunTime:0.0005s ]
SQL: SHOW COLUMNS FROM `p_agency_users` [ RunTime:0.0017s ]
SQL: SELECT * FROM `p_agency_users` WHERE `user_id` = 5 AND `mobile` = '15669023132' LIMIT 1   [ RunTime:0.0002s ]
SQL: SHOW COLUMNS FROM `p_sms_log` [ RunTime:0.0010s ]
SQL: SELECT * FROM `p_sms_log` WHERE `user_id` = 5 AND `mobile` = '15669023132' AND `type` = 0 LIMIT 1   [ RunTime:0.0002s ]
NOTIC: [8] Undefined property: ResultSet::$result /Users/tanchangwei/www/Phebe/Application/Common/Common/function.php 第 448 行.
NOTIC: [8] Trying to get property of non-object /Users/tanchangwei/www/Phebe/Application/Common/Common/function.php 第 448 行.

[ 2016-11-23T11:44:51+08:00 ] 127.0.0.1 /api/index/send_sms
INFO: [ app_init ] --START--
INFO: Run Behavior\BuildLiteBehavior [ RunTime:0.000010s ]
INFO: [ app_init ] --END-- [ RunTime:0.000199s ]
INFO: [ app_begin ] --START--
INFO: Run Behavior\ReadHtmlCacheBehavior [ RunTime:0.000343s ]
INFO: [ app_begin ] --END-- [ RunTime:0.000386s ]
SQL: SHOW COLUMNS FROM `p_users` [ RunTime:0.0024s ]
SQL: SELECT * FROM `p_users` WHERE `name` = 'tcw' LIMIT 1   [ RunTime:0.0005s ]
SQL: SHOW COLUMNS FROM `p_agency_users` [ RunTime:0.0030s ]
SQL: SELECT * FROM `p_agency_users` WHERE `user_id` = 5 AND `mobile` = '15669023132' LIMIT 1   [ RunTime:0.0002s ]
SQL: SHOW COLUMNS FROM `p_sms_log` [ RunTime:0.0010s ]
SQL: SELECT * FROM `p_sms_log` WHERE `user_id` = 5 AND `mobile` = '15669023132' AND `type` = 0 LIMIT 1   [ RunTime:0.0002s ]
NOTIC: [8] Undefined property: ResultSet::$result /Users/tanchangwei/www/Phebe/Application/Common/Common/function.php 第 448 行.
NOTIC: [8] Trying to get property of non-object /Users/tanchangwei/www/Phebe/Application/Common/Common/function.php 第 448 行.

[ 2016-11-23T11:44:51+08:00 ] 127.0.0.1 /api/index/send_sms
INFO: [ app_init ] --START--
INFO: Run Behavior\BuildLiteBehavior [ RunTime:0.000013s ]
INFO: [ app_init ] --END-- [ RunTime:0.000474s ]
INFO: [ app_begin ] --START--
INFO: Run Behavior\ReadHtmlCacheBehavior [ RunTime:0.000321s ]
INFO: [ app_begin ] --END-- [ RunTime:0.000360s ]
SQL: SHOW COLUMNS FROM `p_users` [ RunTime:0.0029s ]
SQL: SELECT * FROM `p_users` WHERE `name` = 'tcw' LIMIT 1   [ RunTime:0.0002s ]
SQL: SHOW COLUMNS FROM `p_agency_users` [ RunTime:0.0025s ]
SQL: SELECT * FROM `p_agency_users` WHERE `user_id` = 5 AND `mobile` = '15669023132' LIMIT 1   [ RunTime:0.0005s ]
SQL: SHOW COLUMNS FROM `p_sms_log` [ RunTime:0.0014s ]
SQL: SELECT * FROM `p_sms_log` WHERE `user_id` = 5 AND `mobile` = '15669023132' AND `type` = 0 LIMIT 1   [ RunTime:0.0002s ]
NOTIC: [8] Undefined property: ResultSet::$result /Users/tanchangwei/www/Phebe/Application/Common/Common/function.php 第 448 行.
NOTIC: [8] Trying to get property of non-object /Users/tanchangwei/www/Phebe/Application/Common/Common/function.php 第 448 行.

[ 2016-11-23T11:45:04+08:00 ] 127.0.0.1 /api/index/send_sms
INFO: [ app_init ] --START--
INFO: Run Behavior\BuildLiteBehavior [ RunTime:0.000013s ]
INFO: [ app_init ] --END-- [ RunTime:0.000522s ]
INFO: [ app_begin ] --START--
INFO: Run Behavior\ReadHtmlCacheBehavior [ RunTime:0.000232s ]
INFO: [ app_begin ] --END-- [ RunTime:0.000262s ]
SQL: SHOW COLUMNS FROM `p_users` [ RunTime:0.0023s ]
SQL: SELECT * FROM `p_users` WHERE `name` = 'tcw' LIMIT 1   [ RunTime:0.0002s ]
SQL: SHOW COLUMNS FROM `p_agency_users` [ RunTime:0.0017s ]
SQL: SELECT * FROM `p_agency_users` WHERE `user_id` = 5 AND `mobile` = '15669023132' LIMIT 1   [ RunTime:0.0003s ]
SQL: SHOW COLUMNS FROM `p_sms_log` [ RunTime:0.0014s ]
SQL: SELECT * FROM `p_sms_log` WHERE `user_id` = 5 AND `mobile` = '15669023132' AND `type` = 0 LIMIT 1   [ RunTime:0.0002s ]
NOTIC: [8] Undefined property: ResultSet::$result /Users/tanchangwei/www/Phebe/Application/Common/Common/function.php 第 448 行.
NOTIC: [8] Trying to get property of non-object /Users/tanchangwei/www/Phebe/Application/Common/Common/function.php 第 448 行.

[ 2016-11-23T11:45:45+08:00 ] 127.0.0.1 /api/index/send_sms
INFO: [ app_init ] --START--
INFO: Run Behavior\BuildLiteBehavior [ RunTime:0.000016s ]
INFO: [ app_init ] --END-- [ RunTime:0.000393s ]
INFO: [ app_begin ] --START--
INFO: Run Behavior\ReadHtmlCacheBehavior [ RunTime:0.000382s ]
INFO: [ app_begin ] --END-- [ RunTime:0.000425s ]
ERR: syntax error, unexpected ')'

[ 2016-11-23T11:46:07+08:00 ] 127.0.0.1 /api/index/send_sms
INFO: [ app_init ] --START--
INFO: Run Behavior\BuildLiteBehavior [ RunTime:0.000011s ]
INFO: [ app_init ] --END-- [ RunTime:0.000257s ]
INFO: [ app_begin ] --START--
INFO: Run Behavior\ReadHtmlCacheBehavior [ RunTime:0.000577s ]
INFO: [ app_begin ] --END-- [ RunTime:0.000621s ]
SQL: SHOW COLUMNS FROM `p_users` [ RunTime:0.0034s ]
SQL: SELECT * FROM `p_users` WHERE `name` = 'tcw' LIMIT 1   [ RunTime:0.0004s ]
SQL: SHOW COLUMNS FROM `p_agency_users` [ RunTime:0.0015s ]
SQL: SELECT * FROM `p_agency_users` WHERE `user_id` = 5 AND `mobile` = '15669023132' LIMIT 1   [ RunTime:0.0003s ]
SQL: SHOW COLUMNS FROM `p_sms_log` [ RunTime:0.0012s ]
SQL: SELECT * FROM `p_sms_log` WHERE `user_id` = 5 AND `mobile` = '15669023132' AND `type` = 0 LIMIT 1   [ RunTime:0.0003s ]
SQL: INSERT INTO `p_sms_log` (`user_id`,`mobile`,`content`,`code`,`create_time`) VALUES ('5','15669023132','身份认证','823522','1479872767') [ RunTime:0.0004s ]

[ 2016-11-23T11:50:03+08:00 ] 127.0.0.1 /api/accument
INFO: [ app_init ] --START--
INFO: Run Behavior\BuildLiteBehavior [ RunTime:0.000007s ]
INFO: [ app_init ] --END-- [ RunTime:0.000147s ]
ERR: syntax error, unexpected '{', expecting ')'

[ 2016-11-23T11:50:50+08:00 ] 127.0.0.1 /api/accument
INFO: [ app_init ] --START--
INFO: Run Behavior\BuildLiteBehavior [ RunTime:0.000006s ]
INFO: [ app_init ] --END-- [ RunTime:0.000147s ]
INFO: [ app_begin ] --START--
INFO: Run Behavior\ReadHtmlCacheBehavior [ RunTime:0.000185s ]
INFO: [ app_begin ] --END-- [ RunTime:0.000203s ]
ERR: 无法加载控制器:Accument

[ 2016-11-23T11:50:56+08:00 ] 127.0.0.1 /api/index/accument
INFO: [ app_init ] --START--
INFO: Run Behavior\BuildLiteBehavior [ RunTime:0.000005s ]
INFO: [ app_init ] --END-- [ RunTime:0.000139s ]
INFO: [ app_begin ] --START--
INFO: Run Behavior\ReadHtmlCacheBehavior [ RunTime:0.000173s ]
INFO: [ app_begin ] --END-- [ RunTime:0.000190s ]
INFO: [ view_parse ] --START--
INFO: [ template_filter ] --START--
INFO: Run Behavior\ContentReplaceBehavior [ RunTime:0.000080s ]
INFO: [ template_filter ] --END-- [ RunTime:0.000114s ]
NOTIC: [8] Undefined index: list /Users/tanchangwei/www/Phebe/Application/Runtime/Cache/Api/2ab3ccc235b8cd0386246e1205527a71.php 第 238 行.
NOTIC: [2] Invalid argument supplied for foreach() /Users/tanchangwei/www/Phebe/Application/Runtime/Cache/Api/2ab3ccc235b8cd0386246e1205527a71.php 第 238 行.
INFO: Run Behavior\ParseTemplateBehavior [ RunTime:0.010779s ]
INFO: [ view_parse ] --END-- [ RunTime:0.010804s ]
INFO: [ view_filter ] --START--
INFO: Run Behavior\WriteHtmlCacheBehavior [ RunTime:0.000128s ]
INFO: [ view_filter ] --END-- [ RunTime:0.000146s ]
INFO: [ app_end ] --START--
INFO: Run Behavior\ShowPageTraceBehavior [ RunTime:0.000303s ]
INFO: [ app_end ] --END-- [ RunTime:0.000320s ]

[ 2016-11-23T13:37:30+08:00 ] 127.0.0.1 /api/index/get_agency_lists
INFO: [ app_init ] --START--
INFO: Run Behavior\BuildLiteBehavior [ RunTime:0.000012s ]
INFO: [ app_init ] --END-- [ RunTime:0.000620s ]
INFO: [ app_begin ] --START--
INFO: Run Behavior\ReadHtmlCacheBehavior [ RunTime:0.000466s ]
INFO: [ app_begin ] --END-- [ RunTime:0.000513s ]
SQL: SHOW COLUMNS FROM `p_agency` [ RunTime:0.0012s ]
SQL: SELECT * FROM `p_agency` WHERE `status` = 1 AND `name` LIKE '%tcw%' ORDER BY id DESC LIMIT 0,20   [ RunTime:0.0003s ]

[ 2016-11-23T13:38:10+08:00 ] 127.0.0.1 /api/index/get_agency_lists
INFO: [ app_init ] --START--
INFO: Run Behavior\BuildLiteBehavior [ RunTime:0.000010s ]
INFO: [ app_init ] --END-- [ RunTime:0.000270s ]
INFO: [ app_begin ] --START--
INFO: Run Behavior\ReadHtmlCacheBehavior [ RunTime:0.000320s ]
INFO: [ app_begin ] --END-- [ RunTime:0.000364s ]
SQL: SHOW COLUMNS FROM `p_agency` [ RunTime:0.0063s ]
SQL: SELECT * FROM `p_agency` WHERE `status` = 1 AND `name` LIKE '%tcw%' ORDER BY id DESC LIMIT 0,20   [ RunTime:0.0010s ]

[ 2016-11-23T13:38:11+08:00 ] 127.0.0.1 /api/index/get_agency_lists
INFO: [ app_init ] --START--
INFO: Run Behavior\BuildLiteBehavior [ RunTime:0.000007s ]
INFO: [ app_init ] --END-- [ RunTime:0.000175s ]
INFO: [ app_begin ] --START--
INFO: Run Behavior\ReadHtmlCacheBehavior [ RunTime:0.000422s ]
INFO: [ app_begin ] --END-- [ RunTime:0.000496s ]
SQL: SHOW COLUMNS FROM `p_agency` [ RunTime:0.0019s ]
SQL: SELECT * FROM `p_agency` WHERE `status` = 1 AND `name` LIKE '%tcw%' ORDER BY id DESC LIMIT 0,20   [ RunTime:0.0002s ]

[ 2016-11-23T13:38:11+08:00 ] 127.0.0.1 /api/index/get_agency_lists
INFO: [ app_init ] --START--
INFO: Run Behavior\BuildLiteBehavior [ RunTime:0.000010s ]
INFO: [ app_init ] --END-- [ RunTime:0.000269s ]
INFO: [ app_begin ] --START--
INFO: Run Behavior\ReadHtmlCacheBehavior [ RunTime:0.000263s ]
INFO: [ app_begin ] --END-- [ RunTime:0.000299s ]
SQL: SHOW COLUMNS FROM `p_agency` [ RunTime:0.0019s ]
SQL: SELECT * FROM `p_agency` WHERE `status` = 1 AND `name` LIKE '%tcw%' ORDER BY id DESC LIMIT 0,20   [ RunTime:0.0003s ]

[ 2016-11-23T13:38:44+08:00 ] 127.0.0.1 /api/index/get_agency_lists
INFO: [ app_init ] --START--
INFO: Run Behavior\BuildLiteBehavior [ RunTime:0.000011s ]
INFO: [ app_init ] --END-- [ RunTime:0.000259s ]
INFO: [ app_begin ] --START--
INFO: Run Behavior\ReadHtmlCacheBehavior [ RunTime:0.000657s ]
INFO: [ app_begin ] --END-- [ RunTime:0.000726s ]
SQL: SHOW COLUMNS FROM `p_agency` [ RunTime:0.0048s ]

[ 2016-11-23T13:38:56+08:00 ] 127.0.0.1 /api/index/get_agency_lists
INFO: [ app_init ] --START--
INFO: Run Behavior\BuildLiteBehavior [ RunTime:0.000009s ]
INFO: [ app_init ] --END-- [ RunTime:0.000317s ]
INFO: [ app_begin ] --START--
INFO: Run Behavior\ReadHtmlCacheBehavior [ RunTime:0.000823s ]
INFO: [ app_begin ] --END-- [ RunTime:0.000875s ]
SQL: SHOW COLUMNS FROM `p_agency` [ RunTime:0.0025s ]
SQL: SELECT * FROM `p_agency` WHERE `status` = 1 AND `name` LIKE '%tcw%' ORDER BY id DESC LIMIT 0,20   [ RunTime:0.0002s ]

[ 2016-11-23T13:39:02+08:00 ] 127.0.0.1 /api/index/get_agency_lists
INFO: [ app_init ] --START--
INFO: Run Behavior\BuildLiteBehavior [ RunTime:0.000012s ]
INFO: [ app_init ] --END-- [ RunTime:0.000324s ]
INFO: [ app_begin ] --START--
INFO: Run Behavior\ReadHtmlCacheBehavior [ RunTime:0.000598s ]
INFO: [ app_begin ] --END-- [ RunTime:0.000643s ]
SQL: SHOW COLUMNS FROM `p_agency` [ RunTime:0.0060s ]
SQL: SELECT * FROM `p_agency` WHERE `status` = 1 ORDER BY id DESC LIMIT 0,20   [ RunTime:0.0010s ]

[ 2016-11-23T13:42:33+08:00 ] 127.0.0.1 /api/index/get_agency_lists
INFO: [ app_init ] --START--
INFO: Run Behavior\BuildLiteBehavior [ RunTime:0.000015s ]
INFO: [ app_init ] --END-- [ RunTime:0.000881s ]
INFO: [ app_begin ] --START--
INFO: Run Behavior\ReadHtmlCacheBehavior [ RunTime:0.000437s ]
INFO: [ app_begin ] --END-- [ RunTime:0.000468s ]
SQL: SHOW COLUMNS FROM `p_agency` [ RunTime:0.0016s ]
NOTIC: [8] Undefined variable: filed /Users/tanchangwei/www/Phebe/Application/Api/Controller/IndexController.class.php 第 45 行.
SQL: SELECT * FROM `p_agency` WHERE `status` = 1 ORDER BY ag_id DESC LIMIT 0,20   [ RunTime:0.0002s ]

[ 2016-11-23T13:43:02+08:00 ] 127.0.0.1 /api/index/get_agency_lists
INFO: [ app_init ] --START--
INFO: Run Behavior\BuildLiteBehavior [ RunTime:0.000009s ]
INFO: [ app_init ] --END-- [ RunTime:0.000235s ]
INFO: [ app_begin ] --START--
INFO: Run Behavior\ReadHtmlCacheBehavior [ RunTime:0.000527s ]
INFO: [ app_begin ] --END-- [ RunTime:0.000571s ]
SQL: SHOW COLUMNS FROM `p_agency` [ RunTime:0.0025s ]
NOTIC: [8] Undefined variable: filed /Users/tanchangwei/www/Phebe/Application/Api/Controller/IndexController.class.php 第 45 行.
SQL: SELECT * FROM `p_agency` WHERE `status` = 1 ORDER BY ag_id DESC LIMIT 0,20   [ RunTime:0.0002s ]

[ 2016-11-23T13:43:06+08:00 ] 127.0.0.1 /api/index/get_agency_lists
INFO: [ app_init ] --START--
INFO: Run Behavior\BuildLiteBehavior [ RunTime:0.000017s ]
INFO: [ app_init ] --END-- [ RunTime:0.000345s ]
INFO: [ app_begin ] --START--
INFO: Run Behavior\ReadHtmlCacheBehavior [ RunTime:0.000343s ]
INFO: [ app_begin ] --END-- [ RunTime:0.000385s ]
SQL: SHOW COLUMNS FROM `p_agency` [ RunTime:0.0032s ]
NOTIC: [8] Undefined variable: filed /Users/tanchangwei/www/Phebe/Application/Api/Controller/IndexController.class.php 第 45 行.
SQL: SELECT * FROM `p_agency` WHERE `status` = 1 ORDER BY ag_id DESC LIMIT 0,20   [ RunTime:0.0008s ]

[ 2016-11-23T13:43:07+08:00 ] 127.0.0.1 /api/index/get_agency_lists
INFO: [ app_init ] --START--
INFO: Run Behavior\BuildLiteBehavior [ RunTime:0.000009s ]
INFO: [ app_init ] --END-- [ RunTime:0.000186s ]
INFO: [ app_begin ] --START--
INFO: Run Behavior\ReadHtmlCacheBehavior [ RunTime:0.000291s ]
INFO: [ app_begin ] --END-- [ RunTime:0.000347s ]
SQL: SHOW COLUMNS FROM `p_agency` [ RunTime:0.0027s ]
NOTIC: [8] Undefined variable: filed /Users/tanchangwei/www/Phebe/Application/Api/Controller/IndexController.class.php 第 45 行.
SQL: SELECT * FROM `p_agency` WHERE `status` = 1 ORDER BY ag_id DESC LIMIT 0,20   [ RunTime:0.0002s ]

[ 2016-11-23T13:43:07+08:00 ] 127.0.0.1 /api/index/get_agency_lists
INFO: [ app_init ] --START--
INFO: Run Behavior\BuildLiteBehavior [ RunTime:0.000008s ]
INFO: [ app_init ] --END-- [ RunTime:0.000178s ]
INFO: [ app_begin ] --START--
INFO: Run Behavior\ReadHtmlCacheBehavior [ RunTime:0.000224s ]
INFO: [ app_begin ] --END-- [ RunTime:0.000257s ]
SQL: SHOW COLUMNS FROM `p_agency` [ RunTime:0.0024s ]
NOTIC: [8] Undefined variable: filed /Users/tanchangwei/www/Phebe/Application/Api/Controller/IndexController.class.php 第 45 行.
SQL: SELECT * FROM `p_agency` WHERE `status` = 1 ORDER BY ag_id DESC LIMIT 0,20   [ RunTime:0.0002s ]

[ 2016-11-23T13:43:16+08:00 ] 127.0.0.1 /api/index/get_agency_lists
INFO: [ app_init ] --START--
INFO: Run Behavior\BuildLiteBehavior [ RunTime:0.000016s ]
INFO: [ app_init ] --END-- [ RunTime:0.000594s ]
INFO: [ app_begin ] --START--
INFO: Run Behavior\ReadHtmlCacheBehavior [ RunTime:0.000496s ]
INFO: [ app_begin ] --END-- [ RunTime:0.000546s ]
SQL: SHOW COLUMNS FROM `p_agency` [ RunTime:0.0028s ]
NOTIC: [8] Undefined variable: filed /Users/tanchangwei/www/Phebe/Application/Api/Controller/IndexController.class.php 第 45 行.
ERR: Think\Model:filed方法不存在！

[ 2016-11-23T13:43:28+08:00 ] 127.0.0.1 /api/index/get_agency_lists
INFO: [ app_init ] --START--
INFO: Run Behavior\BuildLiteBehavior [ RunTime:0.000012s ]
INFO: [ app_init ] --END-- [ RunTime:0.000405s ]
INFO: [ app_begin ] --START--
INFO: Run Behavior\ReadHtmlCacheBehavior [ RunTime:0.000418s ]
INFO: [ app_begin ] --END-- [ RunTime:0.000473s ]
SQL: SHOW COLUMNS FROM `p_agency` [ RunTime:0.0034s ]
NOTIC: [8] Undefined variable: filed /Users/tanchangwei/www/Phebe/Application/Api/Controller/IndexController.class.php 第 45 行.
SQL: SELECT * FROM `p_agency` WHERE `status` = 1 ORDER BY ag_id DESC LIMIT 0,20   [ RunTime:0.0014s ]

[ 2016-11-23T13:43:59+08:00 ] 127.0.0.1 /api/index/get_agency_lists
INFO: [ app_init ] --START--
INFO: Run Behavior\BuildLiteBehavior [ RunTime:0.000010s ]
INFO: [ app_init ] --END-- [ RunTime:0.000274s ]
INFO: [ app_begin ] --START--
INFO: Run Behavior\ReadHtmlCacheBehavior [ RunTime:0.000484s ]
INFO: [ app_begin ] --END-- [ RunTime:0.000537s ]
SQL: SHOW COLUMNS FROM `p_agency` [ RunTime:0.0031s ]
SQL: SELECT `id`,`name` FROM `p_agency` WHERE `status` = 1 ORDER BY ag_id DESC LIMIT 0,20   [ RunTime:0.0002s ]

[ 2016-11-23T13:46:06+08:00 ] 127.0.0.1 /api/index/get_agency_lists
INFO: [ app_init ] --START--
INFO: Run Behavior\BuildLiteBehavior [ RunTime:0.000013s ]
INFO: [ app_init ] --END-- [ RunTime:0.001132s ]
INFO: [ app_begin ] --START--
INFO: Run Behavior\ReadHtmlCacheBehavior [ RunTime:0.000257s ]
INFO: [ app_begin ] --END-- [ RunTime:0.000288s ]
SQL: SHOW COLUMNS FROM `p_agency` [ RunTime:0.0020s ]
SQL: SELECT `id`,`name` FROM `p_agency` WHERE `status` = 1 ORDER BY ag_id DESC  [ RunTime:0.0002s ]

[ 2016-11-23T13:46:15+08:00 ] 127.0.0.1 /api/index/get_agency_lists
INFO: [ app_init ] --START--
INFO: Run Behavior\BuildLiteBehavior [ RunTime:0.000006s ]
INFO: [ app_init ] --END-- [ RunTime:0.000147s ]
INFO: [ app_begin ] --START--
INFO: Run Behavior\ReadHtmlCacheBehavior [ RunTime:0.000305s ]
INFO: [ app_begin ] --END-- [ RunTime:0.000340s ]
SQL: SHOW COLUMNS FROM `p_agency` [ RunTime:0.0031s ]
SQL: SELECT `id`,`name` FROM `p_agency` WHERE `status` = 1 ORDER BY ag_id DESC  [ RunTime:0.0009s ]

[ 2016-11-23T13:46:38+08:00 ] 127.0.0.1 /api/index/get_agency_lists
INFO: [ app_init ] --START--
INFO: Run Behavior\BuildLiteBehavior [ RunTime:0.000012s ]
INFO: [ app_init ] --END-- [ RunTime:0.000353s ]
INFO: [ app_begin ] --START--
INFO: Run Behavior\ReadHtmlCacheBehavior [ RunTime:0.000475s ]
INFO: [ app_begin ] --END-- [ RunTime:0.000525s ]

[ 2016-11-23T13:46:39+08:00 ] 127.0.0.1 /api/index/get_agency_lists
INFO: [ app_init ] --START--
INFO: Run Behavior\BuildLiteBehavior [ RunTime:0.000009s ]
INFO: [ app_init ] --END-- [ RunTime:0.000244s ]
INFO: [ app_begin ] --START--
INFO: Run Behavior\ReadHtmlCacheBehavior [ RunTime:0.000350s ]
INFO: [ app_begin ] --END-- [ RunTime:0.000393s ]

[ 2016-11-23T13:46:44+08:00 ] 127.0.0.1 /api/index/get_agency_lists
INFO: [ app_init ] --START--
INFO: Run Behavior\BuildLiteBehavior [ RunTime:0.000009s ]
INFO: [ app_init ] --END-- [ RunTime:0.000216s ]
INFO: [ app_begin ] --START--
INFO: Run Behavior\ReadHtmlCacheBehavior [ RunTime:0.000354s ]
INFO: [ app_begin ] --END-- [ RunTime:0.000403s ]

[ 2016-11-23T13:46:45+08:00 ] 127.0.0.1 /api/index/get_agency_lists
INFO: [ app_init ] --START--
INFO: Run Behavior\BuildLiteBehavior [ RunTime:0.000011s ]
INFO: [ app_init ] --END-- [ RunTime:0.000261s ]
INFO: [ app_begin ] --START--
INFO: Run Behavior\ReadHtmlCacheBehavior [ RunTime:0.000445s ]
INFO: [ app_begin ] --END-- [ RunTime:0.000553s ]

[ 2016-11-23T13:47:41+08:00 ] 127.0.0.1 /api/index/get_agency_lists
INFO: [ app_init ] --START--
INFO: Run Behavior\BuildLiteBehavior [ RunTime:0.000006s ]
INFO: [ app_init ] --END-- [ RunTime:0.000161s ]
INFO: [ app_begin ] --START--
INFO: Run Behavior\ReadHtmlCacheBehavior [ RunTime:0.000215s ]
INFO: [ app_begin ] --END-- [ RunTime:0.000247s ]
SQL: SHOW COLUMNS FROM `p_agency` [ RunTime:0.0036s ]
SQL: SELECT `id`,`name` FROM `p_agency` WHERE `status` = 1 ORDER BY ag_id DESC LIMIT 20,20   [ RunTime:0.0007s ]

[ 2016-11-23T13:47:42+08:00 ] 127.0.0.1 /api/index/get_agency_lists
INFO: [ app_init ] --START--
INFO: Run Behavior\BuildLiteBehavior [ RunTime:0.000008s ]
INFO: [ app_init ] --END-- [ RunTime:0.000190s ]
INFO: [ app_begin ] --START--
INFO: Run Behavior\ReadHtmlCacheBehavior [ RunTime:0.000365s ]
INFO: [ app_begin ] --END-- [ RunTime:0.000410s ]
SQL: SHOW COLUMNS FROM `p_agency` [ RunTime:0.0020s ]
SQL: SELECT `id`,`name` FROM `p_agency` WHERE `status` = 1 ORDER BY ag_id DESC LIMIT 20,20   [ RunTime:0.0002s ]

[ 2016-11-23T13:47:51+08:00 ] 127.0.0.1 /api/index/get_agency_lists
INFO: [ app_init ] --START--
INFO: Run Behavior\BuildLiteBehavior [ RunTime:0.000005s ]
INFO: [ app_init ] --END-- [ RunTime:0.000151s ]
INFO: [ app_begin ] --START--
INFO: Run Behavior\ReadHtmlCacheBehavior [ RunTime:0.000186s ]
INFO: [ app_begin ] --END-- [ RunTime:0.000206s ]
SQL: SHOW COLUMNS FROM `p_agency` [ RunTime:0.0018s ]
SQL: SELECT `id`,`name` FROM `p_agency` WHERE `status` = 1 ORDER BY ag_id DESC LIMIT 0,20   [ RunTime:0.0003s ]

[ 2016-11-23T13:47:57+08:00 ] 127.0.0.1 /api/index/get_agency_lists
INFO: [ app_init ] --START--
INFO: Run Behavior\BuildLiteBehavior [ RunTime:0.000007s ]
INFO: [ app_init ] --END-- [ RunTime:0.000158s ]
INFO: [ app_begin ] --START--
INFO: Run Behavior\ReadHtmlCacheBehavior [ RunTime:0.000189s ]
INFO: [ app_begin ] --END-- [ RunTime:0.000208s ]
SQL: SHOW COLUMNS FROM `p_agency` [ RunTime:0.0020s ]
SQL: SELECT `id`,`name` FROM `p_agency` WHERE `status` = 1 AND `name` LIKE '%测试%' ORDER BY ag_id DESC LIMIT 0,20   [ RunTime:0.0003s ]

[ 2016-11-23T13:48:04+08:00 ] 127.0.0.1 /api/index/get_agency_lists
INFO: [ app_init ] --START--
INFO: Run Behavior\BuildLiteBehavior [ RunTime:0.000007s ]
INFO: [ app_init ] --END-- [ RunTime:0.000168s ]
INFO: [ app_begin ] --START--
INFO: Run Behavior\ReadHtmlCacheBehavior [ RunTime:0.000274s ]
INFO: [ app_begin ] --END-- [ RunTime:0.000314s ]
SQL: SHOW COLUMNS FROM `p_agency` [ RunTime:0.0048s ]
SQL: SELECT `id`,`name` FROM `p_agency` WHERE `status` = 1 AND `name` LIKE '%测%' ORDER BY ag_id DESC LIMIT 0,20   [ RunTime:0.0003s ]

[ 2016-11-23T13:48:08+08:00 ] 127.0.0.1 /api/index/get_agency_lists
INFO: [ app_init ] --START--
INFO: Run Behavior\BuildLiteBehavior [ RunTime:0.000007s ]
INFO: [ app_init ] --END-- [ RunTime:0.000170s ]
INFO: [ app_begin ] --START--
INFO: Run Behavior\ReadHtmlCacheBehavior [ RunTime:0.000196s ]
INFO: [ app_begin ] --END-- [ RunTime:0.000219s ]
SQL: SHOW COLUMNS FROM `p_agency` [ RunTime:0.0025s ]
SQL: SELECT `id`,`name` FROM `p_agency` WHERE `status` = 1 AND `name` LIKE '%哈%' ORDER BY ag_id DESC LIMIT 0,20   [ RunTime:0.0004s ]

[ 2016-11-23T13:56:45+08:00 ] 127.0.0.1 /api/index/accument
INFO: [ app_init ] --START--
INFO: Run Behavior\BuildLiteBehavior [ RunTime:0.000007s ]
INFO: [ app_init ] --END-- [ RunTime:0.000156s ]
INFO: [ app_begin ] --START--
INFO: Run Behavior\ReadHtmlCacheBehavior [ RunTime:0.000195s ]
INFO: [ app_begin ] --END-- [ RunTime:0.000217s ]
INFO: [ view_parse ] --START--
INFO: [ template_filter ] --START--
INFO: Run Behavior\ContentReplaceBehavior [ RunTime:0.000047s ]
INFO: [ template_filter ] --END-- [ RunTime:0.000073s ]
NOTIC: [8] Undefined index: list /Users/tanchangwei/www/Phebe/Application/Runtime/Cache/Api/2ab3ccc235b8cd0386246e1205527a71.php 第 238 行.
NOTIC: [2] Invalid argument supplied for foreach() /Users/tanchangwei/www/Phebe/Application/Runtime/Cache/Api/2ab3ccc235b8cd0386246e1205527a71.php 第 238 行.
NOTIC: [8] Undefined index: list /Users/tanchangwei/www/Phebe/Application/Runtime/Cache/Api/2ab3ccc235b8cd0386246e1205527a71.php 第 238 行.
NOTIC: [2] Invalid argument supplied for foreach() /Users/tanchangwei/www/Phebe/Application/Runtime/Cache/Api/2ab3ccc235b8cd0386246e1205527a71.php 第 238 行.
INFO: Run Behavior\ParseTemplateBehavior [ RunTime:0.012719s ]
INFO: [ view_parse ] --END-- [ RunTime:0.012750s ]
INFO: [ view_filter ] --START--
INFO: Run Behavior\WriteHtmlCacheBehavior [ RunTime:0.000302s ]
INFO: [ view_filter ] --END-- [ RunTime:0.000320s ]
INFO: [ app_end ] --START--
INFO: Run Behavior\ShowPageTraceBehavior [ RunTime:0.000607s ]
INFO: [ app_end ] --END-- [ RunTime:0.000643s ]

[ 2016-11-23T13:57:04+08:00 ] 127.0.0.1 /api/index/get_agency_lists
INFO: [ app_init ] --START--
INFO: Run Behavior\BuildLiteBehavior [ RunTime:0.000014s ]
INFO: [ app_init ] --END-- [ RunTime:0.000230s ]
INFO: [ app_begin ] --START--
INFO: Run Behavior\ReadHtmlCacheBehavior [ RunTime:0.000308s ]
INFO: [ app_begin ] --END-- [ RunTime:0.000349s ]
SQL: SHOW COLUMNS FROM `p_agency` [ RunTime:0.0021s ]
SQL: SELECT `id`,`name` FROM `p_agency` WHERE `status` = 1 ORDER BY ag_id DESC LIMIT 0,20   [ RunTime:0.0002s ]

[ 2016-11-23T13:57:50+08:00 ] 127.0.0.1 /api/index/get_agency_lists
INFO: [ app_init ] --START--
INFO: Run Behavior\BuildLiteBehavior [ RunTime:0.000009s ]
INFO: [ app_init ] --END-- [ RunTime:0.000263s ]
INFO: [ app_begin ] --START--
INFO: Run Behavior\ReadHtmlCacheBehavior [ RunTime:0.000318s ]
INFO: [ app_begin ] --END-- [ RunTime:0.000353s ]
SQL: SHOW COLUMNS FROM `p_agency` [ RunTime:0.0034s ]
SQL: SELECT `id`,`name` FROM `p_agency` WHERE `status` = 1 ORDER BY ag_id DESC LIMIT 0,20   [ RunTime:0.0005s ]

[ 2016-11-23T13:58:08+08:00 ] 127.0.0.1 /api/index/accument
INFO: [ app_init ] --START--
INFO: Run Behavior\BuildLiteBehavior [ RunTime:0.000005s ]
INFO: [ app_init ] --END-- [ RunTime:0.000145s ]
INFO: [ app_begin ] --START--
INFO: Run Behavior\ReadHtmlCacheBehavior [ RunTime:0.000177s ]
INFO: [ app_begin ] --END-- [ RunTime:0.000193s ]
INFO: [ view_parse ] --START--
INFO: [ template_filter ] --START--
INFO: Run Behavior\ContentReplaceBehavior [ RunTime:0.000043s ]
INFO: [ template_filter ] --END-- [ RunTime:0.000061s ]
NOTIC: [8] Undefined index: list /Users/tanchangwei/www/Phebe/Application/Runtime/Cache/Api/2ab3ccc235b8cd0386246e1205527a71.php 第 238 行.
NOTIC: [2] Invalid argument supplied for foreach() /Users/tanchangwei/www/Phebe/Application/Runtime/Cache/Api/2ab3ccc235b8cd0386246e1205527a71.php 第 238 行.
NOTIC: [8] Undefined index: list /Users/tanchangwei/www/Phebe/Application/Runtime/Cache/Api/2ab3ccc235b8cd0386246e1205527a71.php 第 238 行.
NOTIC: [2] Invalid argument supplied for foreach() /Users/tanchangwei/www/Phebe/Application/Runtime/Cache/Api/2ab3ccc235b8cd0386246e1205527a71.php 第 238 行.
INFO: Run Behavior\ParseTemplateBehavior [ RunTime:0.003283s ]
INFO: [ view_parse ] --END-- [ RunTime:0.003303s ]
INFO: [ view_filter ] --START--
INFO: Run Behavior\WriteHtmlCacheBehavior [ RunTime:0.000088s ]
INFO: [ view_filter ] --END-- [ RunTime:0.000101s ]
INFO: [ app_end ] --START--
INFO: Run Behavior\ShowPageTraceBehavior [ RunTime:0.000366s ]
INFO: [ app_end ] --END-- [ RunTime:0.000432s ]

[ 2016-11-23T13:58:51+08:00 ] 127.0.0.1 /api/index/accument
INFO: [ app_init ] --START--
INFO: Run Behavior\BuildLiteBehavior [ RunTime:0.000005s ]
INFO: [ app_init ] --END-- [ RunTime:0.000141s ]
INFO: [ app_begin ] --START--
INFO: Run Behavior\ReadHtmlCacheBehavior [ RunTime:0.000179s ]
INFO: [ app_begin ] --END-- [ RunTime:0.000197s ]
INFO: [ view_parse ] --START--
INFO: [ template_filter ] --START--
INFO: Run Behavior\ContentReplaceBehavior [ RunTime:0.000044s ]
INFO: [ template_filter ] --END-- [ RunTime:0.000066s ]
NOTIC: [8] Undefined index: list /Users/tanchangwei/www/Phebe/Application/Runtime/Cache/Api/2ab3ccc235b8cd0386246e1205527a71.php 第 238 行.
NOTIC: [2] Invalid argument supplied for foreach() /Users/tanchangwei/www/Phebe/Application/Runtime/Cache/Api/2ab3ccc235b8cd0386246e1205527a71.php 第 238 行.
NOTIC: [8] Undefined index: list /Users/tanchangwei/www/Phebe/Application/Runtime/Cache/Api/2ab3ccc235b8cd0386246e1205527a71.php 第 238 行.
NOTIC: [2] Invalid argument supplied for foreach() /Users/tanchangwei/www/Phebe/Application/Runtime/Cache/Api/2ab3ccc235b8cd0386246e1205527a71.php 第 238 行.
INFO: Run Behavior\ParseTemplateBehavior [ RunTime:0.008686s ]
INFO: [ view_parse ] --END-- [ RunTime:0.008706s ]
INFO: [ view_filter ] --START--
INFO: Run Behavior\WriteHtmlCacheBehavior [ RunTime:0.000165s ]
INFO: [ view_filter ] --END-- [ RunTime:0.000188s ]
INFO: [ app_end ] --START--
INFO: Run Behavior\ShowPageTraceBehavior [ RunTime:0.000884s ]
INFO: [ app_end ] --END-- [ RunTime:0.001078s ]

[ 2016-11-23T13:59:06+08:00 ] 127.0.0.1 /api/index/accument
INFO: [ app_init ] --START--
INFO: Run Behavior\BuildLiteBehavior [ RunTime:0.000006s ]
INFO: [ app_init ] --END-- [ RunTime:0.000160s ]
INFO: [ app_begin ] --START--
INFO: Run Behavior\ReadHtmlCacheBehavior [ RunTime:0.000280s ]
INFO: [ app_begin ] --END-- [ RunTime:0.000317s ]
INFO: [ view_parse ] --START--
INFO: [ template_filter ] --START--
INFO: Run Behavior\ContentReplaceBehavior [ RunTime:0.000047s ]
INFO: [ template_filter ] --END-- [ RunTime:0.000073s ]
NOTIC: [8] Undefined index: list /Users/tanchangwei/www/Phebe/Application/Runtime/Cache/Api/2ab3ccc235b8cd0386246e1205527a71.php 第 238 行.
NOTIC: [2] Invalid argument supplied for foreach() /Users/tanchangwei/www/Phebe/Application/Runtime/Cache/Api/2ab3ccc235b8cd0386246e1205527a71.php 第 238 行.
NOTIC: [8] Undefined index: list /Users/tanchangwei/www/Phebe/Application/Runtime/Cache/Api/2ab3ccc235b8cd0386246e1205527a71.php 第 238 行.
NOTIC: [2] Invalid argument supplied for foreach() /Users/tanchangwei/www/Phebe/Application/Runtime/Cache/Api/2ab3ccc235b8cd0386246e1205527a71.php 第 238 行.
INFO: Run Behavior\ParseTemplateBehavior [ RunTime:0.004434s ]
INFO: [ view_parse ] --END-- [ RunTime:0.004456s ]
INFO: [ view_filter ] --START--
INFO: Run Behavior\WriteHtmlCacheBehavior [ RunTime:0.000084s ]
INFO: [ view_filter ] --END-- [ RunTime:0.000095s ]
INFO: [ app_end ] --START--
INFO: Run Behavior\ShowPageTraceBehavior [ RunTime:0.000422s ]
INFO: [ app_end ] --END-- [ RunTime:0.000466s ]

[ 2016-11-23T13:59:09+08:00 ] 127.0.0.1 /Api/index/get_agency_lists
INFO: [ app_init ] --START--
INFO: Run Behavior\BuildLiteBehavior [ RunTime:0.000006s ]
INFO: [ app_init ] --END-- [ RunTime:0.000158s ]
INFO: [ app_begin ] --START--
INFO: Run Behavior\ReadHtmlCacheBehavior [ RunTime:0.000191s ]
INFO: [ app_begin ] --END-- [ RunTime:0.000211s ]
SQL: SHOW COLUMNS FROM `p_agency` [ RunTime:0.0033s ]
SQL: SELECT `id`,`name` FROM `p_agency` WHERE `status` = 1 ORDER BY ag_id DESC LIMIT 0,20   [ RunTime:0.0008s ]

[ 2016-11-23T14:17:40+08:00 ] 127.0.0.1 /Api/index/get_agency_lists
INFO: [ app_init ] --START--
INFO: Run Behavior\BuildLiteBehavior [ RunTime:0.000008s ]
INFO: [ app_init ] --END-- [ RunTime:0.000187s ]
INFO: [ app_begin ] --START--
INFO: Run Behavior\ReadHtmlCacheBehavior [ RunTime:0.001561s ]
INFO: [ app_begin ] --END-- [ RunTime:0.001669s ]
SQL: SHOW COLUMNS FROM `p_agency` [ RunTime:0.0020s ]
SQL: SELECT `id`,`name` FROM `p_agency` WHERE `status` = 1 ORDER BY ag_id DESC LIMIT 0,20   [ RunTime:0.0007s ]

[ 2016-11-23T14:18:21+08:00 ] 127.0.0.1 /api/index/accument
INFO: [ app_init ] --START--
INFO: Run Behavior\BuildLiteBehavior [ RunTime:0.000034s ]
INFO: [ app_init ] --END-- [ RunTime:0.000338s ]
INFO: [ app_begin ] --START--
INFO: Run Behavior\ReadHtmlCacheBehavior [ RunTime:0.000373s ]
INFO: [ app_begin ] --END-- [ RunTime:0.000423s ]
INFO: [ view_parse ] --START--
INFO: [ template_filter ] --START--
INFO: Run Behavior\ContentReplaceBehavior [ RunTime:0.000084s ]
INFO: [ template_filter ] --END-- [ RunTime:0.000104s ]
NOTIC: [8] Undefined index: list /Users/tanchangwei/www/Phebe/Application/Runtime/Cache/Api/2ab3ccc235b8cd0386246e1205527a71.php 第 238 行.
NOTIC: [2] Invalid argument supplied for foreach() /Users/tanchangwei/www/Phebe/Application/Runtime/Cache/Api/2ab3ccc235b8cd0386246e1205527a71.php 第 238 行.
NOTIC: [8] Undefined index: list /Users/tanchangwei/www/Phebe/Application/Runtime/Cache/Api/2ab3ccc235b8cd0386246e1205527a71.php 第 238 行.
NOTIC: [2] Invalid argument supplied for foreach() /Users/tanchangwei/www/Phebe/Application/Runtime/Cache/Api/2ab3ccc235b8cd0386246e1205527a71.php 第 238 行.
INFO: Run Behavior\ParseTemplateBehavior [ RunTime:0.003312s ]
INFO: [ view_parse ] --END-- [ RunTime:0.003334s ]
INFO: [ view_filter ] --START--
INFO: Run Behavior\WriteHtmlCacheBehavior [ RunTime:0.000099s ]
INFO: [ view_filter ] --END-- [ RunTime:0.000114s ]
INFO: [ app_end ] --START--
INFO: Run Behavior\ShowPageTraceBehavior [ RunTime:0.000559s ]
INFO: [ app_end ] --END-- [ RunTime:0.000628s ]

[ 2016-11-23T14:19:13+08:00 ] 127.0.0.1 /Api/index/get_agency_lists
INFO: [ app_init ] --START--
INFO: Run Behavior\BuildLiteBehavior [ RunTime:0.000009s ]
INFO: [ app_init ] --END-- [ RunTime:0.000252s ]
INFO: [ app_begin ] --START--
INFO: Run Behavior\ReadHtmlCacheBehavior [ RunTime:0.000218s ]
INFO: [ app_begin ] --END-- [ RunTime:0.000248s ]
SQL: SHOW COLUMNS FROM `p_agency` [ RunTime:0.0031s ]
SQL: SELECT `id`,`name` FROM `p_agency` WHERE `status` = 1 ORDER BY ag_id DESC LIMIT 0,20   [ RunTime:0.0004s ]

[ 2016-11-23T14:30:48+08:00 ] 127.0.0.1 /Api/index/get_agency_lists
INFO: [ app_init ] --START--
INFO: Run Behavior\BuildLiteBehavior [ RunTime:0.000011s ]
INFO: [ app_init ] --END-- [ RunTime:0.000550s ]
INFO: [ app_begin ] --START--
INFO: Run Behavior\ReadHtmlCacheBehavior [ RunTime:0.000455s ]
INFO: [ app_begin ] --END-- [ RunTime:0.000485s ]
SQL: SHOW COLUMNS FROM `p_agency` [ RunTime:0.0028s ]
SQL: SELECT `id`,`name` FROM `p_agency` WHERE `status` = 1 ORDER BY ag_id DESC LIMIT 0,20   [ RunTime:0.0002s ]

[ 2016-11-23T14:43:59+08:00 ] 127.0.0.1 /api/index/get_agency_lists
INFO: [ app_init ] --START--
INFO: Run Behavior\BuildLiteBehavior [ RunTime:0.000012s ]
INFO: [ app_init ] --END-- [ RunTime:0.000505s ]
INFO: [ app_begin ] --START--
INFO: Run Behavior\ReadHtmlCacheBehavior [ RunTime:0.000306s ]
INFO: [ app_begin ] --END-- [ RunTime:0.000366s ]
SQL: SHOW COLUMNS FROM `p_agency` [ RunTime:0.0020s ]
SQL: SELECT `id`,`name` FROM `p_agency` WHERE `status` = 1 ORDER BY ag_id DESC LIMIT 0,20   [ RunTime:0.0005s ]

[ 2016-11-23T14:59:27+08:00 ] 127.0.0.1 /api/index/authentification
INFO: [ app_init ] --START--
INFO: Run Behavior\BuildLiteBehavior [ RunTime:0.000010s ]
INFO: [ app_init ] --END-- [ RunTime:0.000272s ]
INFO: [ app_begin ] --START--
INFO: Run Behavior\ReadHtmlCacheBehavior [ RunTime:0.000386s ]
INFO: [ app_begin ] --END-- [ RunTime:0.000437s ]

[ 2016-11-23T14:59:45+08:00 ] 127.0.0.1 /api/index/authentification
INFO: [ app_init ] --START--
INFO: Run Behavior\BuildLiteBehavior [ RunTime:0.000009s ]
INFO: [ app_init ] --END-- [ RunTime:0.000279s ]
INFO: [ app_begin ] --START--
INFO: Run Behavior\ReadHtmlCacheBehavior [ RunTime:0.000379s ]
INFO: [ app_begin ] --END-- [ RunTime:0.000425s ]

[ 2016-11-23T15:03:05+08:00 ] 127.0.0.1 /api/index/accument
INFO: [ app_init ] --START--
INFO: Run Behavior\BuildLiteBehavior [ RunTime:0.000014s ]
INFO: [ app_init ] --END-- [ RunTime:0.000222s ]
INFO: [ app_begin ] --START--
INFO: Run Behavior\ReadHtmlCacheBehavior [ RunTime:0.000213s ]
INFO: [ app_begin ] --END-- [ RunTime:0.000232s ]
INFO: [ view_parse ] --START--
INFO: [ template_filter ] --START--
INFO: Run Behavior\ContentReplaceBehavior [ RunTime:0.000047s ]
INFO: [ template_filter ] --END-- [ RunTime:0.000071s ]
NOTIC: [8] Undefined index: list /Users/tanchangwei/www/Phebe/Application/Runtime/Cache/Api/2ab3ccc235b8cd0386246e1205527a71.php 第 238 行.
NOTIC: [2] Invalid argument supplied for foreach() /Users/tanchangwei/www/Phebe/Application/Runtime/Cache/Api/2ab3ccc235b8cd0386246e1205527a71.php 第 238 行.
NOTIC: [8] Undefined index: list /Users/tanchangwei/www/Phebe/Application/Runtime/Cache/Api/2ab3ccc235b8cd0386246e1205527a71.php 第 238 行.
NOTIC: [2] Invalid argument supplied for foreach() /Users/tanchangwei/www/Phebe/Application/Runtime/Cache/Api/2ab3ccc235b8cd0386246e1205527a71.php 第 238 行.
NOTIC: [8] Undefined index: list /Users/tanchangwei/www/Phebe/Application/Runtime/Cache/Api/2ab3ccc235b8cd0386246e1205527a71.php 第 238 行.
NOTIC: [2] Invalid argument supplied for foreach() /Users/tanchangwei/www/Phebe/Application/Runtime/Cache/Api/2ab3ccc235b8cd0386246e1205527a71.php 第 238 行.
INFO: Run Behavior\ParseTemplateBehavior [ RunTime:0.005112s ]
INFO: [ view_parse ] --END-- [ RunTime:0.005129s ]
INFO: [ view_filter ] --START--
INFO: Run Behavior\WriteHtmlCacheBehavior [ RunTime:0.000289s ]
INFO: [ view_filter ] --END-- [ RunTime:0.000312s ]
INFO: [ app_end ] --START--
INFO: Run Behavior\ShowPageTraceBehavior [ RunTime:0.000677s ]
INFO: [ app_end ] --END-- [ RunTime:0.000713s ]

[ 2016-11-23T15:03:15+08:00 ] 127.0.0.1 /api/index/accument
INFO: [ app_init ] --START--
INFO: Run Behavior\BuildLiteBehavior [ RunTime:0.000016s ]
INFO: [ app_init ] --END-- [ RunTime:0.000341s ]
INFO: [ app_begin ] --START--
INFO: Run Behavior\ReadHtmlCacheBehavior [ RunTime:0.000270s ]
INFO: [ app_begin ] --END-- [ RunTime:0.000300s ]
INFO: [ view_parse ] --START--
INFO: [ template_filter ] --START--
INFO: Run Behavior\ContentReplaceBehavior [ RunTime:0.000044s ]
INFO: [ template_filter ] --END-- [ RunTime:0.000069s ]
NOTIC: [8] Undefined index: list /Users/tanchangwei/www/Phebe/Application/Runtime/Cache/Api/2ab3ccc235b8cd0386246e1205527a71.php 第 238 行.
NOTIC: [2] Invalid argument supplied for foreach() /Users/tanchangwei/www/Phebe/Application/Runtime/Cache/Api/2ab3ccc235b8cd0386246e1205527a71.php 第 238 行.
NOTIC: [8] Undefined index: list /Users/tanchangwei/www/Phebe/Application/Runtime/Cache/Api/2ab3ccc235b8cd0386246e1205527a71.php 第 238 行.
NOTIC: [2] Invalid argument supplied for foreach() /Users/tanchangwei/www/Phebe/Application/Runtime/Cache/Api/2ab3ccc235b8cd0386246e1205527a71.php 第 238 行.
NOTIC: [8] Undefined index: list /Users/tanchangwei/www/Phebe/Application/Runtime/Cache/Api/2ab3ccc235b8cd0386246e1205527a71.php 第 238 行.
NOTIC: [2] Invalid argument supplied for foreach() /Users/tanchangwei/www/Phebe/Application/Runtime/Cache/Api/2ab3ccc235b8cd0386246e1205527a71.php 第 238 行.
INFO: Run Behavior\ParseTemplateBehavior [ RunTime:0.003503s ]
INFO: [ view_parse ] --END-- [ RunTime:0.003527s ]
INFO: [ view_filter ] --START--
INFO: Run Behavior\WriteHtmlCacheBehavior [ RunTime:0.000085s ]
INFO: [ view_filter ] --END-- [ RunTime:0.000096s ]
INFO: [ app_end ] --START--
INFO: Run Behavior\ShowPageTraceBehavior [ RunTime:0.000321s ]
INFO: [ app_end ] --END-- [ RunTime:0.000372s ]

[ 2016-11-23T15:17:51+08:00 ] 127.0.0.1 /api/index/accument
INFO: [ app_init ] --START--
INFO: Run Behavior\BuildLiteBehavior [ RunTime:0.000005s ]
INFO: [ app_init ] --END-- [ RunTime:0.000141s ]
INFO: [ app_begin ] --START--
INFO: Run Behavior\ReadHtmlCacheBehavior [ RunTime:0.000189s ]
INFO: [ app_begin ] --END-- [ RunTime:0.000208s ]
INFO: [ view_parse ] --START--
INFO: [ template_filter ] --START--
INFO: Run Behavior\ContentReplaceBehavior [ RunTime:0.000045s ]
INFO: [ template_filter ] --END-- [ RunTime:0.000069s ]
NOTIC: [8] Undefined index: list /Users/tanchangwei/www/Phebe/Application/Runtime/Cache/Api/2ab3ccc235b8cd0386246e1205527a71.php 第 238 行.
NOTIC: [2] Invalid argument supplied for foreach() /Users/tanchangwei/www/Phebe/Application/Runtime/Cache/Api/2ab3ccc235b8cd0386246e1205527a71.php 第 238 行.
NOTIC: [8] Undefined index: list /Users/tanchangwei/www/Phebe/Application/Runtime/Cache/Api/2ab3ccc235b8cd0386246e1205527a71.php 第 238 行.
NOTIC: [2] Invalid argument supplied for foreach() /Users/tanchangwei/www/Phebe/Application/Runtime/Cache/Api/2ab3ccc235b8cd0386246e1205527a71.php 第 238 行.
NOTIC: [8] Undefined index: list /Users/tanchangwei/www/Phebe/Application/Runtime/Cache/Api/2ab3ccc235b8cd0386246e1205527a71.php 第 238 行.
NOTIC: [2] Invalid argument supplied for foreach() /Users/tanchangwei/www/Phebe/Application/Runtime/Cache/Api/2ab3ccc235b8cd0386246e1205527a71.php 第 238 行.
INFO: Run Behavior\ParseTemplateBehavior [ RunTime:0.003835s ]
INFO: [ view_parse ] --END-- [ RunTime:0.003852s ]
INFO: [ view_filter ] --START--
INFO: Run Behavior\WriteHtmlCacheBehavior [ RunTime:0.000076s ]
INFO: [ view_filter ] --END-- [ RunTime:0.000088s ]
INFO: [ app_end ] --START--
INFO: Run Behavior\ShowPageTraceBehavior [ RunTime:0.000445s ]
INFO: [ app_end ] --END-- [ RunTime:0.000479s ]

[ 2016-11-23T15:59:01+08:00 ] 127.0.0.1 /api/index/
INFO: [ app_init ] --START--
INFO: Run Behavior\BuildLiteBehavior [ RunTime:0.000015s ]
INFO: [ app_init ] --END-- [ RunTime:0.000673s ]
INFO: [ app_begin ] --START--
INFO: Run Behavior\ReadHtmlCacheBehavior [ RunTime:0.001008s ]
INFO: [ app_begin ] --END-- [ RunTime:0.001279s ]
SQL: SHOW COLUMNS FROM `p_users` [ RunTime:0.0026s ]
SQL: SELECT * FROM `p_users` WHERE `is_checked` = 1 AND `openid` = null LIMIT 1   [ RunTime:0.0003s ]

[ 2016-11-23T16:12:31+08:00 ] 127.0.0.1 /Api/index/get_agency_lists
INFO: [ app_init ] --START--
INFO: Run Behavior\BuildLiteBehavior [ RunTime:0.000042s ]
INFO: [ app_init ] --END-- [ RunTime:0.000924s ]
INFO: [ app_begin ] --START--
INFO: Run Behavior\ReadHtmlCacheBehavior [ RunTime:0.000505s ]
INFO: [ app_begin ] --END-- [ RunTime:0.000542s ]
SQL: SHOW COLUMNS FROM `p_agency` [ RunTime:0.0028s ]
SQL: SELECT `id`,`name` FROM `p_agency` WHERE `status` = 1 ORDER BY ag_id DESC LIMIT 0,20   [ RunTime:0.0006s ]

[ 2016-11-23T16:12:33+08:00 ] 127.0.0.1 /Api/index/
INFO: [ app_init ] --START--
INFO: Run Behavior\BuildLiteBehavior [ RunTime:0.000005s ]
INFO: [ app_init ] --END-- [ RunTime:0.000141s ]
INFO: [ app_begin ] --START--
INFO: Run Behavior\ReadHtmlCacheBehavior [ RunTime:0.000177s ]
INFO: [ app_begin ] --END-- [ RunTime:0.000195s ]
SQL: SHOW COLUMNS FROM `p_advert` [ RunTime:0.0012s ]
SQL: SELECT * FROM `p_advert` WHERE `type` = 1 AND `status` = 1 ORDER BY sort ASC,id DESC LIMIT 0,20   [ RunTime:0.0003s ]
SQL: SELECT * FROM `p_advert` WHERE `type` = 2 AND `status` = 1 ORDER BY sort ASC,id DESC LIMIT 0,20   [ RunTime:0.0001s ]

[ 2016-11-23T16:15:52+08:00 ] 127.0.0.1 /Api/index/
INFO: [ app_init ] --START--
INFO: Run Behavior\BuildLiteBehavior [ RunTime:0.000006s ]
INFO: [ app_init ] --END-- [ RunTime:0.000163s ]
INFO: [ app_begin ] --START--
INFO: Run Behavior\ReadHtmlCacheBehavior [ RunTime:0.000189s ]
INFO: [ app_begin ] --END-- [ RunTime:0.000207s ]
SQL: SHOW COLUMNS FROM `p_advert` [ RunTime:0.0026s ]
SQL: SELECT `name`,`desc`,`img`,`ext`,`skip_content` FROM `p_advert` WHERE `type` = 1 AND `status` = 1 ORDER BY sort ASC,id DESC LIMIT 0,20   [ RunTime:0.0004s ]
SQL: SELECT `name`,`desc`,`img`,`ext`,`skip_content` FROM `p_advert` WHERE `type` = 2 AND `status` = 1 ORDER BY sort ASC,id DESC LIMIT 0,20   [ RunTime:0.0004s ]

[ 2016-11-23T16:17:11+08:00 ] 127.0.0.1 /Api/index/
INFO: [ app_init ] --START--
INFO: Run Behavior\BuildLiteBehavior [ RunTime:0.000007s ]
INFO: [ app_init ] --END-- [ RunTime:0.000150s ]
INFO: [ app_begin ] --START--
INFO: Run Behavior\ReadHtmlCacheBehavior [ RunTime:0.000185s ]
INFO: [ app_begin ] --END-- [ RunTime:0.000205s ]
SQL: SHOW COLUMNS FROM `p_advert` [ RunTime:0.0017s ]
SQL: SELECT `name`,`desc`,`img`,`ext`,`skip_content` FROM `p_advert` WHERE `type` = 1 AND `status` = 1 ORDER BY sort ASC,id DESC LIMIT 0,20   [ RunTime:0.0002s ]
SQL: SELECT `name`,`desc`,`img`,`ext`,`skip_content` FROM `p_advert` WHERE `type` = 2 AND `status` = 1 ORDER BY sort ASC,id DESC LIMIT 0,20   [ RunTime:0.0001s ]

[ 2016-11-23T16:18:28+08:00 ] 127.0.0.1 /Api/index/
INFO: [ app_init ] --START--
INFO: Run Behavior\BuildLiteBehavior [ RunTime:0.000006s ]
INFO: [ app_init ] --END-- [ RunTime:0.000170s ]
INFO: [ app_begin ] --START--
INFO: Run Behavior\ReadHtmlCacheBehavior [ RunTime:0.000204s ]
INFO: [ app_begin ] --END-- [ RunTime:0.000225s ]
ERR: syntax error, unexpected 'unset' (T_UNSET)

[ 2016-11-23T16:18:39+08:00 ] 127.0.0.1 /Api/index/
INFO: [ app_init ] --START--
INFO: Run Behavior\BuildLiteBehavior [ RunTime:0.000005s ]
INFO: [ app_init ] --END-- [ RunTime:0.000162s ]
INFO: [ app_begin ] --START--
INFO: Run Behavior\ReadHtmlCacheBehavior [ RunTime:0.000199s ]
INFO: [ app_begin ] --END-- [ RunTime:0.000218s ]
ERR: syntax error, unexpected 'unset' (T_UNSET)

[ 2016-11-23T16:18:40+08:00 ] 127.0.0.1 /Api/index/
INFO: [ app_init ] --START--
INFO: Run Behavior\BuildLiteBehavior [ RunTime:0.000006s ]
INFO: [ app_init ] --END-- [ RunTime:0.000225s ]
INFO: [ app_begin ] --START--
INFO: Run Behavior\ReadHtmlCacheBehavior [ RunTime:0.000195s ]
INFO: [ app_begin ] --END-- [ RunTime:0.000213s ]
ERR: syntax error, unexpected 'unset' (T_UNSET)

[ 2016-11-23T16:18:47+08:00 ] 127.0.0.1 /Api/index/
INFO: [ app_init ] --START--
INFO: Run Behavior\BuildLiteBehavior [ RunTime:0.000005s ]
INFO: [ app_init ] --END-- [ RunTime:0.000149s ]
INFO: [ app_begin ] --START--
INFO: Run Behavior\ReadHtmlCacheBehavior [ RunTime:0.000186s ]
INFO: [ app_begin ] --END-- [ RunTime:0.000203s ]
ERR: syntax error, unexpected 'unset' (T_UNSET)

[ 2016-11-23T16:18:48+08:00 ] 127.0.0.1 /Api/index/
INFO: [ app_init ] --START--
INFO: Run Behavior\BuildLiteBehavior [ RunTime:0.000006s ]
INFO: [ app_init ] --END-- [ RunTime:0.000147s ]
INFO: [ app_begin ] --START--
INFO: Run Behavior\ReadHtmlCacheBehavior [ RunTime:0.000184s ]
INFO: [ app_begin ] --END-- [ RunTime:0.000202s ]
ERR: syntax error, unexpected 'unset' (T_UNSET)

[ 2016-11-23T16:18:58+08:00 ] 127.0.0.1 /Api/index/
INFO: [ app_init ] --START--
INFO: Run Behavior\BuildLiteBehavior [ RunTime:0.000006s ]
INFO: [ app_init ] --END-- [ RunTime:0.000154s ]
INFO: [ app_begin ] --START--
INFO: Run Behavior\ReadHtmlCacheBehavior [ RunTime:0.000300s ]
INFO: [ app_begin ] --END-- [ RunTime:0.000340s ]
ERR: syntax error, unexpected 'unset' (T_UNSET)

[ 2016-11-23T16:19:22+08:00 ] 127.0.0.1 /Api/index/
INFO: [ app_init ] --START--
INFO: Run Behavior\BuildLiteBehavior [ RunTime:0.000006s ]
INFO: [ app_init ] --END-- [ RunTime:0.000157s ]
INFO: [ app_begin ] --START--
INFO: Run Behavior\ReadHtmlCacheBehavior [ RunTime:0.000210s ]
INFO: [ app_begin ] --END-- [ RunTime:0.000234s ]
SQL: SHOW COLUMNS FROM `p_advert` [ RunTime:0.0019s ]
SQL: SELECT `name`,`desc`,`img`,`ext`,`skip_content` FROM `p_advert` WHERE `type` = 1 AND `status` = 1 ORDER BY sort ASC,id DESC LIMIT 0,20   [ RunTime:0.0002s ]
SQL: SELECT `name`,`desc`,`img`,`ext`,`skip_content` FROM `p_advert` WHERE `type` = 2 AND `status` = 1 ORDER BY sort ASC,id DESC LIMIT 0,20   [ RunTime:0.0001s ]

[ 2016-11-23T16:19:49+08:00 ] 127.0.0.1 /Api/index/
INFO: [ app_init ] --START--
INFO: Run Behavior\BuildLiteBehavior [ RunTime:0.000012s ]
INFO: [ app_init ] --END-- [ RunTime:0.000411s ]
INFO: [ app_begin ] --START--
INFO: Run Behavior\ReadHtmlCacheBehavior [ RunTime:0.000234s ]
INFO: [ app_begin ] --END-- [ RunTime:0.000274s ]
SQL: SHOW COLUMNS FROM `p_advert` [ RunTime:0.0027s ]
SQL: SELECT `name`,`desc`,`img`,`ext`,`skip_content` FROM `p_advert` WHERE `type` = 1 AND `status` = 1 ORDER BY sort ASC,id DESC LIMIT 0,20   [ RunTime:0.0005s ]
SQL: SELECT `name`,`desc`,`img`,`ext`,`skip_content` FROM `p_advert` WHERE `type` = 2 AND `status` = 1 ORDER BY sort ASC,id DESC LIMIT 0,20   [ RunTime:0.0002s ]

[ 2016-11-23T16:20:05+08:00 ] 127.0.0.1 /Api/index/
INFO: [ app_init ] --START--
INFO: Run Behavior\BuildLiteBehavior [ RunTime:0.000018s ]
INFO: [ app_init ] --END-- [ RunTime:0.000334s ]
INFO: [ app_begin ] --START--
INFO: Run Behavior\ReadHtmlCacheBehavior [ RunTime:0.000270s ]
INFO: [ app_begin ] --END-- [ RunTime:0.000303s ]
SQL: SHOW COLUMNS FROM `p_advert` [ RunTime:0.0020s ]
SQL: SELECT `name`,`desc`,`img`,`ext`,`skip_content` FROM `p_advert` WHERE `type` = 1 AND `status` = 1 ORDER BY sort ASC,id DESC LIMIT 0,20   [ RunTime:0.0002s ]
SQL: SELECT `name`,`desc`,`img`,`ext`,`skip_content` FROM `p_advert` WHERE `type` = 2 AND `status` = 1 ORDER BY sort ASC,id DESC LIMIT 0,20   [ RunTime:0.0001s ]

[ 2016-11-23T16:20:20+08:00 ] 127.0.0.1 /Api/index/
INFO: [ app_init ] --START--
INFO: Run Behavior\BuildLiteBehavior [ RunTime:0.000005s ]
INFO: [ app_init ] --END-- [ RunTime:0.000161s ]
INFO: [ app_begin ] --START--
INFO: Run Behavior\ReadHtmlCacheBehavior [ RunTime:0.001052s ]
INFO: [ app_begin ] --END-- [ RunTime:0.001102s ]
SQL: SHOW COLUMNS FROM `p_advert` [ RunTime:0.0024s ]
SQL: SELECT `name`,`desc`,`img`,`ext`,`skip_content` FROM `p_advert` WHERE `type` = 1 AND `status` = 1 ORDER BY sort ASC,id DESC LIMIT 0,20   [ RunTime:0.0003s ]
SQL: SELECT `name`,`desc`,`img`,`ext`,`skip_content` FROM `p_advert` WHERE `type` = 2 AND `status` = 1 ORDER BY sort ASC,id DESC LIMIT 0,20   [ RunTime:0.0001s ]

[ 2016-11-23T16:25:40+08:00 ] 127.0.0.1 /Api/index/
INFO: [ app_init ] --START--
INFO: Run Behavior\BuildLiteBehavior [ RunTime:0.000008s ]
INFO: [ app_init ] --END-- [ RunTime:0.000306s ]
INFO: [ app_begin ] --START--
INFO: Run Behavior\ReadHtmlCacheBehavior [ RunTime:0.000219s ]
INFO: [ app_begin ] --END-- [ RunTime:0.000244s ]
SQL: SHOW COLUMNS FROM `p_advert` [ RunTime:0.0020s ]
SQL: SELECT `name`,`desc`,`img`,`ext`,`skip_content` FROM `p_advert` WHERE `type` = 1 AND `status` = 1 ORDER BY sort ASC,id DESC LIMIT 0,20   [ RunTime:0.0002s ]
SQL: SELECT `name`,`desc`,`img`,`ext`,`skip_content` FROM `p_advert` WHERE `type` = 2 AND `status` = 1 ORDER BY sort ASC,id DESC LIMIT 0,20   [ RunTime:0.0001s ]

[ 2016-11-23T16:25:59+08:00 ] 127.0.0.1 /api/index/accument
INFO: [ app_init ] --START--
INFO: Run Behavior\BuildLiteBehavior [ RunTime:0.000006s ]
INFO: [ app_init ] --END-- [ RunTime:0.000143s ]
INFO: [ app_begin ] --START--
INFO: Run Behavior\ReadHtmlCacheBehavior [ RunTime:0.000179s ]
INFO: [ app_begin ] --END-- [ RunTime:0.000196s ]
INFO: [ view_parse ] --START--
INFO: [ template_filter ] --START--
INFO: Run Behavior\ContentReplaceBehavior [ RunTime:0.000077s ]
INFO: [ template_filter ] --END-- [ RunTime:0.000141s ]
NOTIC: [8] Undefined index: list /Users/tanchangwei/www/Phebe/Application/Runtime/Cache/Api/2ab3ccc235b8cd0386246e1205527a71.php 第 238 行.
NOTIC: [2] Invalid argument supplied for foreach() /Users/tanchangwei/www/Phebe/Application/Runtime/Cache/Api/2ab3ccc235b8cd0386246e1205527a71.php 第 238 行.
NOTIC: [8] Undefined index: list /Users/tanchangwei/www/Phebe/Application/Runtime/Cache/Api/2ab3ccc235b8cd0386246e1205527a71.php 第 238 行.
NOTIC: [2] Invalid argument supplied for foreach() /Users/tanchangwei/www/Phebe/Application/Runtime/Cache/Api/2ab3ccc235b8cd0386246e1205527a71.php 第 238 行.
NOTIC: [8] Undefined index: list /Users/tanchangwei/www/Phebe/Application/Runtime/Cache/Api/2ab3ccc235b8cd0386246e1205527a71.php 第 238 行.
NOTIC: [2] Invalid argument supplied for foreach() /Users/tanchangwei/www/Phebe/Application/Runtime/Cache/Api/2ab3ccc235b8cd0386246e1205527a71.php 第 238 行.
NOTIC: [8] Undefined index: list /Users/tanchangwei/www/Phebe/Application/Runtime/Cache/Api/2ab3ccc235b8cd0386246e1205527a71.php 第 238 行.
NOTIC: [2] Invalid argument supplied for foreach() /Users/tanchangwei/www/Phebe/Application/Runtime/Cache/Api/2ab3ccc235b8cd0386246e1205527a71.php 第 238 行.
INFO: Run Behavior\ParseTemplateBehavior [ RunTime:0.008088s ]
INFO: [ view_parse ] --END-- [ RunTime:0.008108s ]
INFO: [ view_filter ] --START--
INFO: Run Behavior\WriteHtmlCacheBehavior [ RunTime:0.000327s ]
INFO: [ view_filter ] --END-- [ RunTime:0.000350s ]
INFO: [ app_end ] --START--
INFO: Run Behavior\ShowPageTraceBehavior [ RunTime:0.000607s ]
INFO: [ app_end ] --END-- [ RunTime:0.000636s ]

[ 2016-11-23T16:31:16+08:00 ] 127.0.0.1 /api/index/accument
INFO: [ app_init ] --START--
INFO: Run Behavior\BuildLiteBehavior [ RunTime:0.000007s ]
INFO: [ app_init ] --END-- [ RunTime:0.000251s ]
INFO: [ app_begin ] --START--
INFO: Run Behavior\ReadHtmlCacheBehavior [ RunTime:0.000200s ]
INFO: [ app_begin ] --END-- [ RunTime:0.000220s ]
INFO: [ view_parse ] --START--
INFO: [ template_filter ] --START--
INFO: Run Behavior\ContentReplaceBehavior [ RunTime:0.000046s ]
INFO: [ template_filter ] --END-- [ RunTime:0.000065s ]
NOTIC: [8] Undefined index: list /Users/tanchangwei/www/Phebe/Application/Runtime/Cache/Api/2ab3ccc235b8cd0386246e1205527a71.php 第 238 行.
NOTIC: [2] Invalid argument supplied for foreach() /Users/tanchangwei/www/Phebe/Application/Runtime/Cache/Api/2ab3ccc235b8cd0386246e1205527a71.php 第 238 行.
NOTIC: [8] Undefined index: list /Users/tanchangwei/www/Phebe/Application/Runtime/Cache/Api/2ab3ccc235b8cd0386246e1205527a71.php 第 238 行.
NOTIC: [2] Invalid argument supplied for foreach() /Users/tanchangwei/www/Phebe/Application/Runtime/Cache/Api/2ab3ccc235b8cd0386246e1205527a71.php 第 238 行.
NOTIC: [8] Undefined index: list /Users/tanchangwei/www/Phebe/Application/Runtime/Cache/Api/2ab3ccc235b8cd0386246e1205527a71.php 第 238 行.
NOTIC: [2] Invalid argument supplied for foreach() /Users/tanchangwei/www/Phebe/Application/Runtime/Cache/Api/2ab3ccc235b8cd0386246e1205527a71.php 第 238 行.
NOTIC: [8] Undefined index: list /Users/tanchangwei/www/Phebe/Application/Runtime/Cache/Api/2ab3ccc235b8cd0386246e1205527a71.php 第 238 行.
NOTIC: [2] Invalid argument supplied for foreach() /Users/tanchangwei/www/Phebe/Application/Runtime/Cache/Api/2ab3ccc235b8cd0386246e1205527a71.php 第 238 行.
INFO: Run Behavior\ParseTemplateBehavior [ RunTime:0.003494s ]
INFO: [ view_parse ] --END-- [ RunTime:0.003510s ]
INFO: [ view_filter ] --START--
INFO: Run Behavior\WriteHtmlCacheBehavior [ RunTime:0.000073s ]
INFO: [ view_filter ] --END-- [ RunTime:0.000084s ]
INFO: [ app_end ] --START--
INFO: Run Behavior\ShowPageTraceBehavior [ RunTime:0.000336s ]
INFO: [ app_end ] --END-- [ RunTime:0.000356s ]

[ 2016-11-23T18:27:46+08:00 ] 127.0.0.1 /api/index/accument
INFO: [ app_init ] --START--
INFO: Run Behavior\BuildLiteBehavior [ RunTime:0.000009s ]
INFO: [ app_init ] --END-- [ RunTime:0.000242s ]
INFO: [ app_begin ] --START--
INFO: Run Behavior\ReadHtmlCacheBehavior [ RunTime:0.000325s ]
INFO: [ app_begin ] --END-- [ RunTime:0.000355s ]
INFO: [ view_parse ] --START--
INFO: [ template_filter ] --START--
INFO: Run Behavior\ContentReplaceBehavior [ RunTime:0.000045s ]
INFO: [ template_filter ] --END-- [ RunTime:0.000068s ]
NOTIC: [8] Undefined index: list /Users/tanchangwei/www/Phebe/Application/Runtime/Cache/Api/2ab3ccc235b8cd0386246e1205527a71.php 第 238 行.
NOTIC: [2] Invalid argument supplied for foreach() /Users/tanchangwei/www/Phebe/Application/Runtime/Cache/Api/2ab3ccc235b8cd0386246e1205527a71.php 第 238 行.
NOTIC: [8] Undefined index: list /Users/tanchangwei/www/Phebe/Application/Runtime/Cache/Api/2ab3ccc235b8cd0386246e1205527a71.php 第 238 行.
NOTIC: [2] Invalid argument supplied for foreach() /Users/tanchangwei/www/Phebe/Application/Runtime/Cache/Api/2ab3ccc235b8cd0386246e1205527a71.php 第 238 行.
NOTIC: [8] Undefined index: list /Users/tanchangwei/www/Phebe/Application/Runtime/Cache/Api/2ab3ccc235b8cd0386246e1205527a71.php 第 238 行.
NOTIC: [2] Invalid argument supplied for foreach() /Users/tanchangwei/www/Phebe/Application/Runtime/Cache/Api/2ab3ccc235b8cd0386246e1205527a71.php 第 238 行.
NOTIC: [8] Undefined index: list /Users/tanchangwei/www/Phebe/Application/Runtime/Cache/Api/2ab3ccc235b8cd0386246e1205527a71.php 第 238 行.
NOTIC: [2] Invalid argument supplied for foreach() /Users/tanchangwei/www/Phebe/Application/Runtime/Cache/Api/2ab3ccc235b8cd0386246e1205527a71.php 第 238 行.
INFO: Run Behavior\ParseTemplateBehavior [ RunTime:0.020595s ]
INFO: [ view_parse ] --END-- [ RunTime:0.020634s ]
INFO: [ view_filter ] --START--
INFO: Run Behavior\WriteHtmlCacheBehavior [ RunTime:0.000093s ]
INFO: [ view_filter ] --END-- [ RunTime:0.000105s ]
INFO: [ app_end ] --START--
INFO: Run Behavior\ShowPageTraceBehavior [ RunTime:0.000367s ]
INFO: [ app_end ] --END-- [ RunTime:0.000391s ]

[ 2016-11-23T18:27:48+08:00 ] 127.0.0.1 /api/index/accument
INFO: [ app_init ] --START--
INFO: Run Behavior\BuildLiteBehavior [ RunTime:0.000005s ]
INFO: [ app_init ] --END-- [ RunTime:0.000145s ]
INFO: [ app_begin ] --START--
INFO: Run Behavior\ReadHtmlCacheBehavior [ RunTime:0.000200s ]
INFO: [ app_begin ] --END-- [ RunTime:0.000219s ]
INFO: [ view_parse ] --START--
INFO: [ template_filter ] --START--
INFO: Run Behavior\ContentReplaceBehavior [ RunTime:0.000058s ]
INFO: [ template_filter ] --END-- [ RunTime:0.000107s ]
NOTIC: [8] Undefined index: list /Users/tanchangwei/www/Phebe/Application/Runtime/Cache/Api/2ab3ccc235b8cd0386246e1205527a71.php 第 238 行.
NOTIC: [2] Invalid argument supplied for foreach() /Users/tanchangwei/www/Phebe/Application/Runtime/Cache/Api/2ab3ccc235b8cd0386246e1205527a71.php 第 238 行.
NOTIC: [8] Undefined index: list /Users/tanchangwei/www/Phebe/Application/Runtime/Cache/Api/2ab3ccc235b8cd0386246e1205527a71.php 第 238 行.
NOTIC: [2] Invalid argument supplied for foreach() /Users/tanchangwei/www/Phebe/Application/Runtime/Cache/Api/2ab3ccc235b8cd0386246e1205527a71.php 第 238 行.
NOTIC: [8] Undefined index: list /Users/tanchangwei/www/Phebe/Application/Runtime/Cache/Api/2ab3ccc235b8cd0386246e1205527a71.php 第 238 行.
NOTIC: [2] Invalid argument supplied for foreach() /Users/tanchangwei/www/Phebe/Application/Runtime/Cache/Api/2ab3ccc235b8cd0386246e1205527a71.php 第 238 行.
NOTIC: [8] Undefined index: list /Users/tanchangwei/www/Phebe/Application/Runtime/Cache/Api/2ab3ccc235b8cd0386246e1205527a71.php 第 238 行.
NOTIC: [2] Invalid argument supplied for foreach() /Users/tanchangwei/www/Phebe/Application/Runtime/Cache/Api/2ab3ccc235b8cd0386246e1205527a71.php 第 238 行.
INFO: Run Behavior\ParseTemplateBehavior [ RunTime:0.004726s ]
INFO: [ view_parse ] --END-- [ RunTime:0.004754s ]
INFO: [ view_filter ] --START--
INFO: Run Behavior\WriteHtmlCacheBehavior [ RunTime:0.000203s ]
INFO: [ view_filter ] --END-- [ RunTime:0.000223s ]
INFO: [ app_end ] --START--
INFO: Run Behavior\ShowPageTraceBehavior [ RunTime:0.000392s ]
INFO: [ app_end ] --END-- [ RunTime:0.000430s ]

[ 2016-11-23T18:27:50+08:00 ] 127.0.0.1 /api/index/accument
INFO: [ app_init ] --START--
INFO: Run Behavior\BuildLiteBehavior [ RunTime:0.000016s ]
INFO: [ app_init ] --END-- [ RunTime:0.000448s ]
INFO: [ app_begin ] --START--
INFO: Run Behavior\ReadHtmlCacheBehavior [ RunTime:0.000246s ]
INFO: [ app_begin ] --END-- [ RunTime:0.000275s ]
INFO: [ view_parse ] --START--
INFO: [ template_filter ] --START--
INFO: Run Behavior\ContentReplaceBehavior [ RunTime:0.000047s ]
INFO: [ template_filter ] --END-- [ RunTime:0.000066s ]
NOTIC: [8] Undefined index: list /Users/tanchangwei/www/Phebe/Application/Runtime/Cache/Api/2ab3ccc235b8cd0386246e1205527a71.php 第 238 行.
NOTIC: [2] Invalid argument supplied for foreach() /Users/tanchangwei/www/Phebe/Application/Runtime/Cache/Api/2ab3ccc235b8cd0386246e1205527a71.php 第 238 行.
NOTIC: [8] Undefined index: list /Users/tanchangwei/www/Phebe/Application/Runtime/Cache/Api/2ab3ccc235b8cd0386246e1205527a71.php 第 238 行.
NOTIC: [2] Invalid argument supplied for foreach() /Users/tanchangwei/www/Phebe/Application/Runtime/Cache/Api/2ab3ccc235b8cd0386246e1205527a71.php 第 238 行.
NOTIC: [8] Undefined index: list /Users/tanchangwei/www/Phebe/Application/Runtime/Cache/Api/2ab3ccc235b8cd0386246e1205527a71.php 第 238 行.
NOTIC: [2] Invalid argument supplied for foreach() /Users/tanchangwei/www/Phebe/Application/Runtime/Cache/Api/2ab3ccc235b8cd0386246e1205527a71.php 第 238 行.
NOTIC: [8] Undefined index: list /Users/tanchangwei/www/Phebe/Application/Runtime/Cache/Api/2ab3ccc235b8cd0386246e1205527a71.php 第 238 行.
NOTIC: [2] Invalid argument supplied for foreach() /Users/tanchangwei/www/Phebe/Application/Runtime/Cache/Api/2ab3ccc235b8cd0386246e1205527a71.php 第 238 行.
INFO: Run Behavior\ParseTemplateBehavior [ RunTime:0.003407s ]
INFO: [ view_parse ] --END-- [ RunTime:0.003426s ]
INFO: [ view_filter ] --START--
INFO: Run Behavior\WriteHtmlCacheBehavior [ RunTime:0.000077s ]
INFO: [ view_filter ] --END-- [ RunTime:0.000089s ]
INFO: [ app_end ] --START--
INFO: Run Behavior\ShowPageTraceBehavior [ RunTime:0.000362s ]
INFO: [ app_end ] --END-- [ RunTime:0.000382s ]

[ 2016-11-23T18:27:50+08:00 ] 127.0.0.1 /api/index/accument
INFO: [ app_init ] --START--
INFO: Run Behavior\BuildLiteBehavior [ RunTime:0.000005s ]
INFO: [ app_init ] --END-- [ RunTime:0.000146s ]
INFO: [ app_begin ] --START--
INFO: Run Behavior\ReadHtmlCacheBehavior [ RunTime:0.000183s ]
INFO: [ app_begin ] --END-- [ RunTime:0.000202s ]
INFO: [ view_parse ] --START--
INFO: [ template_filter ] --START--
INFO: Run Behavior\ContentReplaceBehavior [ RunTime:0.000046s ]
INFO: [ template_filter ] --END-- [ RunTime:0.000069s ]
NOTIC: [8] Undefined index: list /Users/tanchangwei/www/Phebe/Application/Runtime/Cache/Api/2ab3ccc235b8cd0386246e1205527a71.php 第 238 行.
NOTIC: [2] Invalid argument supplied for foreach() /Users/tanchangwei/www/Phebe/Application/Runtime/Cache/Api/2ab3ccc235b8cd0386246e1205527a71.php 第 238 行.
NOTIC: [8] Undefined index: list /Users/tanchangwei/www/Phebe/Application/Runtime/Cache/Api/2ab3ccc235b8cd0386246e1205527a71.php 第 238 行.
NOTIC: [2] Invalid argument supplied for foreach() /Users/tanchangwei/www/Phebe/Application/Runtime/Cache/Api/2ab3ccc235b8cd0386246e1205527a71.php 第 238 行.
NOTIC: [8] Undefined index: list /Users/tanchangwei/www/Phebe/Application/Runtime/Cache/Api/2ab3ccc235b8cd0386246e1205527a71.php 第 238 行.
NOTIC: [2] Invalid argument supplied for foreach() /Users/tanchangwei/www/Phebe/Application/Runtime/Cache/Api/2ab3ccc235b8cd0386246e1205527a71.php 第 238 行.
NOTIC: [8] Undefined index: list /Users/tanchangwei/www/Phebe/Application/Runtime/Cache/Api/2ab3ccc235b8cd0386246e1205527a71.php 第 238 行.
NOTIC: [2] Invalid argument supplied for foreach() /Users/tanchangwei/www/Phebe/Application/Runtime/Cache/Api/2ab3ccc235b8cd0386246e1205527a71.php 第 238 行.
INFO: Run Behavior\ParseTemplateBehavior [ RunTime:0.003511s ]
INFO: [ view_parse ] --END-- [ RunTime:0.003529s ]
INFO: [ view_filter ] --START--
INFO: Run Behavior\WriteHtmlCacheBehavior [ RunTime:0.000081s ]
INFO: [ view_filter ] --END-- [ RunTime:0.000094s ]
INFO: [ app_end ] --START--
INFO: Run Behavior\ShowPageTraceBehavior [ RunTime:0.000412s ]
INFO: [ app_end ] --END-- [ RunTime:0.000436s ]

[ 2016-11-23T18:27:50+08:00 ] 127.0.0.1 /api/index/accument
INFO: [ app_init ] --START--
INFO: Run Behavior\BuildLiteBehavior [ RunTime:0.000005s ]
INFO: [ app_init ] --END-- [ RunTime:0.000158s ]
INFO: [ app_begin ] --START--
INFO: Run Behavior\ReadHtmlCacheBehavior [ RunTime:0.000194s ]
INFO: [ app_begin ] --END-- [ RunTime:0.000215s ]
INFO: [ view_parse ] --START--
INFO: [ template_filter ] --START--
INFO: Run Behavior\ContentReplaceBehavior [ RunTime:0.000049s ]
INFO: [ template_filter ] --END-- [ RunTime:0.000074s ]
NOTIC: [8] Undefined index: list /Users/tanchangwei/www/Phebe/Application/Runtime/Cache/Api/2ab3ccc235b8cd0386246e1205527a71.php 第 238 行.
NOTIC: [2] Invalid argument supplied for foreach() /Users/tanchangwei/www/Phebe/Application/Runtime/Cache/Api/2ab3ccc235b8cd0386246e1205527a71.php 第 238 行.
NOTIC: [8] Undefined index: list /Users/tanchangwei/www/Phebe/Application/Runtime/Cache/Api/2ab3ccc235b8cd0386246e1205527a71.php 第 238 行.
NOTIC: [2] Invalid argument supplied for foreach() /Users/tanchangwei/www/Phebe/Application/Runtime/Cache/Api/2ab3ccc235b8cd0386246e1205527a71.php 第 238 行.
NOTIC: [8] Undefined index: list /Users/tanchangwei/www/Phebe/Application/Runtime/Cache/Api/2ab3ccc235b8cd0386246e1205527a71.php 第 238 行.
NOTIC: [2] Invalid argument supplied for foreach() /Users/tanchangwei/www/Phebe/Application/Runtime/Cache/Api/2ab3ccc235b8cd0386246e1205527a71.php 第 238 行.
NOTIC: [8] Undefined index: list /Users/tanchangwei/www/Phebe/Application/Runtime/Cache/Api/2ab3ccc235b8cd0386246e1205527a71.php 第 238 行.
NOTIC: [2] Invalid argument supplied for foreach() /Users/tanchangwei/www/Phebe/Application/Runtime/Cache/Api/2ab3ccc235b8cd0386246e1205527a71.php 第 238 行.
INFO: Run Behavior\ParseTemplateBehavior [ RunTime:0.003872s ]
INFO: [ view_parse ] --END-- [ RunTime:0.003900s ]
INFO: [ view_filter ] --START--
INFO: Run Behavior\WriteHtmlCacheBehavior [ RunTime:0.000275s ]
INFO: [ view_filter ] --END-- [ RunTime:0.000301s ]
INFO: [ app_end ] --START--
INFO: Run Behavior\ShowPageTraceBehavior [ RunTime:0.000497s ]
INFO: [ app_end ] --END-- [ RunTime:0.000559s ]

