[ 2016-11-29T00:36:32+08:00 ] 121.42.0.67 //Api/Index
INFO: [ app_init ] --START--
INFO: Run Behavior\BuildLiteBehavior [ RunTime:0.000006s ]
INFO: [ app_init ] --END-- [ RunTime:0.000187s ]
INFO: [ app_begin ] --START--
INFO: Run Behavior\ReadHtmlCacheBehavior [ RunTime:0.000246s ]
INFO: [ app_begin ] --END-- [ RunTime:0.000274s ]
SQL: SHOW COLUMNS FROM `p_users` [ RunTime:0.0007s ]
SQL: SELECT * FROM `p_users` WHERE `is_checked` = 1 AND `openid` = '' LIMIT 1   [ RunTime:0.0002s ]
SQL: SHOW COLUMNS FROM `p_wechat_users` [ RunTime:0.0005s ]
SQL: SELECT * FROM `p_wechat_users` WHERE `openid` = '' LIMIT 1   [ RunTime:0.0002s ]

[ 2016-11-29T00:36:33+08:00 ] 121.42.0.65 //Api/Index
INFO: [ app_init ] --START--
INFO: Run Behavior\BuildLiteBehavior [ RunTime:0.000008s ]
INFO: [ app_init ] --END-- [ RunTime:0.000202s ]
INFO: [ app_begin ] --START--
INFO: Run Behavior\ReadHtmlCacheBehavior [ RunTime:0.000261s ]
INFO: [ app_begin ] --END-- [ RunTime:0.000290s ]
SQL: SHOW COLUMNS FROM `p_users` [ RunTime:0.0007s ]
SQL: SELECT * FROM `p_users` WHERE `is_checked` = 1 AND `openid` = '' LIMIT 1   [ RunTime:0.0002s ]
SQL: SHOW COLUMNS FROM `p_wechat_users` [ RunTime:0.0005s ]
SQL: SELECT * FROM `p_wechat_users` WHERE `openid` = '' LIMIT 1   [ RunTime:0.0002s ]

[ 2016-11-29T00:36:35+08:00 ] 121.42.0.66 //Api/Index
INFO: [ app_init ] --START--
INFO: Run Behavior\BuildLiteBehavior [ RunTime:0.000008s ]
INFO: [ app_init ] --END-- [ RunTime:0.000254s ]
INFO: [ app_begin ] --START--
INFO: Run Behavior\ReadHtmlCacheBehavior [ RunTime:0.000274s ]
INFO: [ app_begin ] --END-- [ RunTime:0.000303s ]
SQL: SHOW COLUMNS FROM `p_users` [ RunTime:0.0007s ]
SQL: SELECT * FROM `p_users` WHERE `is_checked` = 1 AND `openid` = '' LIMIT 1   [ RunTime:0.0003s ]
SQL: SHOW COLUMNS FROM `p_wechat_users` [ RunTime:0.0006s ]
SQL: SELECT * FROM `p_wechat_users` WHERE `openid` = '' LIMIT 1   [ RunTime:0.0002s ]

[ 2016-11-29T07:44:00+08:00 ] 124.160.213.135 //Api/Index
INFO: [ app_init ] --START--
INFO: Run Behavior\BuildLiteBehavior [ RunTime:0.000008s ]
INFO: [ app_init ] --END-- [ RunTime:0.000200s ]
INFO: [ app_begin ] --START--
INFO: Run Behavior\ReadHtmlCacheBehavior [ RunTime:0.000249s ]
INFO: [ app_begin ] --END-- [ RunTime:0.000276s ]
SQL: SHOW COLUMNS FROM `p_users` [ RunTime:0.0007s ]
SQL: SELECT * FROM `p_users` WHERE `is_checked` = 1 AND `openid` = '' LIMIT 1   [ RunTime:0.0002s ]
SQL: SHOW COLUMNS FROM `p_wechat_users` [ RunTime:0.0005s ]
SQL: SELECT * FROM `p_wechat_users` WHERE `openid` = '' LIMIT 1   [ RunTime:0.0002s ]

[ 2016-11-29T07:44:08+08:00 ] 124.160.213.135 //Api/Index/get_agency_lists
INFO: [ app_init ] --START--
INFO: Run Behavior\BuildLiteBehavior [ RunTime:0.000008s ]
INFO: [ app_init ] --END-- [ RunTime:0.000196s ]
INFO: [ app_begin ] --START--
INFO: Run Behavior\ReadHtmlCacheBehavior [ RunTime:0.000249s ]
INFO: [ app_begin ] --END-- [ RunTime:0.000274s ]
SQL: SHOW COLUMNS FROM `p_agency` [ RunTime:0.0007s ]
SQL: SELECT `id`,`name` FROM `p_agency` WHERE `status` = 1 ORDER BY ag_id DESC LIMIT 0,20   [ RunTime:0.0002s ]

[ 2016-11-29T09:56:28+08:00 ] 183.157.160.218 //Api/Index
INFO: [ app_init ] --START--
INFO: Run Behavior\BuildLiteBehavior [ RunTime:0.000007s ]
INFO: [ app_init ] --END-- [ RunTime:0.000204s ]
INFO: [ app_begin ] --START--
INFO: Run Behavior\ReadHtmlCacheBehavior [ RunTime:0.000275s ]
INFO: [ app_begin ] --END-- [ RunTime:0.000302s ]
SQL: SHOW COLUMNS FROM `p_users` [ RunTime:0.0007s ]
SQL: SELECT * FROM `p_users` WHERE `is_checked` = 1 AND `openid` = 'obvQHwgf95-5daaVueoRhXBEsI8Y' LIMIT 1   [ RunTime:0.0003s ]
SQL: SHOW COLUMNS FROM `p_advert` [ RunTime:0.0005s ]
SQL: SELECT `name`,`desc`,`img`,`ext`,`skip_content` FROM `p_advert` WHERE `type` = 1 AND `status` = 1 ORDER BY sort ASC,id DESC LIMIT 0,20   [ RunTime:0.0002s ]
SQL: SELECT `name`,`desc`,`img`,`ext`,`skip_content` FROM `p_advert` WHERE `type` = 2 AND `status` = 1 ORDER BY sort ASC,id DESC LIMIT 0,20   [ RunTime:0.0002s ]

[ 2016-11-29T09:57:35+08:00 ] 183.157.160.218 //Api/Index
INFO: [ app_init ] --START--
INFO: Run Behavior\BuildLiteBehavior [ RunTime:0.000009s ]
INFO: [ app_init ] --END-- [ RunTime:0.000222s ]
INFO: [ app_begin ] --START--
INFO: Run Behavior\ReadHtmlCacheBehavior [ RunTime:0.000320s ]
INFO: [ app_begin ] --END-- [ RunTime:0.000353s ]
SQL: SHOW COLUMNS FROM `p_users` [ RunTime:0.0009s ]
SQL: SELECT * FROM `p_users` WHERE `is_checked` = 1 AND `openid` = 'obvQHwgf95-5daaVueoRhXBEsI8Y' LIMIT 1   [ RunTime:0.0003s ]
SQL: SHOW COLUMNS FROM `p_advert` [ RunTime:0.0006s ]
SQL: SELECT `name`,`desc`,`img`,`ext`,`skip_content` FROM `p_advert` WHERE `type` = 1 AND `status` = 1 ORDER BY sort ASC,id DESC LIMIT 0,20   [ RunTime:0.0002s ]
SQL: SELECT `name`,`desc`,`img`,`ext`,`skip_content` FROM `p_advert` WHERE `type` = 2 AND `status` = 1 ORDER BY sort ASC,id DESC LIMIT 0,20   [ RunTime:0.0002s ]

[ 2016-11-29T09:58:30+08:00 ] 183.157.160.218 //Api/Index
INFO: [ app_init ] --START--
INFO: Run Behavior\BuildLiteBehavior [ RunTime:0.000008s ]
INFO: [ app_init ] --END-- [ RunTime:0.000200s ]
INFO: [ app_begin ] --START--
INFO: Run Behavior\ReadHtmlCacheBehavior [ RunTime:0.000254s ]
INFO: [ app_begin ] --END-- [ RunTime:0.000280s ]
SQL: SHOW COLUMNS FROM `p_users` [ RunTime:0.0008s ]
SQL: SELECT * FROM `p_users` WHERE `is_checked` = 1 AND `openid` = 'obvQHwgf95-5daaVueoRhXBEsI8Y' LIMIT 1   [ RunTime:0.0003s ]
SQL: SHOW COLUMNS FROM `p_advert` [ RunTime:0.0005s ]
SQL: SELECT `name`,`desc`,`img`,`ext`,`skip_content` FROM `p_advert` WHERE `type` = 1 AND `status` = 1 ORDER BY sort ASC,id DESC LIMIT 0,20   [ RunTime:0.0002s ]
SQL: SELECT `name`,`desc`,`img`,`ext`,`skip_content` FROM `p_advert` WHERE `type` = 2 AND `status` = 1 ORDER BY sort ASC,id DESC LIMIT 0,20   [ RunTime:0.0002s ]

[ 2016-11-29T09:59:17+08:00 ] 101.226.68.141 //Api/Index
INFO: [ app_init ] --START--
INFO: Run Behavior\BuildLiteBehavior [ RunTime:0.000008s ]
INFO: [ app_init ] --END-- [ RunTime:0.000198s ]
INFO: [ app_begin ] --START--
INFO: Run Behavior\ReadHtmlCacheBehavior [ RunTime:0.000263s ]
INFO: [ app_begin ] --END-- [ RunTime:0.000290s ]
SQL: SHOW COLUMNS FROM `p_users` [ RunTime:0.0007s ]
SQL: SELECT * FROM `p_users` WHERE `is_checked` = 1 AND `openid` = 'obvQHwp8Y5SxrjsDM4f8qnqoauh4' LIMIT 1   [ RunTime:0.0003s ]
SQL: SHOW COLUMNS FROM `p_advert` [ RunTime:0.0005s ]
SQL: SELECT `name`,`desc`,`img`,`ext`,`skip_content` FROM `p_advert` WHERE `type` = 1 AND `status` = 1 ORDER BY sort ASC,id DESC LIMIT 0,20   [ RunTime:0.0003s ]
SQL: SELECT `name`,`desc`,`img`,`ext`,`skip_content` FROM `p_advert` WHERE `type` = 2 AND `status` = 1 ORDER BY sort ASC,id DESC LIMIT 0,20   [ RunTime:0.0002s ]

[ 2016-11-29T11:02:16+08:00 ] 101.226.68.141 //Api/Index
INFO: [ app_init ] --START--
INFO: Run Behavior\BuildLiteBehavior [ RunTime:0.000012s ]
INFO: [ app_init ] --END-- [ RunTime:0.000246s ]
INFO: [ app_begin ] --START--
INFO: Run Behavior\ReadHtmlCacheBehavior [ RunTime:0.000283s ]
INFO: [ app_begin ] --END-- [ RunTime:0.000309s ]
SQL: SHOW COLUMNS FROM `p_users` [ RunTime:0.0007s ]
SQL: SELECT * FROM `p_users` WHERE `is_checked` = 1 AND `openid` = 'obvQHwp8Y5SxrjsDM4f8qnqoauh4' LIMIT 1   [ RunTime:0.0002s ]
SQL: SHOW COLUMNS FROM `p_advert` [ RunTime:0.0004s ]
SQL: SELECT `name`,`desc`,`img`,`ext`,`skip_content` FROM `p_advert` WHERE `type` = 1 AND `status` = 1 ORDER BY sort ASC,id DESC LIMIT 0,20   [ RunTime:0.0002s ]
SQL: SELECT `name`,`desc`,`img`,`ext`,`skip_content` FROM `p_advert` WHERE `type` = 2 AND `status` = 1 ORDER BY sort ASC,id DESC LIMIT 0,20   [ RunTime:0.0002s ]

[ 2016-11-29T11:02:56+08:00 ] 183.157.160.218 //Api/Index
INFO: [ app_init ] --START--
INFO: Run Behavior\BuildLiteBehavior [ RunTime:0.000010s ]
INFO: [ app_init ] --END-- [ RunTime:0.000235s ]
INFO: [ app_begin ] --START--
INFO: Run Behavior\ReadHtmlCacheBehavior [ RunTime:0.000268s ]
INFO: [ app_begin ] --END-- [ RunTime:0.000318s ]
SQL: SHOW COLUMNS FROM `p_users` [ RunTime:0.0008s ]
SQL: SELECT * FROM `p_users` WHERE `is_checked` = 1 AND `openid` = 'obvQHwgf95-5daaVueoRhXBEsI8Y' LIMIT 1   [ RunTime:0.0003s ]
SQL: SHOW COLUMNS FROM `p_advert` [ RunTime:0.0005s ]
SQL: SELECT `name`,`desc`,`img`,`ext`,`skip_content` FROM `p_advert` WHERE `type` = 1 AND `status` = 1 ORDER BY sort ASC,id DESC LIMIT 0,20   [ RunTime:0.0003s ]
SQL: SELECT `name`,`desc`,`img`,`ext`,`skip_content` FROM `p_advert` WHERE `type` = 2 AND `status` = 1 ORDER BY sort ASC,id DESC LIMIT 0,20   [ RunTime:0.0002s ]

[ 2016-11-29T11:03:10+08:00 ] 183.157.160.218 //Api/Index
INFO: [ app_init ] --START--
INFO: Run Behavior\BuildLiteBehavior [ RunTime:0.000011s ]
INFO: [ app_init ] --END-- [ RunTime:0.000235s ]
INFO: [ app_begin ] --START--
INFO: Run Behavior\ReadHtmlCacheBehavior [ RunTime:0.000273s ]
INFO: [ app_begin ] --END-- [ RunTime:0.000304s ]
SQL: SHOW COLUMNS FROM `p_users` [ RunTime:0.0007s ]
SQL: SELECT * FROM `p_users` WHERE `is_checked` = 1 AND `openid` = 'obvQHwgf95-5daaVueoRhXBEsI8Y' LIMIT 1   [ RunTime:0.0003s ]
SQL: SHOW COLUMNS FROM `p_advert` [ RunTime:0.0005s ]
SQL: SELECT `name`,`desc`,`img`,`ext`,`skip_content` FROM `p_advert` WHERE `type` = 1 AND `status` = 1 ORDER BY sort ASC,id DESC LIMIT 0,20   [ RunTime:0.0003s ]
SQL: SELECT `name`,`desc`,`img`,`ext`,`skip_content` FROM `p_advert` WHERE `type` = 2 AND `status` = 1 ORDER BY sort ASC,id DESC LIMIT 0,20   [ RunTime:0.0002s ]

[ 2016-11-29T11:17:36+08:00 ] 183.157.160.218 //Api/Index
INFO: [ app_init ] --START--
INFO: Run Behavior\BuildLiteBehavior [ RunTime:0.000008s ]
INFO: [ app_init ] --END-- [ RunTime:0.000206s ]
INFO: [ app_begin ] --START--
INFO: Run Behavior\ReadHtmlCacheBehavior [ RunTime:0.000459s ]
INFO: [ app_begin ] --END-- [ RunTime:0.000488s ]
SQL: SHOW COLUMNS FROM `p_users` [ RunTime:0.0009s ]
SQL: SELECT * FROM `p_users` WHERE `is_checked` = 1 AND `openid` = 'obvQHwgf95-5daaVueoRhXBEsI8Y' LIMIT 1   [ RunTime:0.0003s ]
SQL: SHOW COLUMNS FROM `p_advert` [ RunTime:0.0006s ]
SQL: SELECT `name`,`desc`,`img`,`ext`,`skip_content` FROM `p_advert` WHERE `type` = 1 AND `status` = 1 ORDER BY sort ASC,id DESC LIMIT 0,20   [ RunTime:0.0003s ]
SQL: SELECT `name`,`desc`,`img`,`ext`,`skip_content` FROM `p_advert` WHERE `type` = 2 AND `status` = 1 ORDER BY sort ASC,id DESC LIMIT 0,20   [ RunTime:0.0002s ]

[ 2016-11-29T11:17:47+08:00 ] 183.157.160.218 //Api/Index
INFO: [ app_init ] --START--
INFO: Run Behavior\BuildLiteBehavior [ RunTime:0.000008s ]
INFO: [ app_init ] --END-- [ RunTime:0.000206s ]
INFO: [ app_begin ] --START--
INFO: Run Behavior\ReadHtmlCacheBehavior [ RunTime:0.000272s ]
INFO: [ app_begin ] --END-- [ RunTime:0.000298s ]
SQL: SHOW COLUMNS FROM `p_users` [ RunTime:0.0007s ]
SQL: SELECT * FROM `p_users` WHERE `is_checked` = 1 AND `openid` = 'obvQHwgf95-5daaVueoRhXBEsI8Y' LIMIT 1   [ RunTime:0.0003s ]
SQL: SHOW COLUMNS FROM `p_advert` [ RunTime:0.0006s ]
SQL: SELECT `name`,`desc`,`img`,`ext`,`skip_content` FROM `p_advert` WHERE `type` = 1 AND `status` = 1 ORDER BY sort ASC,id DESC LIMIT 0,20   [ RunTime:0.0002s ]
SQL: SELECT `name`,`desc`,`img`,`ext`,`skip_content` FROM `p_advert` WHERE `type` = 2 AND `status` = 1 ORDER BY sort ASC,id DESC LIMIT 0,20   [ RunTime:0.0002s ]

[ 2016-11-29T11:18:05+08:00 ] 101.226.68.141 //Api/Index
INFO: [ app_init ] --START--
INFO: Run Behavior\BuildLiteBehavior [ RunTime:0.000010s ]
INFO: [ app_init ] --END-- [ RunTime:0.000251s ]
INFO: [ app_begin ] --START--
INFO: Run Behavior\ReadHtmlCacheBehavior [ RunTime:0.000279s ]
INFO: [ app_begin ] --END-- [ RunTime:0.000306s ]
SQL: SHOW COLUMNS FROM `p_users` [ RunTime:0.0007s ]
SQL: SELECT * FROM `p_users` WHERE `is_checked` = 1 AND `openid` = 'obvQHwp8Y5SxrjsDM4f8qnqoauh4' LIMIT 1   [ RunTime:0.0003s ]
SQL: SHOW COLUMNS FROM `p_advert` [ RunTime:0.0004s ]
SQL: SELECT `name`,`desc`,`img`,`ext`,`skip_content` FROM `p_advert` WHERE `type` = 1 AND `status` = 1 ORDER BY sort ASC,id DESC LIMIT 0,20   [ RunTime:0.0002s ]
SQL: SELECT `name`,`desc`,`img`,`ext`,`skip_content` FROM `p_advert` WHERE `type` = 2 AND `status` = 1 ORDER BY sort ASC,id DESC LIMIT 0,20   [ RunTime:0.0002s ]

[ 2016-11-29T11:18:10+08:00 ] 183.157.160.219 //Api/Index
INFO: [ app_init ] --START--
INFO: Run Behavior\BuildLiteBehavior [ RunTime:0.000007s ]
INFO: [ app_init ] --END-- [ RunTime:0.000200s ]
INFO: [ app_begin ] --START--
INFO: Run Behavior\ReadHtmlCacheBehavior [ RunTime:0.000263s ]
INFO: [ app_begin ] --END-- [ RunTime:0.000315s ]
SQL: SHOW COLUMNS FROM `p_users` [ RunTime:0.0007s ]
SQL: SELECT * FROM `p_users` WHERE `is_checked` = 1 AND `openid` = 'obvQHwnEBZncgOKlVrV5dLq5lB5U' LIMIT 1   [ RunTime:0.0003s ]
SQL: SHOW COLUMNS FROM `p_advert` [ RunTime:0.0005s ]
SQL: SELECT `name`,`desc`,`img`,`ext`,`skip_content` FROM `p_advert` WHERE `type` = 1 AND `status` = 1 ORDER BY sort ASC,id DESC LIMIT 0,20   [ RunTime:0.0002s ]
SQL: SELECT `name`,`desc`,`img`,`ext`,`skip_content` FROM `p_advert` WHERE `type` = 2 AND `status` = 1 ORDER BY sort ASC,id DESC LIMIT 0,20   [ RunTime:0.0002s ]

[ 2016-11-29T11:54:08+08:00 ] 183.157.160.218 //Api/Index
INFO: [ app_init ] --START--
INFO: Run Behavior\BuildLiteBehavior [ RunTime:0.000012s ]
INFO: [ app_init ] --END-- [ RunTime:0.000213s ]
INFO: [ app_begin ] --START--
INFO: Run Behavior\ReadHtmlCacheBehavior [ RunTime:0.000260s ]
INFO: [ app_begin ] --END-- [ RunTime:0.000292s ]
SQL: SHOW COLUMNS FROM `p_users` [ RunTime:0.0007s ]
SQL: SELECT * FROM `p_users` WHERE `is_checked` = 1 AND `openid` = 'obvQHwgf95-5daaVueoRhXBEsI8Y' LIMIT 1   [ RunTime:0.0002s ]
SQL: SHOW COLUMNS FROM `p_advert` [ RunTime:0.0005s ]
SQL: SELECT `name`,`desc`,`img`,`ext`,`skip_content` FROM `p_advert` WHERE `type` = 1 AND `status` = 1 ORDER BY sort ASC,id DESC LIMIT 0,20   [ RunTime:0.0002s ]
SQL: SELECT `name`,`desc`,`img`,`ext`,`skip_content` FROM `p_advert` WHERE `type` = 2 AND `status` = 1 ORDER BY sort ASC,id DESC LIMIT 0,20   [ RunTime:0.0002s ]

[ 2016-11-29T11:58:52+08:00 ] 101.226.68.141 //Api/Index
INFO: [ app_init ] --START--
INFO: Run Behavior\BuildLiteBehavior [ RunTime:0.000008s ]
INFO: [ app_init ] --END-- [ RunTime:0.000226s ]
INFO: [ app_begin ] --START--
INFO: Run Behavior\ReadHtmlCacheBehavior [ RunTime:0.000287s ]
INFO: [ app_begin ] --END-- [ RunTime:0.000314s ]
SQL: SHOW COLUMNS FROM `p_users` [ RunTime:0.0007s ]
SQL: SELECT * FROM `p_users` WHERE `is_checked` = 1 AND `openid` = 'obvQHwp8Y5SxrjsDM4f8qnqoauh4' LIMIT 1   [ RunTime:0.0002s ]
SQL: SHOW COLUMNS FROM `p_advert` [ RunTime:0.0005s ]
SQL: SELECT `name`,`desc`,`img`,`ext`,`skip_content` FROM `p_advert` WHERE `type` = 1 AND `status` = 1 ORDER BY sort ASC,id DESC LIMIT 0,20   [ RunTime:0.0002s ]
SQL: SELECT `name`,`desc`,`img`,`ext`,`skip_content` FROM `p_advert` WHERE `type` = 2 AND `status` = 1 ORDER BY sort ASC,id DESC LIMIT 0,20   [ RunTime:0.0002s ]

[ 2016-11-29T12:01:18+08:00 ] 183.157.160.219 //Api/Index
INFO: [ app_init ] --START--
INFO: Run Behavior\BuildLiteBehavior [ RunTime:0.000010s ]
INFO: [ app_init ] --END-- [ RunTime:0.000211s ]
INFO: [ app_begin ] --START--
INFO: Run Behavior\ReadHtmlCacheBehavior [ RunTime:0.000300s ]
INFO: [ app_begin ] --END-- [ RunTime:0.000328s ]
SQL: SHOW COLUMNS FROM `p_users` [ RunTime:0.0007s ]
SQL: SELECT * FROM `p_users` WHERE `is_checked` = 1 AND `openid` = 'obvQHwnEBZncgOKlVrV5dLq5lB5U' LIMIT 1   [ RunTime:0.0003s ]
SQL: SHOW COLUMNS FROM `p_advert` [ RunTime:0.0005s ]
SQL: SELECT `name`,`desc`,`img`,`ext`,`skip_content` FROM `p_advert` WHERE `type` = 1 AND `status` = 1 ORDER BY sort ASC,id DESC LIMIT 0,20   [ RunTime:0.0002s ]
SQL: SELECT `name`,`desc`,`img`,`ext`,`skip_content` FROM `p_advert` WHERE `type` = 2 AND `status` = 1 ORDER BY sort ASC,id DESC LIMIT 0,20   [ RunTime:0.0002s ]

[ 2016-11-29T12:01:25+08:00 ] 183.157.160.219 //Api/Index
INFO: [ app_init ] --START--
INFO: Run Behavior\BuildLiteBehavior [ RunTime:0.000009s ]
INFO: [ app_init ] --END-- [ RunTime:0.000202s ]
INFO: [ app_begin ] --START--
INFO: Run Behavior\ReadHtmlCacheBehavior [ RunTime:0.000252s ]
INFO: [ app_begin ] --END-- [ RunTime:0.000279s ]
SQL: SHOW COLUMNS FROM `p_users` [ RunTime:0.0007s ]
SQL: SELECT * FROM `p_users` WHERE `is_checked` = 1 AND `openid` = 'obvQHwnEBZncgOKlVrV5dLq5lB5U' LIMIT 1   [ RunTime:0.0003s ]
SQL: SHOW COLUMNS FROM `p_advert` [ RunTime:0.0005s ]
SQL: SELECT `name`,`desc`,`img`,`ext`,`skip_content` FROM `p_advert` WHERE `type` = 1 AND `status` = 1 ORDER BY sort ASC,id DESC LIMIT 0,20   [ RunTime:0.0002s ]
SQL: SELECT `name`,`desc`,`img`,`ext`,`skip_content` FROM `p_advert` WHERE `type` = 2 AND `status` = 1 ORDER BY sort ASC,id DESC LIMIT 0,20   [ RunTime:0.0002s ]

[ 2016-11-29T12:01:56+08:00 ] 183.157.160.218 //Api/Index
INFO: [ app_init ] --START--
INFO: Run Behavior\BuildLiteBehavior [ RunTime:0.000017s ]
INFO: [ app_init ] --END-- [ RunTime:0.000202s ]
INFO: [ app_begin ] --START--
INFO: Run Behavior\ReadHtmlCacheBehavior [ RunTime:0.000250s ]
INFO: [ app_begin ] --END-- [ RunTime:0.000277s ]
SQL: SHOW COLUMNS FROM `p_users` [ RunTime:0.0007s ]
SQL: SELECT * FROM `p_users` WHERE `is_checked` = 1 AND `openid` = 'obvQHwgf95-5daaVueoRhXBEsI8Y' LIMIT 1   [ RunTime:0.0002s ]
SQL: SHOW COLUMNS FROM `p_advert` [ RunTime:0.0005s ]
SQL: SELECT `name`,`desc`,`img`,`ext`,`skip_content` FROM `p_advert` WHERE `type` = 1 AND `status` = 1 ORDER BY sort ASC,id DESC LIMIT 0,20   [ RunTime:0.0002s ]
SQL: SELECT `name`,`desc`,`img`,`ext`,`skip_content` FROM `p_advert` WHERE `type` = 2 AND `status` = 1 ORDER BY sort ASC,id DESC LIMIT 0,20   [ RunTime:0.0002s ]

[ 2016-11-29T12:05:11+08:00 ] 183.157.160.218 //Api/Index
INFO: [ app_init ] --START--
INFO: Run Behavior\BuildLiteBehavior [ RunTime:0.000007s ]
INFO: [ app_init ] --END-- [ RunTime:0.000200s ]
INFO: [ app_begin ] --START--
INFO: Run Behavior\ReadHtmlCacheBehavior [ RunTime:0.000256s ]
INFO: [ app_begin ] --END-- [ RunTime:0.000283s ]
SQL: SHOW COLUMNS FROM `p_users` [ RunTime:0.0007s ]
SQL: SELECT * FROM `p_users` WHERE `is_checked` = 1 AND `openid` = 'obvQHwgf95-5daaVueoRhXBEsI8Y' LIMIT 1   [ RunTime:0.0003s ]
SQL: SHOW COLUMNS FROM `p_advert` [ RunTime:0.0005s ]
SQL: SELECT `name`,`desc`,`img`,`ext`,`skip_content` FROM `p_advert` WHERE `type` = 1 AND `status` = 1 ORDER BY sort ASC,id DESC LIMIT 0,20   [ RunTime:0.0002s ]
SQL: SELECT `name`,`desc`,`img`,`ext`,`skip_content` FROM `p_advert` WHERE `type` = 2 AND `status` = 1 ORDER BY sort ASC,id DESC LIMIT 0,20   [ RunTime:0.0002s ]

[ 2016-11-29T12:05:36+08:00 ] 183.157.160.219 //Api/Index
INFO: [ app_init ] --START--
INFO: Run Behavior\BuildLiteBehavior [ RunTime:0.000012s ]
INFO: [ app_init ] --END-- [ RunTime:0.000251s ]
INFO: [ app_begin ] --START--
INFO: Run Behavior\ReadHtmlCacheBehavior [ RunTime:0.000306s ]
INFO: [ app_begin ] --END-- [ RunTime:0.000333s ]
SQL: SHOW COLUMNS FROM `p_users` [ RunTime:0.0007s ]
SQL: SELECT * FROM `p_users` WHERE `is_checked` = 1 AND `openid` = 'obvQHwnEBZncgOKlVrV5dLq5lB5U' LIMIT 1   [ RunTime:0.0002s ]
SQL: SHOW COLUMNS FROM `p_advert` [ RunTime:0.0005s ]
SQL: SELECT `name`,`desc`,`img`,`ext`,`skip_content` FROM `p_advert` WHERE `type` = 1 AND `status` = 1 ORDER BY sort ASC,id DESC LIMIT 0,20   [ RunTime:0.0002s ]
SQL: SELECT `name`,`desc`,`img`,`ext`,`skip_content` FROM `p_advert` WHERE `type` = 2 AND `status` = 1 ORDER BY sort ASC,id DESC LIMIT 0,20   [ RunTime:0.0002s ]

[ 2016-11-29T12:05:42+08:00 ] 183.157.160.219 //Api/Index
INFO: [ app_init ] --START--
INFO: Run Behavior\BuildLiteBehavior [ RunTime:0.000008s ]
INFO: [ app_init ] --END-- [ RunTime:0.000230s ]
INFO: [ app_begin ] --START--
INFO: Run Behavior\ReadHtmlCacheBehavior [ RunTime:0.000258s ]
INFO: [ app_begin ] --END-- [ RunTime:0.000286s ]
SQL: SHOW COLUMNS FROM `p_users` [ RunTime:0.0007s ]
SQL: SELECT * FROM `p_users` WHERE `is_checked` = 1 AND `openid` = 'obvQHwnEBZncgOKlVrV5dLq5lB5U' LIMIT 1   [ RunTime:0.0003s ]
SQL: SHOW COLUMNS FROM `p_advert` [ RunTime:0.0004s ]
SQL: SELECT `name`,`desc`,`img`,`ext`,`skip_content` FROM `p_advert` WHERE `type` = 1 AND `status` = 1 ORDER BY sort ASC,id DESC LIMIT 0,20   [ RunTime:0.0003s ]
SQL: SELECT `name`,`desc`,`img`,`ext`,`skip_content` FROM `p_advert` WHERE `type` = 2 AND `status` = 1 ORDER BY sort ASC,id DESC LIMIT 0,20   [ RunTime:0.0002s ]

[ 2016-11-29T12:12:59+08:00 ] 124.160.213.196 //Api/Index
INFO: [ app_init ] --START--
INFO: Run Behavior\BuildLiteBehavior [ RunTime:0.000010s ]
INFO: [ app_init ] --END-- [ RunTime:0.000237s ]
INFO: [ app_begin ] --START--
INFO: Run Behavior\ReadHtmlCacheBehavior [ RunTime:0.000275s ]
INFO: [ app_begin ] --END-- [ RunTime:0.000302s ]
SQL: SHOW COLUMNS FROM `p_users` [ RunTime:0.0007s ]
SQL: SELECT * FROM `p_users` WHERE `is_checked` = 1 AND `openid` = 'obvQHwgf95-5daaVueoRhXBEsI8Y' LIMIT 1   [ RunTime:0.0002s ]
SQL: SHOW COLUMNS FROM `p_advert` [ RunTime:0.0005s ]
SQL: SELECT `name`,`desc`,`img`,`ext`,`skip_content` FROM `p_advert` WHERE `type` = 1 AND `status` = 1 ORDER BY sort ASC,id DESC LIMIT 0,20   [ RunTime:0.0002s ]
SQL: SELECT `name`,`desc`,`img`,`ext`,`skip_content` FROM `p_advert` WHERE `type` = 2 AND `status` = 1 ORDER BY sort ASC,id DESC LIMIT 0,20   [ RunTime:0.0002s ]

[ 2016-11-29T12:15:35+08:00 ] 124.160.213.196 //Api/Index
INFO: [ app_init ] --START--
INFO: Run Behavior\BuildLiteBehavior [ RunTime:0.000007s ]
INFO: [ app_init ] --END-- [ RunTime:0.000204s ]
INFO: [ app_begin ] --START--
INFO: Run Behavior\ReadHtmlCacheBehavior [ RunTime:0.000254s ]
INFO: [ app_begin ] --END-- [ RunTime:0.000280s ]
SQL: SHOW COLUMNS FROM `p_users` [ RunTime:0.0008s ]
SQL: SELECT * FROM `p_users` WHERE `is_checked` = 1 AND `openid` = 'obvQHwgf95-5daaVueoRhXBEsI8Y' LIMIT 1   [ RunTime:0.0002s ]
SQL: SHOW COLUMNS FROM `p_advert` [ RunTime:0.0004s ]
SQL: SELECT `name`,`desc`,`img`,`ext`,`skip_content` FROM `p_advert` WHERE `type` = 1 AND `status` = 1 ORDER BY sort ASC,id DESC LIMIT 0,20   [ RunTime:0.0002s ]
SQL: SELECT `name`,`desc`,`img`,`ext`,`skip_content` FROM `p_advert` WHERE `type` = 2 AND `status` = 1 ORDER BY sort ASC,id DESC LIMIT 0,20   [ RunTime:0.0002s ]

[ 2016-11-29T12:17:08+08:00 ] 124.160.213.196 //Api/Index
INFO: [ app_init ] --START--
INFO: Run Behavior\BuildLiteBehavior [ RunTime:0.000008s ]
INFO: [ app_init ] --END-- [ RunTime:0.000210s ]
INFO: [ app_begin ] --START--
INFO: Run Behavior\ReadHtmlCacheBehavior [ RunTime:0.000251s ]
INFO: [ app_begin ] --END-- [ RunTime:0.000277s ]
SQL: SHOW COLUMNS FROM `p_users` [ RunTime:0.0007s ]
SQL: SELECT * FROM `p_users` WHERE `is_checked` = 1 AND `openid` = 'obvQHwgf95-5daaVueoRhXBEsI8Y' LIMIT 1   [ RunTime:0.0003s ]
SQL: SHOW COLUMNS FROM `p_advert` [ RunTime:0.0005s ]
SQL: SELECT `name`,`desc`,`img`,`ext`,`skip_content` FROM `p_advert` WHERE `type` = 1 AND `status` = 1 ORDER BY sort ASC,id DESC LIMIT 0,20   [ RunTime:0.0002s ]
SQL: SELECT `name`,`desc`,`img`,`ext`,`skip_content` FROM `p_advert` WHERE `type` = 2 AND `status` = 1 ORDER BY sort ASC,id DESC LIMIT 0,20   [ RunTime:0.0002s ]

[ 2016-11-29T12:18:06+08:00 ] 124.160.213.196 //Api/Index
INFO: [ app_init ] --START--
INFO: Run Behavior\BuildLiteBehavior [ RunTime:0.000007s ]
INFO: [ app_init ] --END-- [ RunTime:0.000194s ]
INFO: [ app_begin ] --START--
INFO: Run Behavior\ReadHtmlCacheBehavior [ RunTime:0.000254s ]
INFO: [ app_begin ] --END-- [ RunTime:0.000279s ]
SQL: SHOW COLUMNS FROM `p_users` [ RunTime:0.0007s ]
SQL: SELECT * FROM `p_users` WHERE `is_checked` = 1 AND `openid` = 'obvQHwgf95-5daaVueoRhXBEsI8Y' LIMIT 1   [ RunTime:0.0002s ]
SQL: SHOW COLUMNS FROM `p_advert` [ RunTime:0.0005s ]
SQL: SELECT `name`,`desc`,`img`,`ext`,`skip_content` FROM `p_advert` WHERE `type` = 1 AND `status` = 1 ORDER BY sort ASC,id DESC LIMIT 0,20   [ RunTime:0.0002s ]
SQL: SELECT `name`,`desc`,`img`,`ext`,`skip_content` FROM `p_advert` WHERE `type` = 2 AND `status` = 1 ORDER BY sort ASC,id DESC LIMIT 0,20   [ RunTime:0.0002s ]

[ 2016-11-29T13:07:09+08:00 ] 101.226.68.141 //Api/Index
INFO: [ app_init ] --START--
INFO: Run Behavior\BuildLiteBehavior [ RunTime:0.000009s ]
INFO: [ app_init ] --END-- [ RunTime:0.000228s ]
INFO: [ app_begin ] --START--
INFO: Run Behavior\ReadHtmlCacheBehavior [ RunTime:0.000319s ]
INFO: [ app_begin ] --END-- [ RunTime:0.000348s ]
SQL: SHOW COLUMNS FROM `p_users` [ RunTime:0.0007s ]
SQL: SELECT * FROM `p_users` WHERE `is_checked` = 1 AND `openid` = 'obvQHwp8Y5SxrjsDM4f8qnqoauh4' LIMIT 1   [ RunTime:0.0003s ]
SQL: SHOW COLUMNS FROM `p_advert` [ RunTime:0.0005s ]
SQL: SELECT `name`,`desc`,`img`,`ext`,`skip_content` FROM `p_advert` WHERE `type` = 1 AND `status` = 1 ORDER BY sort ASC,id DESC LIMIT 0,20   [ RunTime:0.0002s ]
SQL: SELECT `name`,`desc`,`img`,`ext`,`skip_content` FROM `p_advert` WHERE `type` = 2 AND `status` = 1 ORDER BY sort ASC,id DESC LIMIT 0,20   [ RunTime:0.0002s ]

[ 2016-11-29T13:15:23+08:00 ] 101.226.68.141 //Api/Index
INFO: [ app_init ] --START--
INFO: Run Behavior\BuildLiteBehavior [ RunTime:0.000008s ]
INFO: [ app_init ] --END-- [ RunTime:0.000195s ]
INFO: [ app_begin ] --START--
INFO: Run Behavior\ReadHtmlCacheBehavior [ RunTime:0.000297s ]
INFO: [ app_begin ] --END-- [ RunTime:0.000325s ]
SQL: SHOW COLUMNS FROM `p_users` [ RunTime:0.0009s ]
SQL: SELECT * FROM `p_users` WHERE `is_checked` = 1 AND `openid` = 'obvQHwp8Y5SxrjsDM4f8qnqoauh4' LIMIT 1   [ RunTime:0.0003s ]
SQL: SHOW COLUMNS FROM `p_advert` [ RunTime:0.0006s ]
SQL: SELECT `name`,`desc`,`img`,`ext`,`skip_content` FROM `p_advert` WHERE `type` = 1 AND `status` = 1 ORDER BY sort ASC,id DESC LIMIT 0,20   [ RunTime:0.0002s ]
SQL: SELECT `name`,`desc`,`img`,`ext`,`skip_content` FROM `p_advert` WHERE `type` = 2 AND `status` = 1 ORDER BY sort ASC,id DESC LIMIT 0,20   [ RunTime:0.0003s ]

[ 2016-11-29T15:29:38+08:00 ] 101.226.68.141 //Api/Index
INFO: [ app_init ] --START--
INFO: Run Behavior\BuildLiteBehavior [ RunTime:0.000008s ]
INFO: [ app_init ] --END-- [ RunTime:0.000238s ]
INFO: [ app_begin ] --START--
INFO: Run Behavior\ReadHtmlCacheBehavior [ RunTime:0.000265s ]
INFO: [ app_begin ] --END-- [ RunTime:0.000291s ]
SQL: SHOW COLUMNS FROM `p_users` [ RunTime:0.0006s ]
SQL: SELECT * FROM `p_users` WHERE `is_checked` = 1 AND `openid` = 'obvQHwp8Y5SxrjsDM4f8qnqoauh4' LIMIT 1   [ RunTime:0.0002s ]
SQL: SHOW COLUMNS FROM `p_advert` [ RunTime:0.0004s ]
SQL: SELECT `name`,`desc`,`img`,`ext`,`skip_content` FROM `p_advert` WHERE `type` = 1 AND `status` = 1 ORDER BY sort ASC,id DESC LIMIT 0,20   [ RunTime:0.0002s ]
SQL: SELECT `name`,`desc`,`img`,`ext`,`skip_content` FROM `p_advert` WHERE `type` = 2 AND `status` = 1 ORDER BY sort ASC,id DESC LIMIT 0,20   [ RunTime:0.0002s ]

[ 2016-11-29T17:20:45+08:00 ] 183.157.160.218 //Api/Index
INFO: [ app_init ] --START--
INFO: Run Behavior\BuildLiteBehavior [ RunTime:0.000011s ]
INFO: [ app_init ] --END-- [ RunTime:0.000230s ]
INFO: [ app_begin ] --START--
INFO: Run Behavior\ReadHtmlCacheBehavior [ RunTime:0.000248s ]
INFO: [ app_begin ] --END-- [ RunTime:0.000288s ]
SQL: SHOW COLUMNS FROM `p_users` [ RunTime:0.0007s ]
SQL: SELECT * FROM `p_users` WHERE `is_checked` = 1 AND `openid` = 'obvQHwgf95-5daaVueoRhXBEsI8Y' LIMIT 1   [ RunTime:0.0002s ]
SQL: SHOW COLUMNS FROM `p_advert` [ RunTime:0.0005s ]
SQL: SELECT `name`,`desc`,`img`,`ext`,`skip_content` FROM `p_advert` WHERE `type` = 1 AND `status` = 1 ORDER BY sort ASC,id DESC LIMIT 0,20   [ RunTime:0.0002s ]
SQL: SELECT `name`,`desc`,`img`,`ext`,`skip_content` FROM `p_advert` WHERE `type` = 2 AND `status` = 1 ORDER BY sort ASC,id DESC LIMIT 0,20   [ RunTime:0.0002s ]

[ 2016-11-29T17:49:10+08:00 ] 183.157.160.218 //Api/Index
INFO: [ app_init ] --START--
INFO: Run Behavior\BuildLiteBehavior [ RunTime:0.000009s ]
INFO: [ app_init ] --END-- [ RunTime:0.000259s ]
INFO: [ app_begin ] --START--
INFO: Run Behavior\ReadHtmlCacheBehavior [ RunTime:0.000258s ]
INFO: [ app_begin ] --END-- [ RunTime:0.000299s ]
SQL: SHOW COLUMNS FROM `p_users` [ RunTime:0.0007s ]
SQL: SELECT * FROM `p_users` WHERE `is_checked` = 1 AND `openid` = 'obvQHwgf95-5daaVueoRhXBEsI8Y' LIMIT 1   [ RunTime:0.0003s ]
SQL: SHOW COLUMNS FROM `p_advert` [ RunTime:0.0005s ]
SQL: SELECT `name`,`desc`,`img`,`ext`,`skip_content` FROM `p_advert` WHERE `type` = 1 AND `status` = 1 ORDER BY sort ASC,id DESC LIMIT 0,20   [ RunTime:0.0002s ]
SQL: SELECT `name`,`desc`,`img`,`ext`,`skip_content` FROM `p_advert` WHERE `type` = 2 AND `status` = 1 ORDER BY sort ASC,id DESC LIMIT 0,20   [ RunTime:0.0002s ]

[ 2016-11-29T18:35:57+08:00 ] 183.157.160.218 //Api/Index
INFO: [ app_init ] --START--
INFO: Run Behavior\BuildLiteBehavior [ RunTime:0.000007s ]
INFO: [ app_init ] --END-- [ RunTime:0.000225s ]
INFO: [ app_begin ] --START--
INFO: Run Behavior\ReadHtmlCacheBehavior [ RunTime:0.000265s ]
INFO: [ app_begin ] --END-- [ RunTime:0.000298s ]
SQL: SHOW COLUMNS FROM `p_users` [ RunTime:0.0007s ]
SQL: SELECT * FROM `p_users` WHERE `is_checked` = 1 AND `openid` = 'obvQHwgf95-5daaVueoRhXBEsI8Y' LIMIT 1   [ RunTime:0.0002s ]
SQL: SHOW COLUMNS FROM `p_advert` [ RunTime:0.0004s ]
SQL: SELECT `name`,`desc`,`img`,`ext`,`skip_content` FROM `p_advert` WHERE `type` = 1 AND `status` = 1 ORDER BY sort ASC,id DESC LIMIT 0,20   [ RunTime:0.0002s ]
SQL: SELECT `name`,`desc`,`img`,`ext`,`skip_content` FROM `p_advert` WHERE `type` = 2 AND `status` = 1 ORDER BY sort ASC,id DESC LIMIT 0,20   [ RunTime:0.0002s ]

[ 2016-11-29T19:00:17+08:00 ] 183.157.160.218 //Api/Index
INFO: [ app_init ] --START--
INFO: Run Behavior\BuildLiteBehavior [ RunTime:0.000008s ]
INFO: [ app_init ] --END-- [ RunTime:0.000197s ]
INFO: [ app_begin ] --START--
INFO: Run Behavior\ReadHtmlCacheBehavior [ RunTime:0.000246s ]
INFO: [ app_begin ] --END-- [ RunTime:0.000271s ]
SQL: SHOW COLUMNS FROM `p_users` [ RunTime:0.0007s ]
SQL: SELECT * FROM `p_users` WHERE `is_checked` = 1 AND `openid` = 'obvQHwgf95-5daaVueoRhXBEsI8Y' LIMIT 1   [ RunTime:0.0002s ]
SQL: SHOW COLUMNS FROM `p_advert` [ RunTime:0.0005s ]
SQL: SELECT `name`,`desc`,`img`,`ext`,`skip_content` FROM `p_advert` WHERE `type` = 1 AND `status` = 1 ORDER BY sort ASC,id DESC LIMIT 0,20   [ RunTime:0.0002s ]
SQL: SELECT `name`,`desc`,`img`,`ext`,`skip_content` FROM `p_advert` WHERE `type` = 2 AND `status` = 1 ORDER BY sort ASC,id DESC LIMIT 0,20   [ RunTime:0.0002s ]

[ 2016-11-29T19:03:29+08:00 ] 183.157.160.218 /Api/index/accument
INFO: [ app_init ] --START--
INFO: Run Behavior\BuildLiteBehavior [ RunTime:0.000012s ]
INFO: [ app_init ] --END-- [ RunTime:0.000272s ]
INFO: [ app_begin ] --START--
INFO: Run Behavior\ReadHtmlCacheBehavior [ RunTime:0.000259s ]
INFO: [ app_begin ] --END-- [ RunTime:0.000287s ]
INFO: [ view_parse ] --START--
INFO: [ template_filter ] --START--
INFO: Run Behavior\ContentReplaceBehavior [ RunTime:0.000069s ]
INFO: [ template_filter ] --END-- [ RunTime:0.000093s ]
NOTIC: [8] Undefined index: list /var/www/html/Phebe/Application/Runtime/Cache/Api/2ab3ccc235b8cd0386246e1205527a71.php 第 238 行.
NOTIC: [2] Invalid argument supplied for foreach() /var/www/html/Phebe/Application/Runtime/Cache/Api/2ab3ccc235b8cd0386246e1205527a71.php 第 238 行.
NOTIC: [8] Undefined index: list /var/www/html/Phebe/Application/Runtime/Cache/Api/2ab3ccc235b8cd0386246e1205527a71.php 第 238 行.
NOTIC: [2] Invalid argument supplied for foreach() /var/www/html/Phebe/Application/Runtime/Cache/Api/2ab3ccc235b8cd0386246e1205527a71.php 第 238 行.
NOTIC: [8] Undefined index: list /var/www/html/Phebe/Application/Runtime/Cache/Api/2ab3ccc235b8cd0386246e1205527a71.php 第 238 行.
NOTIC: [2] Invalid argument supplied for foreach() /var/www/html/Phebe/Application/Runtime/Cache/Api/2ab3ccc235b8cd0386246e1205527a71.php 第 238 行.
NOTIC: [8] Undefined index: list /var/www/html/Phebe/Application/Runtime/Cache/Api/2ab3ccc235b8cd0386246e1205527a71.php 第 238 行.
NOTIC: [2] Invalid argument supplied for foreach() /var/www/html/Phebe/Application/Runtime/Cache/Api/2ab3ccc235b8cd0386246e1205527a71.php 第 238 行.
NOTIC: [8] Undefined index: list /var/www/html/Phebe/Application/Runtime/Cache/Api/2ab3ccc235b8cd0386246e1205527a71.php 第 238 行.
NOTIC: [2] Invalid argument supplied for foreach() /var/www/html/Phebe/Application/Runtime/Cache/Api/2ab3ccc235b8cd0386246e1205527a71.php 第 238 行.
INFO: Run Behavior\ParseTemplateBehavior [ RunTime:0.006565s ]
INFO: [ view_parse ] --END-- [ RunTime:0.006585s ]
INFO: [ view_filter ] --START--
INFO: Run Behavior\WriteHtmlCacheBehavior [ RunTime:0.000100s ]
INFO: [ view_filter ] --END-- [ RunTime:0.000115s ]
INFO: [ app_end ] --START--
INFO: Run Behavior\ShowPageTraceBehavior [ RunTime:0.000528s ]
INFO: [ app_end ] --END-- [ RunTime:0.000607s ]

[ 2016-11-29T19:03:59+08:00 ] 183.157.160.218 //Api/Index
INFO: [ app_init ] --START--
INFO: Run Behavior\BuildLiteBehavior [ RunTime:0.000012s ]
INFO: [ app_init ] --END-- [ RunTime:0.000247s ]
INFO: [ app_begin ] --START--
INFO: Run Behavior\ReadHtmlCacheBehavior [ RunTime:0.000291s ]
INFO: [ app_begin ] --END-- [ RunTime:0.000316s ]
SQL: SHOW COLUMNS FROM `p_users` [ RunTime:0.0009s ]
SQL: SELECT * FROM `p_users` WHERE `is_checked` = 1 AND `openid` = 'obvQHwgf95-5daaVueoRhXBEsI8Y' LIMIT 1   [ RunTime:0.0003s ]
SQL: SHOW COLUMNS FROM `p_advert` [ RunTime:0.0005s ]
SQL: SELECT `name`,`desc`,`img`,`ext`,`skip_content` FROM `p_advert` WHERE `type` = 1 AND `status` = 1 ORDER BY sort ASC,id DESC LIMIT 0,20   [ RunTime:0.0002s ]
SQL: SELECT `name`,`desc`,`img`,`ext`,`skip_content` FROM `p_advert` WHERE `type` = 2 AND `status` = 1 ORDER BY sort ASC,id DESC LIMIT 0,20   [ RunTime:0.0002s ]

[ 2016-11-29T19:13:22+08:00 ] 183.157.160.219 //Api/Index
INFO: [ app_init ] --START--
INFO: Run Behavior\BuildLiteBehavior [ RunTime:0.000007s ]
INFO: [ app_init ] --END-- [ RunTime:0.000194s ]
INFO: [ app_begin ] --START--
INFO: Run Behavior\ReadHtmlCacheBehavior [ RunTime:0.000252s ]
INFO: [ app_begin ] --END-- [ RunTime:0.000277s ]
SQL: SHOW COLUMNS FROM `p_users` [ RunTime:0.0007s ]
SQL: SELECT * FROM `p_users` WHERE `is_checked` = 1 AND `openid` = 'obvQHwlF3Sh1CE0VclnLZO6pC0w0' LIMIT 1   [ RunTime:0.0003s ]
SQL: SHOW COLUMNS FROM `p_wechat_users` [ RunTime:0.0015s ]
SQL: SELECT * FROM `p_wechat_users` WHERE `openid` = 'obvQHwlF3Sh1CE0VclnLZO6pC0w0' LIMIT 1   [ RunTime:0.0002s ]

[ 2016-11-29T19:13:29+08:00 ] 183.157.160.219 //Api/Index
INFO: [ app_init ] --START--
INFO: Run Behavior\BuildLiteBehavior [ RunTime:0.000007s ]
INFO: [ app_init ] --END-- [ RunTime:0.000198s ]
INFO: [ app_begin ] --START--
INFO: Run Behavior\ReadHtmlCacheBehavior [ RunTime:0.000247s ]
INFO: [ app_begin ] --END-- [ RunTime:0.000272s ]
SQL: SHOW COLUMNS FROM `p_users` [ RunTime:0.0007s ]
SQL: SELECT * FROM `p_users` WHERE `is_checked` = 1 AND `openid` = 'obvQHwlF3Sh1CE0VclnLZO6pC0w0' LIMIT 1   [ RunTime:0.0004s ]
SQL: SHOW COLUMNS FROM `p_wechat_users` [ RunTime:0.0005s ]
SQL: SELECT * FROM `p_wechat_users` WHERE `openid` = 'obvQHwlF3Sh1CE0VclnLZO6pC0w0' LIMIT 1   [ RunTime:0.0002s ]

[ 2016-11-29T19:13:30+08:00 ] 183.157.160.219 //Api/Index
INFO: [ app_init ] --START--
INFO: Run Behavior\BuildLiteBehavior [ RunTime:0.000013s ]
INFO: [ app_init ] --END-- [ RunTime:0.000301s ]
INFO: [ app_begin ] --START--
INFO: Run Behavior\ReadHtmlCacheBehavior [ RunTime:0.000357s ]
INFO: [ app_begin ] --END-- [ RunTime:0.000393s ]
SQL: SHOW COLUMNS FROM `p_users` [ RunTime:0.0008s ]
SQL: SELECT * FROM `p_users` WHERE `is_checked` = 1 AND `openid` = 'obvQHwlF3Sh1CE0VclnLZO6pC0w0' LIMIT 1   [ RunTime:0.0002s ]
SQL: SHOW COLUMNS FROM `p_wechat_users` [ RunTime:0.0006s ]
SQL: SELECT * FROM `p_wechat_users` WHERE `openid` = 'obvQHwlF3Sh1CE0VclnLZO6pC0w0' LIMIT 1   [ RunTime:0.0002s ]

[ 2016-11-29T21:10:41+08:00 ] 124.160.213.197 //Api/Index
INFO: [ app_init ] --START--
INFO: Run Behavior\BuildLiteBehavior [ RunTime:0.000008s ]
INFO: [ app_init ] --END-- [ RunTime:0.000195s ]
INFO: [ app_begin ] --START--
INFO: Run Behavior\ReadHtmlCacheBehavior [ RunTime:0.000252s ]
INFO: [ app_begin ] --END-- [ RunTime:0.000277s ]
SQL: SHOW COLUMNS FROM `p_users` [ RunTime:0.0007s ]
SQL: SELECT * FROM `p_users` WHERE `is_checked` = 1 AND `openid` = '' LIMIT 1   [ RunTime:0.0003s ]
SQL: SHOW COLUMNS FROM `p_wechat_users` [ RunTime:0.0005s ]
SQL: SELECT * FROM `p_wechat_users` WHERE `openid` = '' LIMIT 1   [ RunTime:0.0002s ]

[ 2016-11-29T21:56:43+08:00 ] 180.153.163.190 /Api/index/accument
INFO: [ app_init ] --START--
INFO: Run Behavior\BuildLiteBehavior [ RunTime:0.000011s ]
INFO: [ app_init ] --END-- [ RunTime:0.000247s ]
INFO: [ app_begin ] --START--
INFO: Run Behavior\ReadHtmlCacheBehavior [ RunTime:0.000273s ]
INFO: [ app_begin ] --END-- [ RunTime:0.000300s ]
INFO: [ view_parse ] --START--
INFO: [ template_filter ] --START--
INFO: Run Behavior\ContentReplaceBehavior [ RunTime:0.000071s ]
INFO: [ template_filter ] --END-- [ RunTime:0.000101s ]
NOTIC: [8] Undefined index: list /var/www/html/Phebe/Application/Runtime/Cache/Api/2ab3ccc235b8cd0386246e1205527a71.php 第 238 行.
NOTIC: [2] Invalid argument supplied for foreach() /var/www/html/Phebe/Application/Runtime/Cache/Api/2ab3ccc235b8cd0386246e1205527a71.php 第 238 行.
NOTIC: [8] Undefined index: list /var/www/html/Phebe/Application/Runtime/Cache/Api/2ab3ccc235b8cd0386246e1205527a71.php 第 238 行.
NOTIC: [2] Invalid argument supplied for foreach() /var/www/html/Phebe/Application/Runtime/Cache/Api/2ab3ccc235b8cd0386246e1205527a71.php 第 238 行.
NOTIC: [8] Undefined index: list /var/www/html/Phebe/Application/Runtime/Cache/Api/2ab3ccc235b8cd0386246e1205527a71.php 第 238 行.
NOTIC: [2] Invalid argument supplied for foreach() /var/www/html/Phebe/Application/Runtime/Cache/Api/2ab3ccc235b8cd0386246e1205527a71.php 第 238 行.
NOTIC: [8] Undefined index: list /var/www/html/Phebe/Application/Runtime/Cache/Api/2ab3ccc235b8cd0386246e1205527a71.php 第 238 行.
NOTIC: [2] Invalid argument supplied for foreach() /var/www/html/Phebe/Application/Runtime/Cache/Api/2ab3ccc235b8cd0386246e1205527a71.php 第 238 行.
NOTIC: [8] Undefined index: list /var/www/html/Phebe/Application/Runtime/Cache/Api/2ab3ccc235b8cd0386246e1205527a71.php 第 238 行.
NOTIC: [2] Invalid argument supplied for foreach() /var/www/html/Phebe/Application/Runtime/Cache/Api/2ab3ccc235b8cd0386246e1205527a71.php 第 238 行.
INFO: Run Behavior\ParseTemplateBehavior [ RunTime:0.007036s ]
INFO: [ view_parse ] --END-- [ RunTime:0.007059s ]
INFO: [ view_filter ] --START--
INFO: Run Behavior\WriteHtmlCacheBehavior [ RunTime:0.000109s ]
INFO: [ view_filter ] --END-- [ RunTime:0.000126s ]
INFO: [ app_end ] --START--
INFO: Run Behavior\ShowPageTraceBehavior [ RunTime:0.000396s ]
INFO: [ app_end ] --END-- [ RunTime:0.000430s ]

[ 2016-11-29T21:56:55+08:00 ] 101.226.125.103 /Api/Index/accument
INFO: [ app_init ] --START--
INFO: Run Behavior\BuildLiteBehavior [ RunTime:0.000009s ]
INFO: [ app_init ] --END-- [ RunTime:0.000268s ]
INFO: [ app_begin ] --START--
INFO: Run Behavior\ReadHtmlCacheBehavior [ RunTime:0.000335s ]
INFO: [ app_begin ] --END-- [ RunTime:0.000371s ]
INFO: [ view_parse ] --START--
INFO: [ template_filter ] --START--
INFO: Run Behavior\ContentReplaceBehavior [ RunTime:0.000067s ]
INFO: [ template_filter ] --END-- [ RunTime:0.000100s ]
NOTIC: [8] Undefined index: list /var/www/html/Phebe/Application/Runtime/Cache/Api/2ab3ccc235b8cd0386246e1205527a71.php 第 238 行.
NOTIC: [2] Invalid argument supplied for foreach() /var/www/html/Phebe/Application/Runtime/Cache/Api/2ab3ccc235b8cd0386246e1205527a71.php 第 238 行.
NOTIC: [8] Undefined index: list /var/www/html/Phebe/Application/Runtime/Cache/Api/2ab3ccc235b8cd0386246e1205527a71.php 第 238 行.
NOTIC: [2] Invalid argument supplied for foreach() /var/www/html/Phebe/Application/Runtime/Cache/Api/2ab3ccc235b8cd0386246e1205527a71.php 第 238 行.
NOTIC: [8] Undefined index: list /var/www/html/Phebe/Application/Runtime/Cache/Api/2ab3ccc235b8cd0386246e1205527a71.php 第 238 行.
NOTIC: [2] Invalid argument supplied for foreach() /var/www/html/Phebe/Application/Runtime/Cache/Api/2ab3ccc235b8cd0386246e1205527a71.php 第 238 行.
NOTIC: [8] Undefined index: list /var/www/html/Phebe/Application/Runtime/Cache/Api/2ab3ccc235b8cd0386246e1205527a71.php 第 238 行.
NOTIC: [2] Invalid argument supplied for foreach() /var/www/html/Phebe/Application/Runtime/Cache/Api/2ab3ccc235b8cd0386246e1205527a71.php 第 238 行.
NOTIC: [8] Undefined index: list /var/www/html/Phebe/Application/Runtime/Cache/Api/2ab3ccc235b8cd0386246e1205527a71.php 第 238 行.
NOTIC: [2] Invalid argument supplied for foreach() /var/www/html/Phebe/Application/Runtime/Cache/Api/2ab3ccc235b8cd0386246e1205527a71.php 第 238 行.
INFO: Run Behavior\ParseTemplateBehavior [ RunTime:0.005440s ]
INFO: [ view_parse ] --END-- [ RunTime:0.005466s ]
INFO: [ view_filter ] --START--
INFO: Run Behavior\WriteHtmlCacheBehavior [ RunTime:0.000099s ]
INFO: [ view_filter ] --END-- [ RunTime:0.000116s ]
INFO: [ app_end ] --START--
INFO: Run Behavior\ShowPageTraceBehavior [ RunTime:0.000378s ]
INFO: [ app_end ] --END-- [ RunTime:0.000419s ]

[ 2016-11-29T21:57:00+08:00 ] 125.119.252.166 /Api/index/accument
INFO: [ app_init ] --START--
INFO: Run Behavior\BuildLiteBehavior [ RunTime:0.000007s ]
INFO: [ app_init ] --END-- [ RunTime:0.000205s ]
INFO: [ app_begin ] --START--
INFO: Run Behavior\ReadHtmlCacheBehavior [ RunTime:0.000271s ]
INFO: [ app_begin ] --END-- [ RunTime:0.000300s ]
INFO: [ view_parse ] --START--
INFO: [ template_filter ] --START--
INFO: Run Behavior\ContentReplaceBehavior [ RunTime:0.000060s ]
INFO: [ template_filter ] --END-- [ RunTime:0.000084s ]
NOTIC: [8] Undefined index: list /var/www/html/Phebe/Application/Runtime/Cache/Api/2ab3ccc235b8cd0386246e1205527a71.php 第 238 行.
NOTIC: [2] Invalid argument supplied for foreach() /var/www/html/Phebe/Application/Runtime/Cache/Api/2ab3ccc235b8cd0386246e1205527a71.php 第 238 行.
NOTIC: [8] Undefined index: list /var/www/html/Phebe/Application/Runtime/Cache/Api/2ab3ccc235b8cd0386246e1205527a71.php 第 238 行.
NOTIC: [2] Invalid argument supplied for foreach() /var/www/html/Phebe/Application/Runtime/Cache/Api/2ab3ccc235b8cd0386246e1205527a71.php 第 238 行.
NOTIC: [8] Undefined index: list /var/www/html/Phebe/Application/Runtime/Cache/Api/2ab3ccc235b8cd0386246e1205527a71.php 第 238 行.
NOTIC: [2] Invalid argument supplied for foreach() /var/www/html/Phebe/Application/Runtime/Cache/Api/2ab3ccc235b8cd0386246e1205527a71.php 第 238 行.
NOTIC: [8] Undefined index: list /var/www/html/Phebe/Application/Runtime/Cache/Api/2ab3ccc235b8cd0386246e1205527a71.php 第 238 行.
NOTIC: [2] Invalid argument supplied for foreach() /var/www/html/Phebe/Application/Runtime/Cache/Api/2ab3ccc235b8cd0386246e1205527a71.php 第 238 行.
NOTIC: [8] Undefined index: list /var/www/html/Phebe/Application/Runtime/Cache/Api/2ab3ccc235b8cd0386246e1205527a71.php 第 238 行.
NOTIC: [2] Invalid argument supplied for foreach() /var/www/html/Phebe/Application/Runtime/Cache/Api/2ab3ccc235b8cd0386246e1205527a71.php 第 238 行.
INFO: Run Behavior\ParseTemplateBehavior [ RunTime:0.007016s ]
INFO: [ view_parse ] --END-- [ RunTime:0.007038s ]
INFO: [ view_filter ] --START--
INFO: Run Behavior\WriteHtmlCacheBehavior [ RunTime:0.000160s ]
INFO: [ view_filter ] --END-- [ RunTime:0.000178s ]
INFO: [ app_end ] --START--
INFO: Run Behavior\ShowPageTraceBehavior [ RunTime:0.000486s ]
INFO: [ app_end ] --END-- [ RunTime:0.000540s ]

[ 2016-11-29T22:35:39+08:00 ] 125.119.252.166 //Api/Course/get_course_lists
INFO: [ app_init ] --START--
INFO: Run Behavior\BuildLiteBehavior [ RunTime:0.000007s ]
INFO: [ app_init ] --END-- [ RunTime:0.000189s ]
INFO: [ app_begin ] --START--
INFO: Run Behavior\ReadHtmlCacheBehavior [ RunTime:0.000290s ]
INFO: [ app_begin ] --END-- [ RunTime:0.000322s ]
SQL: SHOW COLUMNS FROM `p_users` [ RunTime:0.0007s ]
SQL: SELECT * FROM `p_users` WHERE `is_checked` = 1 AND `openid` = '' LIMIT 1   [ RunTime:0.0002s ]
SQL: SHOW COLUMNS FROM `p_wechat_users` [ RunTime:0.0005s ]
SQL: SELECT * FROM `p_wechat_users` WHERE `openid` = '' LIMIT 1   [ RunTime:0.0002s ]

[ 2016-11-29T22:36:04+08:00 ] 125.119.252.166 //Api/Course/get_course_lists
INFO: [ app_init ] --START--
INFO: Run Behavior\BuildLiteBehavior [ RunTime:0.000007s ]
INFO: [ app_init ] --END-- [ RunTime:0.000192s ]
INFO: [ app_begin ] --START--
INFO: Run Behavior\ReadHtmlCacheBehavior [ RunTime:0.000253s ]
INFO: [ app_begin ] --END-- [ RunTime:0.000278s ]
SQL: SHOW COLUMNS FROM `p_users` [ RunTime:0.0006s ]
SQL: SELECT * FROM `p_users` WHERE `is_checked` = 1 AND `openid` = '' LIMIT 1   [ RunTime:0.0003s ]
SQL: SHOW COLUMNS FROM `p_wechat_users` [ RunTime:0.0005s ]
SQL: SELECT * FROM `p_wechat_users` WHERE `openid` = '' LIMIT 1   [ RunTime:0.0002s ]

[ 2016-11-29T22:37:04+08:00 ] 125.119.252.166 /Api/index/accument
INFO: [ app_init ] --START--
INFO: Run Behavior\BuildLiteBehavior [ RunTime:0.000007s ]
INFO: [ app_init ] --END-- [ RunTime:0.000196s ]
INFO: [ app_begin ] --START--
INFO: Run Behavior\ReadHtmlCacheBehavior [ RunTime:0.000306s ]
INFO: [ app_begin ] --END-- [ RunTime:0.000334s ]
INFO: [ view_parse ] --START--
INFO: [ template_filter ] --START--
INFO: Run Behavior\ContentReplaceBehavior [ RunTime:0.000062s ]
INFO: [ template_filter ] --END-- [ RunTime:0.000092s ]
NOTIC: [8] Undefined index: list /var/www/html/Phebe/Application/Runtime/Cache/Api/2ab3ccc235b8cd0386246e1205527a71.php 第 238 行.
NOTIC: [2] Invalid argument supplied for foreach() /var/www/html/Phebe/Application/Runtime/Cache/Api/2ab3ccc235b8cd0386246e1205527a71.php 第 238 行.
NOTIC: [8] Undefined index: list /var/www/html/Phebe/Application/Runtime/Cache/Api/2ab3ccc235b8cd0386246e1205527a71.php 第 238 行.
NOTIC: [2] Invalid argument supplied for foreach() /var/www/html/Phebe/Application/Runtime/Cache/Api/2ab3ccc235b8cd0386246e1205527a71.php 第 238 行.
NOTIC: [8] Undefined index: list /var/www/html/Phebe/Application/Runtime/Cache/Api/2ab3ccc235b8cd0386246e1205527a71.php 第 238 行.
NOTIC: [2] Invalid argument supplied for foreach() /var/www/html/Phebe/Application/Runtime/Cache/Api/2ab3ccc235b8cd0386246e1205527a71.php 第 238 行.
NOTIC: [8] Undefined index: list /var/www/html/Phebe/Application/Runtime/Cache/Api/2ab3ccc235b8cd0386246e1205527a71.php 第 238 行.
NOTIC: [2] Invalid argument supplied for foreach() /var/www/html/Phebe/Application/Runtime/Cache/Api/2ab3ccc235b8cd0386246e1205527a71.php 第 238 行.
NOTIC: [8] Undefined index: list /var/www/html/Phebe/Application/Runtime/Cache/Api/2ab3ccc235b8cd0386246e1205527a71.php 第 238 行.
NOTIC: [2] Invalid argument supplied for foreach() /var/www/html/Phebe/Application/Runtime/Cache/Api/2ab3ccc235b8cd0386246e1205527a71.php 第 238 行.
INFO: Run Behavior\ParseTemplateBehavior [ RunTime:0.006630s ]
INFO: [ view_parse ] --END-- [ RunTime:0.006656s ]
INFO: [ view_filter ] --START--
INFO: Run Behavior\WriteHtmlCacheBehavior [ RunTime:0.000100s ]
INFO: [ view_filter ] --END-- [ RunTime:0.000117s ]
INFO: [ app_end ] --START--
INFO: Run Behavior\ShowPageTraceBehavior [ RunTime:0.000509s ]
INFO: [ app_end ] --END-- [ RunTime:0.000566s ]

[ 2016-11-29T22:37:14+08:00 ] 125.119.252.166 //Api/Course/get_course_lists
INFO: [ app_init ] --START--
INFO: Run Behavior\BuildLiteBehavior [ RunTime:0.000007s ]
INFO: [ app_init ] --END-- [ RunTime:0.000232s ]
INFO: [ app_begin ] --START--
INFO: Run Behavior\ReadHtmlCacheBehavior [ RunTime:0.000292s ]
INFO: [ app_begin ] --END-- [ RunTime:0.000320s ]
SQL: SHOW COLUMNS FROM `p_users` [ RunTime:0.0007s ]
SQL: SELECT * FROM `p_users` WHERE `is_checked` = 1 AND `openid` = '' LIMIT 1   [ RunTime:0.0003s ]
SQL: SHOW COLUMNS FROM `p_wechat_users` [ RunTime:0.0007s ]
SQL: SELECT * FROM `p_wechat_users` WHERE `openid` = '' LIMIT 1   [ RunTime:0.0002s ]

[ 2016-11-29T22:37:41+08:00 ] 125.119.252.166 /Api/index/accument
INFO: [ app_init ] --START--
INFO: Run Behavior\BuildLiteBehavior [ RunTime:0.000008s ]
INFO: [ app_init ] --END-- [ RunTime:0.000201s ]
INFO: [ app_begin ] --START--
INFO: Run Behavior\ReadHtmlCacheBehavior [ RunTime:0.000254s ]
INFO: [ app_begin ] --END-- [ RunTime:0.000281s ]
INFO: [ view_parse ] --START--
INFO: [ template_filter ] --START--
INFO: Run Behavior\ContentReplaceBehavior [ RunTime:0.000059s ]
INFO: [ template_filter ] --END-- [ RunTime:0.000083s ]
NOTIC: [8] Undefined index: list /var/www/html/Phebe/Application/Runtime/Cache/Api/2ab3ccc235b8cd0386246e1205527a71.php 第 238 行.
NOTIC: [2] Invalid argument supplied for foreach() /var/www/html/Phebe/Application/Runtime/Cache/Api/2ab3ccc235b8cd0386246e1205527a71.php 第 238 行.
NOTIC: [8] Undefined index: list /var/www/html/Phebe/Application/Runtime/Cache/Api/2ab3ccc235b8cd0386246e1205527a71.php 第 238 行.
NOTIC: [2] Invalid argument supplied for foreach() /var/www/html/Phebe/Application/Runtime/Cache/Api/2ab3ccc235b8cd0386246e1205527a71.php 第 238 行.
NOTIC: [8] Undefined index: list /var/www/html/Phebe/Application/Runtime/Cache/Api/2ab3ccc235b8cd0386246e1205527a71.php 第 238 行.
NOTIC: [2] Invalid argument supplied for foreach() /var/www/html/Phebe/Application/Runtime/Cache/Api/2ab3ccc235b8cd0386246e1205527a71.php 第 238 行.
NOTIC: [8] Undefined index: list /var/www/html/Phebe/Application/Runtime/Cache/Api/2ab3ccc235b8cd0386246e1205527a71.php 第 238 行.
NOTIC: [2] Invalid argument supplied for foreach() /var/www/html/Phebe/Application/Runtime/Cache/Api/2ab3ccc235b8cd0386246e1205527a71.php 第 238 行.
NOTIC: [8] Undefined index: list /var/www/html/Phebe/Application/Runtime/Cache/Api/2ab3ccc235b8cd0386246e1205527a71.php 第 238 行.
NOTIC: [2] Invalid argument supplied for foreach() /var/www/html/Phebe/Application/Runtime/Cache/Api/2ab3ccc235b8cd0386246e1205527a71.php 第 238 行.
INFO: Run Behavior\ParseTemplateBehavior [ RunTime:0.005303s ]
INFO: [ view_parse ] --END-- [ RunTime:0.005325s ]
INFO: [ view_filter ] --START--
INFO: Run Behavior\WriteHtmlCacheBehavior [ RunTime:0.000102s ]
INFO: [ view_filter ] --END-- [ RunTime:0.000120s ]
INFO: [ app_end ] --START--
INFO: Run Behavior\ShowPageTraceBehavior [ RunTime:0.000476s ]
INFO: [ app_end ] --END-- [ RunTime:0.000540s ]

[ 2016-11-29T22:37:47+08:00 ] 125.119.252.166 //Api/Course/get_course_lists
INFO: [ app_init ] --START--
INFO: Run Behavior\BuildLiteBehavior [ RunTime:0.000008s ]
INFO: [ app_init ] --END-- [ RunTime:0.000196s ]
INFO: [ app_begin ] --START--
INFO: Run Behavior\ReadHtmlCacheBehavior [ RunTime:0.000251s ]
INFO: [ app_begin ] --END-- [ RunTime:0.000278s ]
SQL: SHOW COLUMNS FROM `p_users` [ RunTime:0.0027s ]
SQL: SELECT * FROM `p_users` WHERE `is_checked` = 1 AND `openid` = '' LIMIT 1   [ RunTime:0.0002s ]
SQL: SHOW COLUMNS FROM `p_wechat_users` [ RunTime:0.0005s ]
SQL: SELECT * FROM `p_wechat_users` WHERE `openid` = '' LIMIT 1   [ RunTime:0.0002s ]

[ 2016-11-29T22:38:27+08:00 ] 125.119.252.166 /Api/index/accument
INFO: [ app_init ] --START--
INFO: Run Behavior\BuildLiteBehavior [ RunTime:0.000008s ]
INFO: [ app_init ] --END-- [ RunTime:0.000198s ]
INFO: [ app_begin ] --START--
INFO: Run Behavior\ReadHtmlCacheBehavior [ RunTime:0.000253s ]
INFO: [ app_begin ] --END-- [ RunTime:0.000279s ]
INFO: [ view_parse ] --START--
INFO: [ template_filter ] --START--
INFO: Run Behavior\ContentReplaceBehavior [ RunTime:0.000060s ]
INFO: [ template_filter ] --END-- [ RunTime:0.000083s ]
NOTIC: [8] Undefined index: list /var/www/html/Phebe/Application/Runtime/Cache/Api/2ab3ccc235b8cd0386246e1205527a71.php 第 238 行.
NOTIC: [2] Invalid argument supplied for foreach() /var/www/html/Phebe/Application/Runtime/Cache/Api/2ab3ccc235b8cd0386246e1205527a71.php 第 238 行.
NOTIC: [8] Undefined index: list /var/www/html/Phebe/Application/Runtime/Cache/Api/2ab3ccc235b8cd0386246e1205527a71.php 第 238 行.
NOTIC: [2] Invalid argument supplied for foreach() /var/www/html/Phebe/Application/Runtime/Cache/Api/2ab3ccc235b8cd0386246e1205527a71.php 第 238 行.
NOTIC: [8] Undefined index: list /var/www/html/Phebe/Application/Runtime/Cache/Api/2ab3ccc235b8cd0386246e1205527a71.php 第 238 行.
NOTIC: [2] Invalid argument supplied for foreach() /var/www/html/Phebe/Application/Runtime/Cache/Api/2ab3ccc235b8cd0386246e1205527a71.php 第 238 行.
NOTIC: [8] Undefined index: list /var/www/html/Phebe/Application/Runtime/Cache/Api/2ab3ccc235b8cd0386246e1205527a71.php 第 238 行.
NOTIC: [2] Invalid argument supplied for foreach() /var/www/html/Phebe/Application/Runtime/Cache/Api/2ab3ccc235b8cd0386246e1205527a71.php 第 238 行.
NOTIC: [8] Undefined index: list /var/www/html/Phebe/Application/Runtime/Cache/Api/2ab3ccc235b8cd0386246e1205527a71.php 第 238 行.
NOTIC: [2] Invalid argument supplied for foreach() /var/www/html/Phebe/Application/Runtime/Cache/Api/2ab3ccc235b8cd0386246e1205527a71.php 第 238 行.
INFO: Run Behavior\ParseTemplateBehavior [ RunTime:0.005268s ]
INFO: [ view_parse ] --END-- [ RunTime:0.005289s ]
INFO: [ view_filter ] --START--
INFO: Run Behavior\WriteHtmlCacheBehavior [ RunTime:0.000126s ]
INFO: [ view_filter ] --END-- [ RunTime:0.000143s ]
INFO: [ app_end ] --START--
INFO: Run Behavior\ShowPageTraceBehavior [ RunTime:0.000443s ]
INFO: [ app_end ] --END-- [ RunTime:0.000502s ]

[ 2016-11-29T22:38:27+08:00 ] 125.119.252.166 //Api/Course/get_course_lists
INFO: [ app_init ] --START--
INFO: Run Behavior\BuildLiteBehavior [ RunTime:0.000008s ]
INFO: [ app_init ] --END-- [ RunTime:0.000205s ]
INFO: [ app_begin ] --START--
INFO: Run Behavior\ReadHtmlCacheBehavior [ RunTime:0.000259s ]
INFO: [ app_begin ] --END-- [ RunTime:0.000286s ]
SQL: SHOW COLUMNS FROM `p_users` [ RunTime:0.0007s ]
SQL: SELECT * FROM `p_users` WHERE `is_checked` = 1 AND `openid` = '' LIMIT 1   [ RunTime:0.0002s ]
SQL: SHOW COLUMNS FROM `p_wechat_users` [ RunTime:0.0005s ]
SQL: SELECT * FROM `p_wechat_users` WHERE `openid` = '' LIMIT 1   [ RunTime:0.0002s ]

[ 2016-11-29T22:41:27+08:00 ] 125.119.252.166 //Api/Index
INFO: [ app_init ] --START--
INFO: Run Behavior\BuildLiteBehavior [ RunTime:0.000008s ]
INFO: [ app_init ] --END-- [ RunTime:0.000222s ]
INFO: [ app_begin ] --START--
INFO: Run Behavior\ReadHtmlCacheBehavior [ RunTime:0.000283s ]
INFO: [ app_begin ] --END-- [ RunTime:0.000313s ]
SQL: SHOW COLUMNS FROM `p_users` [ RunTime:0.0007s ]
SQL: SELECT * FROM `p_users` WHERE `is_checked` = 1 AND `openid` = '' LIMIT 1   [ RunTime:0.0003s ]
SQL: SHOW COLUMNS FROM `p_wechat_users` [ RunTime:0.0005s ]
SQL: SELECT * FROM `p_wechat_users` WHERE `openid` = '' LIMIT 1   [ RunTime:0.0002s ]

[ 2016-11-29T22:41:50+08:00 ] 125.119.252.166 //Api/Index
INFO: [ app_init ] --START--
INFO: Run Behavior\BuildLiteBehavior [ RunTime:0.000013s ]
INFO: [ app_init ] --END-- [ RunTime:0.000273s ]
INFO: [ app_begin ] --START--
INFO: Run Behavior\ReadHtmlCacheBehavior [ RunTime:0.000339s ]
INFO: [ app_begin ] --END-- [ RunTime:0.000371s ]
SQL: SHOW COLUMNS FROM `p_users` [ RunTime:0.0008s ]
SQL: SELECT * FROM `p_users` WHERE `is_checked` = 1 AND `openid` = '' LIMIT 1   [ RunTime:0.0003s ]
SQL: SHOW COLUMNS FROM `p_wechat_users` [ RunTime:0.0006s ]
SQL: SELECT * FROM `p_wechat_users` WHERE `openid` = '' LIMIT 1   [ RunTime:0.0002s ]

[ 2016-11-29T22:42:14+08:00 ] 125.119.252.166 //Api/Index
INFO: [ app_init ] --START--
INFO: Run Behavior\BuildLiteBehavior [ RunTime:0.000011s ]
INFO: [ app_init ] --END-- [ RunTime:0.000276s ]
INFO: [ app_begin ] --START--
INFO: Run Behavior\ReadHtmlCacheBehavior [ RunTime:0.000360s ]
INFO: [ app_begin ] --END-- [ RunTime:0.000393s ]
SQL: SHOW COLUMNS FROM `p_users` [ RunTime:0.0007s ]
SQL: SELECT * FROM `p_users` WHERE `is_checked` = 1 AND `openid` = '' LIMIT 1   [ RunTime:0.0002s ]
SQL: SHOW COLUMNS FROM `p_wechat_users` [ RunTime:0.0005s ]
SQL: SELECT * FROM `p_wechat_users` WHERE `openid` = '' LIMIT 1   [ RunTime:0.0002s ]

[ 2016-11-29T22:43:48+08:00 ] 125.119.252.166 //Api/Index
INFO: [ app_init ] --START--
INFO: Run Behavior\BuildLiteBehavior [ RunTime:0.000008s ]
INFO: [ app_init ] --END-- [ RunTime:0.000198s ]
INFO: [ app_begin ] --START--
INFO: Run Behavior\ReadHtmlCacheBehavior [ RunTime:0.000251s ]
INFO: [ app_begin ] --END-- [ RunTime:0.000277s ]
SQL: SHOW COLUMNS FROM `p_users` [ RunTime:0.0007s ]
SQL: SELECT * FROM `p_users` WHERE `is_checked` = 1 AND `openid` = '' LIMIT 1   [ RunTime:0.0002s ]
SQL: SHOW COLUMNS FROM `p_wechat_users` [ RunTime:0.0005s ]
SQL: SELECT * FROM `p_wechat_users` WHERE `openid` = '' LIMIT 1   [ RunTime:0.0002s ]

