[ 2016-11-23T11:03:00+08:00 ] 58.247.206.146 /Wechat?signature=5090e3c952cf2da19e4109d0f5a85d626c778d7e&timestamp=1479870180&nonce=538503086&openid=obvQHwgf95-5daaVueoRhXBEsI8Y
INFO: [ app_init ] --START--
INFO: Run Behavior\BuildLiteBehavior [ RunTime:0.000010s ]
INFO: [ app_init ] --END-- [ RunTime:0.000258s ]
INFO: [ app_begin ] --START--
INFO: Run Behavior\ReadHtmlCacheBehavior [ RunTime:0.000318s ]
INFO: [ app_begin ] --END-- [ RunTime:0.000360s ]
NOTIC: [8] Undefined index: HTTP_RAW_POST_DATA /var/www/html/Phebe/Application/Wechat/Controller/IndexController.class.php 第 30 行.
NOTIC: [2] file_put_contents(./log.xml): failed to open stream: Permission denied /var/www/html/Phebe/Application/Wechat/Controller/BaseController.class.php 第 77 行.
INFO: [ app_end ] --START--
INFO: Run Behavior\ShowPageTraceBehavior [ RunTime:0.000352s ]
INFO: [ app_end ] --END-- [ RunTime:0.000382s ]

[ 2016-11-23T11:04:04+08:00 ] 58.247.206.156 /Wechat?signature=5d91ae00f7564124cf76c7de54442c43312dba0e&timestamp=1479870244&nonce=1227147320&openid=obvQHwgf95-5daaVueoRhXBEsI8Y
INFO: [ app_init ] --START--
INFO: Run Behavior\BuildLiteBehavior [ RunTime:0.000011s ]
INFO: [ app_init ] --END-- [ RunTime:0.000266s ]
INFO: [ app_begin ] --START--
INFO: Run Behavior\ReadHtmlCacheBehavior [ RunTime:0.000237s ]
INFO: [ app_begin ] --END-- [ RunTime:0.000263s ]
NOTIC: [8] Undefined index: HTTP_RAW_POST_DATA /var/www/html/Phebe/Application/Wechat/Controller/IndexController.class.php 第 30 行.
NOTIC: [2] file_put_contents(./log.xml): failed to open stream: Permission denied /var/www/html/Phebe/Application/Wechat/Controller/BaseController.class.php 第 77 行.
INFO: [ app_end ] --START--
INFO: Run Behavior\ShowPageTraceBehavior [ RunTime:0.000295s ]
INFO: [ app_end ] --END-- [ RunTime:0.000319s ]

[ 2016-11-23T11:04:19+08:00 ] 58.247.206.146 /Wechat?signature=8e4f9ee4e2c8a63b6ac11433160f34af662102fa&timestamp=1479870259&nonce=652362349&openid=obvQHwgf95-5daaVueoRhXBEsI8Y
INFO: [ app_init ] --START--
INFO: Run Behavior\BuildLiteBehavior [ RunTime:0.000008s ]
INFO: [ app_init ] --END-- [ RunTime:0.000196s ]
INFO: [ app_begin ] --START--
INFO: Run Behavior\ReadHtmlCacheBehavior [ RunTime:0.000231s ]
INFO: [ app_begin ] --END-- [ RunTime:0.000257s ]
NOTIC: [8] Undefined index: HTTP_RAW_POST_DATA /var/www/html/Phebe/Application/Wechat/Controller/IndexController.class.php 第 30 行.
NOTIC: [2] file_put_contents(./log.xml): failed to open stream: Permission denied /var/www/html/Phebe/Application/Wechat/Controller/BaseController.class.php 第 77 行.
INFO: [ app_end ] --START--
INFO: Run Behavior\ShowPageTraceBehavior [ RunTime:0.000265s ]
INFO: [ app_end ] --END-- [ RunTime:0.000289s ]

